This is pdfTeX, Version 3.14159265-2.6-1.40.20 (TeX Live 2019/W32TeX) (preloaded format=pdflatex 2020.3.13)  16 MAR 2020 16:22
entering extended mode
 restricted \write18 enabled.
 %&-line parsing enabled.
**"C:/Users/LukeAustin/OneDrive - Market Operator Services Limited/Luke_Backup/
Luke/DataAnalysis/PerformanceMonitoringProject/PfmReports/2020-03/CLEARBUS-R_pf
m-report_2020-03.tex"

(c:/Users/LukeAustin/OneDrive - Market Operator Services Limited/Luke_Backup/Lu
ke/DataAnalysis/PerformanceMonitoringProject/PfmReports/2020-03/CLEARBUS-R_pfm-
report_2020-03.tex
LaTeX2e <2020-02-02> patch level 5
L3 programming layer <2020-02-25>
(c:/Users/LukeAustin/AppData/Roaming/TinyTeX/texmf-dist/tex/latex/base/article.
cls
Document Class: article 2019/12/20 v1.4l Standard LaTeX document class

(c:/Users/LukeAustin/AppData/Roaming/TinyTeX/texmf-dist/tex/latex/base/size12.c
lo
File: size12.clo 2019/12/20 v1.4l Standard LaTeX file (size option)
)
\c@part=\count167
\c@section=\count168
\c@subsection=\count169
\c@subsubsection=\count170
\c@paragraph=\count171
\c@subparagraph=\count172
\c@figure=\count173
\c@table=\count174
\abovecaptionskip=\skip47
\belowcaptionskip=\skip48
\bibindent=\dimen134
)
(c:/Users/LukeAustin/AppData/Roaming/TinyTeX/texmf-dist/tex/latex/lm/lmodern.st
y
Package: lmodern 2009/10/30 v1.6 Latin Modern Fonts
LaTeX Font Info:    Overwriting symbol font `operators' in version `normal'
(Font)                  OT1/cmr/m/n --> OT1/lmr/m/n on input line 22.
LaTeX Font Info:    Overwriting symbol font `letters' in version `normal'
(Font)                  OML/cmm/m/it --> OML/lmm/m/it on input line 23.
LaTeX Font Info:    Overwriting symbol font `symbols' in version `normal'
(Font)                  OMS/cmsy/m/n --> OMS/lmsy/m/n on input line 24.
LaTeX Font Info:    Overwriting symbol font `largesymbols' in version `normal'
(Font)                  OMX/cmex/m/n --> OMX/lmex/m/n on input line 25.
LaTeX Font Info:    Overwriting symbol font `operators' in version `bold'
(Font)                  OT1/cmr/bx/n --> OT1/lmr/bx/n on input line 26.
LaTeX Font Info:    Overwriting symbol font `letters' in version `bold'
(Font)                  OML/cmm/b/it --> OML/lmm/b/it on input line 27.
LaTeX Font Info:    Overwriting symbol font `symbols' in version `bold'
(Font)                  OMS/cmsy/b/n --> OMS/lmsy/b/n on input line 28.
LaTeX Font Info:    Overwriting symbol font `largesymbols' in version `bold'
(Font)                  OMX/cmex/m/n --> OMX/lmex/m/n on input line 29.
LaTeX Font Info:    Overwriting math alphabet `\mathbf' in version `normal'
(Font)                  OT1/cmr/bx/n --> OT1/lmr/bx/n on input line 31.
LaTeX Font Info:    Overwriting math alphabet `\mathsf' in version `normal'
(Font)                  OT1/cmss/m/n --> OT1/lmss/m/n on input line 32.
LaTeX Font Info:    Overwriting math alphabet `\mathit' in version `normal'
(Font)                  OT1/cmr/m/it --> OT1/lmr/m/it on input line 33.
LaTeX Font Info:    Overwriting math alphabet `\mathtt' in version `normal'
(Font)                  OT1/cmtt/m/n --> OT1/lmtt/m/n on input line 34.
LaTeX Font Info:    Overwriting math alphabet `\mathbf' in version `bold'
(Font)                  OT1/cmr/bx/n --> OT1/lmr/bx/n on input line 35.
LaTeX Font Info:    Overwriting math alphabet `\mathsf' in version `bold'
(Font)                  OT1/cmss/bx/n --> OT1/lmss/bx/n on input line 36.
LaTeX Font Info:    Overwriting math alphabet `\mathit' in version `bold'
(Font)                  OT1/cmr/bx/it --> OT1/lmr/bx/it on input line 37.
LaTeX Font Info:    Overwriting math alphabet `\mathtt' in version `bold'
(Font)                  OT1/cmtt/m/n --> OT1/lmtt/m/n on input line 38.
)
(c:/Users/LukeAustin/AppData/Roaming/TinyTeX/texmf-dist/tex/latex/amsfonts/amss
ymb.sty
Package: amssymb 2013/01/14 v3.01 AMS font symbols

(c:/Users/LukeAustin/AppData/Roaming/TinyTeX/texmf-dist/tex/latex/amsfonts/amsf
onts.sty
Package: amsfonts 2013/01/14 v3.01 Basic AMSFonts support
\@emptytoks=\toks15
\symAMSa=\mathgroup4
\symAMSb=\mathgroup5
LaTeX Font Info:    Redeclaring math symbol \hbar on input line 98.
LaTeX Font Info:    Overwriting math alphabet `\mathfrak' in version `bold'
(Font)                  U/euf/m/n --> U/euf/b/n on input line 106.
))
(c:/Users/LukeAustin/AppData/Roaming/TinyTeX/texmf-dist/tex/latex/amsmath/amsma
th.sty
Package: amsmath 2020/01/20 v2.17e AMS math features
\@mathmargin=\skip49
For additional information on amsmath, use the `?' option.

(c:/Users/LukeAustin/AppData/Roaming/TinyTeX/texmf-dist/tex/latex/amsmath/amste
xt.sty
Package: amstext 2000/06/29 v2.01 AMS text

(c:/Users/LukeAustin/AppData/Roaming/TinyTeX/texmf-dist/tex/latex/amsmath/amsge
n.sty
File: amsgen.sty 1999/11/30 v2.0 generic functions
\@emptytoks=\toks16
\ex@=\dimen135
))
(c:/Users/LukeAustin/AppData/Roaming/TinyTeX/texmf-dist/tex/latex/amsmath/amsbs
y.sty
Package: amsbsy 1999/11/29 v1.2d Bold Symbols
\pmbraise@=\dimen136
)
(c:/Users/LukeAustin/AppData/Roaming/TinyTeX/texmf-dist/tex/latex/amsmath/amsop
n.sty
Package: amsopn 2016/03/08 v2.02 operator names
)
\inf@bad=\count175
LaTeX Info: Redefining \frac on input line 227.
\uproot@=\count176
\leftroot@=\count177
LaTeX Info: Redefining \overline on input line 389.
\classnum@=\count178
\DOTSCASE@=\count179
LaTeX Info: Redefining \ldots on input line 486.
LaTeX Info: Redefining \dots on input line 489.
LaTeX Info: Redefining \cdots on input line 610.
\Mathstrutbox@=\box45
\strutbox@=\box46
\big@size=\dimen137
LaTeX Font Info:    Redeclaring font encoding OML on input line 733.
LaTeX Font Info:    Redeclaring font encoding OMS on input line 734.
\macc@depth=\count180
\c@MaxMatrixCols=\count181
\dotsspace@=\muskip16
\c@parentequation=\count182
\dspbrk@lvl=\count183
\tag@help=\toks17
\row@=\count184
\column@=\count185
\maxfields@=\count186
\andhelp@=\toks18
\eqnshift@=\dimen138
\alignsep@=\dimen139
\tagshift@=\dimen140
\tagwidth@=\dimen141
\totwidth@=\dimen142
\lineht@=\dimen143
\@envbody=\toks19
\multlinegap=\skip50
\multlinetaggap=\skip51
\mathdisplay@stack=\toks20
LaTeX Info: Redefining \[ on input line 2859.
LaTeX Info: Redefining \] on input line 2860.
)
(c:/Users/LukeAustin/AppData/Roaming/TinyTeX/texmf-dist/tex/generic/iftex/ifxet
ex.sty
Package: ifxetex 2019/10/25 v0.7 ifxetex legacy package. Use iftex instead.

(c:/Users/LukeAustin/AppData/Roaming/TinyTeX/texmf-dist/tex/generic/iftex/iftex
.sty
Package: iftex 2019/11/07 v1.0c TeX engine tests
))
(c:/Users/LukeAustin/AppData/Roaming/TinyTeX/texmf-dist/tex/generic/iftex/iflua
tex.sty
Package: ifluatex 2019/10/25 v1.5 ifluatex legacy package. Use iftex instead.
)
(c:/Users/LukeAustin/AppData/Roaming/TinyTeX/texmf-dist/tex/latex/base/fontenc.
sty
Package: fontenc 2020/02/11 v2.0o Standard LaTeX package
LaTeX Font Info:    Trying to load font information for T1+lmr on input line 11
2.
(c:/Users/LukeAustin/AppData/Roaming/TinyTeX/texmf-dist/tex/latex/lm/t1lmr.fd
File: t1lmr.fd 2009/10/30 v1.6 Font defs for Latin Modern
))
(c:/Users/LukeAustin/AppData/Roaming/TinyTeX/texmf-dist/tex/latex/base/inputenc
.sty
Package: inputenc 2018/08/11 v1.3c Input encoding file
\inpenc@prehook=\toks21
\inpenc@posthook=\toks22
)
(c:/Users/LukeAustin/AppData/Roaming/TinyTeX/texmf-dist/tex/latex/base/textcomp
.sty
Package: textcomp 2020/02/02 v2.0n Standard LaTeX package
)
(c:/Users/LukeAustin/AppData/Roaming/TinyTeX/texmf-dist/tex/latex/upquote/upquo
te.sty
Package: upquote 2012/04/19 v1.3 upright-quote and grave-accent glyphs in verba
tim
)
(c:/Users/LukeAustin/AppData/Roaming/TinyTeX/texmf-dist/tex/latex/xcolor/xcolor
.sty
Package: xcolor 2016/05/11 v2.12 LaTeX color extensions (UK)

(c:/Users/LukeAustin/AppData/Roaming/TinyTeX/texmf-dist/tex/latex/graphics-cfg/
color.cfg
File: color.cfg 2016/01/02 v1.6 sample color configuration
)
Package xcolor Info: Driver file: pdftex.def on input line 225.

(c:/Users/LukeAustin/AppData/Roaming/TinyTeX/texmf-dist/tex/latex/graphics-def/
pdftex.def
File: pdftex.def 2018/01/08 v1.0l Graphics/color driver for pdftex
)
(c:/Users/LukeAustin/AppData/Roaming/TinyTeX/texmf-dist/tex/latex/colortbl/colo
rtbl.sty
Package: colortbl 2020/01/04 v1.0e Color table columns (DPC)

(c:/Users/LukeAustin/AppData/Roaming/TinyTeX/texmf-dist/tex/latex/tools/array.s
ty
Package: array 2019/08/31 v2.4l Tabular extension package (FMi)
\col@sep=\dimen144
\ar@mcellbox=\box47
\extrarowheight=\dimen145
\NC@list=\toks23
\extratabsurround=\skip52
\backup@length=\skip53
\ar@cellbox=\box48
)
\everycr=\toks24
\minrowclearance=\skip54
)
\rownum=\count187
Package xcolor Info: Model `cmy' substituted by `cmy0' on input line 1348.
Package xcolor Info: Model `hsb' substituted by `rgb' on input line 1352.
Package xcolor Info: Model `RGB' extended on input line 1364.
Package xcolor Info: Model `HTML' substituted by `rgb' on input line 1366.
Package xcolor Info: Model `Hsb' substituted by `hsb' on input line 1367.
Package xcolor Info: Model `tHsb' substituted by `hsb' on input line 1368.
Package xcolor Info: Model `HSB' substituted by `hsb' on input line 1369.
Package xcolor Info: Model `Gray' substituted by `gray' on input line 1370.
Package xcolor Info: Model `wave' substituted by `hsb' on input line 1371.
)
(c:/Users/LukeAustin/AppData/Roaming/TinyTeX/texmf-dist/tex/latex/hyperref/hype
rref.sty
Package: hyperref 2020/01/14 v7.00d Hypertext links for LaTeX

(c:/Users/LukeAustin/AppData/Roaming/TinyTeX/texmf-dist/tex/generic/ltxcmds/ltx
cmds.sty
Package: ltxcmds 2019/12/15 v1.24 LaTeX kernel commands for general use (HO)
)
(c:/Users/LukeAustin/AppData/Roaming/TinyTeX/texmf-dist/tex/latex/pdftexcmds/pd
ftexcmds.sty
Package: pdftexcmds 2019/11/24 v0.31 Utility functions of pdfTeX for LuaTeX (HO
)

(c:/Users/LukeAustin/AppData/Roaming/TinyTeX/texmf-dist/tex/generic/infwarerr/i
nfwarerr.sty
Package: infwarerr 2019/12/03 v1.5 Providing info/warning/error messages (HO)
)
Package pdftexcmds Info: \pdf@primitive is available.
Package pdftexcmds Info: \pdf@ifprimitive is available.
Package pdftexcmds Info: \pdfdraftmode found.
)
(c:/Users/LukeAustin/AppData/Roaming/TinyTeX/texmf-dist/tex/latex/graphics/keyv
al.sty
Package: keyval 2014/10/28 v1.15 key=value parser (DPC)
\KV@toks@=\toks25
)
(c:/Users/LukeAustin/AppData/Roaming/TinyTeX/texmf-dist/tex/generic/kvsetkeys/k
vsetkeys.sty
Package: kvsetkeys 2019/12/15 v1.18 Key value parser (HO)
)
(c:/Users/LukeAustin/AppData/Roaming/TinyTeX/texmf-dist/tex/generic/kvdefinekey
s/kvdefinekeys.sty
Package: kvdefinekeys 2019-12-19 v1.6 Define keys (HO)
)
(c:/Users/LukeAustin/AppData/Roaming/TinyTeX/texmf-dist/tex/generic/pdfescape/p
dfescape.sty
Package: pdfescape 2019/12/09 v1.15 Implements pdfTeX's escape features (HO)
)
(c:/Users/LukeAustin/AppData/Roaming/TinyTeX/texmf-dist/tex/latex/hycolor/hycol
or.sty
Package: hycolor 2020-01-27 v1.10 Color options for hyperref/bookmark (HO)
)
(c:/Users/LukeAustin/AppData/Roaming/TinyTeX/texmf-dist/tex/latex/letltxmacro/l
etltxmacro.sty
Package: letltxmacro 2019/12/03 v1.6 Let assignment for LaTeX macros (HO)
)
(c:/Users/LukeAustin/AppData/Roaming/TinyTeX/texmf-dist/tex/latex/auxhook/auxho
ok.sty
Package: auxhook 2019-12-17 v1.6 Hooks for auxiliary files (HO)
)
(c:/Users/LukeAustin/AppData/Roaming/TinyTeX/texmf-dist/tex/latex/kvoptions/kvo
ptions.sty
Package: kvoptions 2019/11/29 v3.13 Key value format for package options (HO)
)
\@linkdim=\dimen146
\Hy@linkcounter=\count188
\Hy@pagecounter=\count189

(c:/Users/LukeAustin/AppData/Roaming/TinyTeX/texmf-dist/tex/latex/hyperref/pd1e
nc.def
File: pd1enc.def 2020/01/14 v7.00d Hyperref: PDFDocEncoding definition (HO)
Now handling font encoding PD1 ...
... no UTF-8 mapping file for font encoding PD1
)
(c:/Users/LukeAustin/AppData/Roaming/TinyTeX/texmf-dist/tex/generic/intcalc/int
calc.sty
Package: intcalc 2019/12/15 v1.3 Expandable calculations with integers (HO)
)
(c:/Users/LukeAustin/AppData/Roaming/TinyTeX/texmf-dist/tex/generic/etexcmds/et
excmds.sty
Package: etexcmds 2019/12/15 v1.7 Avoid name clashes with e-TeX commands (HO)
)
\Hy@SavedSpaceFactor=\count190
\pdfmajorversion=\count191
Package hyperref Info: Option `unicode' set `true' on input line 4421.

(c:/Users/LukeAustin/AppData/Roaming/TinyTeX/texmf-dist/tex/latex/hyperref/puen
c.def
File: puenc.def 2020/01/14 v7.00d Hyperref: PDF Unicode definition (HO)
Now handling font encoding PU ...
... no UTF-8 mapping file for font encoding PU
)
Package hyperref Info: Hyper figures OFF on input line 4547.
Package hyperref Info: Link nesting OFF on input line 4552.
Package hyperref Info: Hyper index ON on input line 4555.
Package hyperref Info: Plain pages OFF on input line 4562.
Package hyperref Info: Backreferencing OFF on input line 4567.
Package hyperref Info: Implicit mode ON; LaTeX internals redefined.
Package hyperref Info: Bookmarks ON on input line 4800.
\c@Hy@tempcnt=\count192
(c:/Users/LukeAustin/AppData/Roaming/TinyTeX/texmf-dist/tex/latex/url/url.sty
\Urlmuskip=\muskip17
Package: url 2013/09/16  ver 3.4  Verb mode for urls, etc.
)
LaTeX Info: Redefining \url on input line 5159.
\XeTeXLinkMargin=\dimen147

(c:/Users/LukeAustin/AppData/Roaming/TinyTeX/texmf-dist/tex/generic/bitset/bits
et.sty
Package: bitset 2019/12/09 v1.3 Handle bit-vector datatype (HO)

(c:/Users/LukeAustin/AppData/Roaming/TinyTeX/texmf-dist/tex/generic/bigintcalc/
bigintcalc.sty
Package: bigintcalc 2019/12/15 v1.5 Expandable calculations on big integers (HO
)
))
\Fld@menulength=\count193
\Field@Width=\dimen148
\Fld@charsize=\dimen149
Package hyperref Info: Hyper figures OFF on input line 6430.
Package hyperref Info: Link nesting OFF on input line 6435.
Package hyperref Info: Hyper index ON on input line 6438.
Package hyperref Info: backreferencing OFF on input line 6445.
Package hyperref Info: Link coloring OFF on input line 6450.
Package hyperref Info: Link coloring with OCG OFF on input line 6455.
Package hyperref Info: PDF/A mode OFF on input line 6460.
LaTeX Info: Redefining \ref on input line 6500.
LaTeX Info: Redefining \pageref on input line 6504.

(c:/Users/LukeAustin/AppData/Roaming/TinyTeX/texmf-dist/tex/generic/atbegshi/at
begshi.sty
Package: atbegshi 2019/12/05 v1.19 At begin shipout hook (HO)
)
\Hy@abspage=\count194
\c@Item=\count195
\c@Hfootnote=\count196
)
Package hyperref Info: Driver (autodetected): hpdftex.

(c:/Users/LukeAustin/AppData/Roaming/TinyTeX/texmf-dist/tex/latex/hyperref/hpdf
tex.def
File: hpdftex.def 2020/01/14 v7.00d Hyperref driver for pdfTeX

(c:/Users/LukeAustin/AppData/Roaming/TinyTeX/texmf-dist/tex/latex/atveryend/atv
eryend.sty
Package: atveryend 2019-12-11 v1.11 Hooks at the very end of document (HO)
Package atveryend Info: \enddocument detected (standard20110627).
)
\Fld@listcount=\count197
\c@bookmark@seq@number=\count198

(c:/Users/LukeAustin/AppData/Roaming/TinyTeX/texmf-dist/tex/latex/rerunfilechec
k/rerunfilecheck.sty
Package: rerunfilecheck 2019/12/05 v1.9 Rerun checks for auxiliary files (HO)

(c:/Users/LukeAustin/AppData/Roaming/TinyTeX/texmf-dist/tex/generic/uniquecount
er/uniquecounter.sty
Package: uniquecounter 2019/12/15 v1.4 Provide unlimited unique counter (HO)
)
Package uniquecounter Info: New unique counter `rerunfilecheck' on input line 2
86.
)
\Hy@SectionHShift=\skip55
)
(c:/Users/LukeAustin/AppData/Roaming/TinyTeX/texmf-dist/tex/latex/geometry/geom
etry.sty
Package: geometry 2020/01/02 v5.9 Page Geometry

(c:/Users/LukeAustin/AppData/Roaming/TinyTeX/texmf-dist/tex/generic/iftex/ifvte
x.sty
Package: ifvtex 2019/10/25 v1.7 ifvtex legacy package. Use iftex instead.
)
\Gm@cnth=\count199
\Gm@cntv=\count266
\c@Gm@tempcnt=\count267
\Gm@bindingoffset=\dimen150
\Gm@wd@mp=\dimen151
\Gm@odd@mp=\dimen152
\Gm@even@mp=\dimen153
\Gm@layoutwidth=\dimen154
\Gm@layoutheight=\dimen155
\Gm@layouthoffset=\dimen156
\Gm@layoutvoffset=\dimen157
\Gm@dimlist=\toks26
)
(c:/Users/LukeAustin/AppData/Roaming/TinyTeX/texmf-dist/tex/latex/graphics/grap
hicx.sty
Package: graphicx 2019/11/30 v1.2a Enhanced LaTeX Graphics (DPC,SPQR)

(c:/Users/LukeAustin/AppData/Roaming/TinyTeX/texmf-dist/tex/latex/graphics/grap
hics.sty
Package: graphics 2019/11/30 v1.4a Standard LaTeX Graphics (DPC,SPQR)

(c:/Users/LukeAustin/AppData/Roaming/TinyTeX/texmf-dist/tex/latex/graphics/trig
.sty
Package: trig 2016/01/03 v1.10 sin cos tan (DPC)
)
(c:/Users/LukeAustin/AppData/Roaming/TinyTeX/texmf-dist/tex/latex/graphics-cfg/
graphics.cfg
File: graphics.cfg 2016/06/04 v1.11 sample graphics configuration
)
Package graphics Info: Driver file: pdftex.def on input line 105.
)
\Gin@req@height=\dimen158
\Gin@req@width=\dimen159
)
(c:/Users/LukeAustin/AppData/Roaming/TinyTeX/texmf-dist/tex/latex/grffile/grffi
le.sty
Package: grffile 2019/11/11 v2.1 Extended file name support for graphics (legac
y)
Package grffile Info: This package is an empty stub for compatibility on input 
line 40.
)
(c:/Users/LukeAustin/AppData/Roaming/TinyTeX/texmf-dist/tex/latex/titling/titli
ng.sty
Package: titling 2009/09/04 v2.1d maketitle typesetting
\thanksmarkwidth=\skip56
\thanksmargin=\skip57
\droptitle=\skip58
)
(c:/Users/LukeAustin/AppData/Roaming/TinyTeX/texmf-dist/tex/latex/fancyhdr/fanc
yhdr.sty
Package: fancyhdr 2019/01/31 v3.10 Extensive control of page headers and footer
s
\f@nch@headwidth=\skip59
\f@nch@O@elh=\skip60
\f@nch@O@erh=\skip61
\f@nch@O@olh=\skip62
\f@nch@O@orh=\skip63
\f@nch@O@elf=\skip64
\f@nch@O@erf=\skip65
\f@nch@O@olf=\skip66
\f@nch@O@orf=\skip67
)
(c:/Users/LukeAustin/AppData/Roaming/TinyTeX/texmf-dist/tex/latex/eurosym/euros
ym.sty
Package: eurosym 1998/08/06 v1.1 European currency symbol ``Euro''
\@eurobox=\box49
)
(c:/Users/LukeAustin/AppData/Roaming/TinyTeX/texmf-dist/tex/latex/tools/longtab
le.sty
Package: longtable 2020/01/07 v4.13 Multi-page Table package (DPC)
\LTleft=\skip68
\LTright=\skip69
\LTpre=\skip70
\LTpost=\skip71
\LTchunksize=\count268
\LTcapwidth=\dimen160
\LT@head=\box50
\LT@firsthead=\box51
\LT@foot=\box52
\LT@lastfoot=\box53
\LT@cols=\count269
\LT@rows=\count270
\c@LT@tables=\count271
\c@LT@chunks=\count272
\LT@p@ftn=\toks27
)
(c:/Users/LukeAustin/AppData/Roaming/TinyTeX/texmf-dist/tex/latex/booktabs/book
tabs.sty
Package: booktabs 2020/01/12 v1.61803398 Publication quality tables
\heavyrulewidth=\dimen161
\lightrulewidth=\dimen162
\cmidrulewidth=\dimen163
\belowrulesep=\dimen164
\belowbottomsep=\dimen165
\aboverulesep=\dimen166
\abovetopsep=\dimen167
\cmidrulesep=\dimen168
\cmidrulekern=\dimen169
\defaultaddspace=\dimen170
\@cmidla=\count273
\@cmidlb=\count274
\@aboverulesep=\dimen171
\@belowrulesep=\dimen172
\@thisruleclass=\count275
\@lastruleclass=\count276
\@thisrulewidth=\dimen173
)
(c:/Users/LukeAustin/AppData/Roaming/TinyTeX/texmf-dist/tex/latex/makecell/make
cell.sty
Package: makecell 2009/08/03 V0.1e Managing of Tab Column Heads and Cells
\rotheadsize=\dimen174
\c@nlinenum=\count277
\TeXr@lab=\toks28
)
(c:/Users/LukeAustin/AppData/Roaming/TinyTeX/texmf-dist/tex/latex/pdflscape/pdf
lscape.sty
Package: pdflscape 2019/12/05 v0.12 Display of landscape pages in PDF (HO)

(c:/Users/LukeAustin/AppData/Roaming/TinyTeX/texmf-dist/tex/latex/graphics/lsca
pe.sty
Package: lscape 2000/10/22 v3.01 Landscape Pages (DPC)
)
Package pdflscape Info: Auto-detected driver: pdftex on input line 81.
)
(c:/Users/LukeAustin/AppData/Roaming/TinyTeX/texmf-dist/tex/latex/multirow/mult
irow.sty
Package: multirow 2019/05/31 v2.5 Span multiple rows of a table
\multirow@colwidth=\skip72
\multirow@cntb=\count278
\multirow@dima=\skip73
\bigstrutjot=\dimen175
)
(c:/Users/LukeAustin/AppData/Roaming/TinyTeX/texmf-dist/tex/latex/float/float.s
ty
Package: float 2001/11/08 v1.3d Float enhancements (AL)
\c@float@type=\count279
\float@exts=\toks29
\float@box=\box54
\@float@everytoks=\toks30
\@floatcapt=\box55
)
(c:/Users/LukeAustin/AppData/Roaming/TinyTeX/texmf-dist/tex/latex/l3backend/l3b
ackend-pdfmode.def
File: l3backend-pdfmode.def 2020-02-23 L3 backend support: PDF mode
\l__kernel_color_stack_int=\count280
\l__pdf_internal_box=\box56
) (./CLEARBUS-R_pfm-report_2020-03.aux

LaTeX Warning: Label `tab:unnamed-chunk-11' multiply defined.


LaTeX Warning: Label `tab:unnamed-chunk-11' multiply defined.

)
\openout1 = `CLEARBUS-R_pfm-report_2020-03.aux'.

LaTeX Font Info:    Checking defaults for OML/cmm/m/it on input line 86.
LaTeX Font Info:    ... okay on input line 86.
LaTeX Font Info:    Checking defaults for OMS/cmsy/m/n on input line 86.
LaTeX Font Info:    ... okay on input line 86.
LaTeX Font Info:    Checking defaults for OT1/cmr/m/n on input line 86.
LaTeX Font Info:    ... okay on input line 86.
LaTeX Font Info:    Checking defaults for T1/cmr/m/n on input line 86.
LaTeX Font Info:    ... okay on input line 86.
LaTeX Font Info:    Checking defaults for TS1/cmr/m/n on input line 86.
LaTeX Font Info:    ... okay on input line 86.
LaTeX Font Info:    Checking defaults for OMX/cmex/m/n on input line 86.
LaTeX Font Info:    ... okay on input line 86.
LaTeX Font Info:    Checking defaults for U/cmr/m/n on input line 86.
LaTeX Font Info:    ... okay on input line 86.
LaTeX Font Info:    Checking defaults for PD1/pdf/m/n on input line 86.
LaTeX Font Info:    ... okay on input line 86.
LaTeX Font Info:    Checking defaults for PU/pdf/m/n on input line 86.
LaTeX Font Info:    ... okay on input line 86.

(c:/Users/LukeAustin/AppData/Roaming/TinyTeX/texmf-dist/tex/latex/epstopdf-pkg/
epstopdf-base.sty
Package: epstopdf-base 2020-01-24 v2.11 Base part for package epstopdf
Package epstopdf-base Info: Redefining graphics rule for `.eps' on input line 4
85.

(c:/Users/LukeAustin/AppData/Roaming/TinyTeX/texmf-dist/tex/latex/latexconfig/e
pstopdf-sys.cfg
File: epstopdf-sys.cfg 2010/07/13 v1.3 Configuration of (r)epstopdf for TeX Liv
e
))
\AtBeginShipoutBox=\box57
Package hyperref Info: Link coloring OFF on input line 86.

(c:/Users/LukeAustin/AppData/Roaming/TinyTeX/texmf-dist/tex/latex/hyperref/name
ref.sty
Package: nameref 2019/09/16 v2.46 Cross-referencing by name of section

(c:/Users/LukeAustin/AppData/Roaming/TinyTeX/texmf-dist/tex/latex/refcount/refc
ount.sty
Package: refcount 2019/12/15 v3.6 Data extraction from label references (HO)
)
(c:/Users/LukeAustin/AppData/Roaming/TinyTeX/texmf-dist/tex/generic/gettitlestr
ing/gettitlestring.sty
Package: gettitlestring 2019/12/15 v1.6 Cleanup title references (HO)
)
\c@section@level=\count281
)
LaTeX Info: Redefining \ref on input line 86.
LaTeX Info: Redefining \pageref on input line 86.
LaTeX Info: Redefining \nameref on input line 86.
(./CLEARBUS-R_pfm-report_2020-03.out) (./CLEARBUS-R_pfm-report_2020-03.out)
\@outlinefile=\write3
\openout3 = `CLEARBUS-R_pfm-report_2020-03.out'.

*geometry* driver: auto-detecting
*geometry* detected driver: pdftex
*geometry* verbose mode - [ preamble ] result:
* driver: pdftex
* paper: <default>
* layout: <same size as paper>
* layoutoffset:(h,v)=(0.0pt,0.0pt)
* modes: 
* h-part:(L,W,R)=(72.26999pt, 469.75502pt, 72.26999pt)
* v-part:(T,H,B)=(72.26999pt, 650.43001pt, 72.26999pt)
* \paperwidth=614.295pt
* \paperheight=794.96999pt
* \textwidth=469.75502pt
* \textheight=650.43001pt
* \oddsidemargin=0.0pt
* \evensidemargin=0.0pt
* \topmargin=-37.0pt
* \headheight=12.0pt
* \headsep=25.0pt
* \topskip=12.0pt
* \footskip=30.0pt
* \marginparwidth=44.0pt
* \marginparsep=10.0pt
* \columnsep=10.0pt
* \skip\footins=10.8pt plus 4.0pt minus 2.0pt
* \hoffset=0.0pt
* \voffset=0.0pt
* \mag=1000
* \@twocolumnfalse
* \@twosidefalse
* \@mparswitchfalse
* \@reversemarginfalse
* (1in=72.27pt=25.4mm, 1cm=28.453pt)

<mosl_title.png, id=40, 163.5711pt x 50.8299pt>
File: mosl_title.png Graphic file (type png)
<use mosl_title.png>
Package pdftex.def Info: mosl_title.png  used on input line 87.
(pdftex.def)             Requested size: 163.57568pt x 50.8313pt.
LaTeX Font Info:    Trying to load font information for OT1+lmr on input line 8
7.
(c:/Users/LukeAustin/AppData/Roaming/TinyTeX/texmf-dist/tex/latex/lm/ot1lmr.fd
File: ot1lmr.fd 2009/10/30 v1.6 Font defs for Latin Modern
)
LaTeX Font Info:    Trying to load font information for OML+lmm on input line 8
7.
(c:/Users/LukeAustin/AppData/Roaming/TinyTeX/texmf-dist/tex/latex/lm/omllmm.fd
File: omllmm.fd 2009/10/30 v1.6 Font defs for Latin Modern
)
LaTeX Font Info:    Trying to load font information for OMS+lmsy on input line 
87.

(c:/Users/LukeAustin/AppData/Roaming/TinyTeX/texmf-dist/tex/latex/lm/omslmsy.fd
File: omslmsy.fd 2009/10/30 v1.6 Font defs for Latin Modern
)
LaTeX Font Info:    Trying to load font information for OMX+lmex on input line 
87.

(c:/Users/LukeAustin/AppData/Roaming/TinyTeX/texmf-dist/tex/latex/lm/omxlmex.fd
File: omxlmex.fd 2009/10/30 v1.6 Font defs for Latin Modern
)
LaTeX Font Info:    External font `lmex10' loaded for size
(Font)              <14.4> on input line 87.
LaTeX Font Info:    External font `lmex10' loaded for size
(Font)              <10> on input line 87.
LaTeX Font Info:    External font `lmex10' loaded for size
(Font)              <7> on input line 87.
LaTeX Font Info:    Trying to load font information for U+msa on input line 87.


(c:/Users/LukeAustin/AppData/Roaming/TinyTeX/texmf-dist/tex/latex/amsfonts/umsa
.fd
File: umsa.fd 2013/01/14 v3.01 AMS symbols A
)
LaTeX Font Info:    Trying to load font information for U+msb on input line 87.


(c:/Users/LukeAustin/AppData/Roaming/TinyTeX/texmf-dist/tex/latex/amsfonts/umsb
.fd
File: umsb.fd 2013/01/14 v3.01 AMS symbols B
) (./CLEARBUS-R_pfm-report_2020-03.toc
LaTeX Font Info:    External font `lmex10' loaded for size
(Font)              <12> on input line 2.
LaTeX Font Info:    External font `lmex10' loaded for size
(Font)              <8> on input line 2.
LaTeX Font Info:    External font `lmex10' loaded for size
(Font)              <6> on input line 2.
)
\tf@toc=\write4
\openout4 = `CLEARBUS-R_pfm-report_2020-03.toc'.

<C:/Users/LukeAustin/OneDrive - Market Operator Services Limited/Luke_Backup/Lu
ke/DataAnalysis/PerformanceMonitoringProject/PfmReports/2020-03/CLEARBUS-R_pfm-
report_2020-03_files/figure-latex/unnamed-chunk-3-1.pdf, id=51, 867.24pt x 361.
35pt>
File: C:/Users/LukeAustin/OneDrive - Market Operator Services Limited/Luke_Back
up/Luke/DataAnalysis/PerformanceMonitoringProject/PfmReports/2020-03/CLEARBUS-R
_pfm-report_2020-03_files/figure-latex/unnamed-chunk-3-1.pdf Graphic file (type
 pdf)
<use C:/Users/LukeAustin/OneDrive - Market Operator Services Limited/Luke_Backu
p/Luke/DataAnalysis/PerformanceMonitoringProject/PfmReports/2020-03/CLEARBUS-R_
pfm-report_2020-03_files/figure-latex/unnamed-chunk-3-1.pdf>
Package pdftex.def Info: C:/Users/LukeAustin/OneDrive - Market Operator Service
s Limited/Luke_Backup/Luke/DataAnalysis/PerformanceMonitoringProject/PfmReports
/2020-03/CLEARBUS-R_pfm-report_2020-03_files/figure-latex/unnamed-chunk-3-1.pdf
  used on input line 100.
(pdftex.def)             Requested size: 469.75827pt x 195.7326pt.
LaTeX Font Info:    External font `lmex10' loaded for size
(Font)              <5> on input line 125.
[1

{c:/Users/LukeAustin/AppData/Roaming/TinyTeX/texmf-var/fonts/map/pdftex/updmap/
pdftex.map} <./mosl_title.png>]
LaTeX Font Info:    Trying to load font information for TS1+lmr on input line 1
38.
(c:/Users/LukeAustin/AppData/Roaming/TinyTeX/texmf-dist/tex/latex/lm/ts1lmr.fd
File: ts1lmr.fd 2009/10/30 v1.6 Font defs for Latin Modern
)
<C:/Users/LukeAustin/OneDrive - Market Operator Services Limited/Luke_Backup/Lu
ke/DataAnalysis/PerformanceMonitoringProject/PfmReports/2020-03/CLEARBUS-R_pfm-
report_2020-03_files/figure-latex/unnamed-chunk-5-1.pdf, id=63, 867.24pt x 361.
35pt>
File: C:/Users/LukeAustin/OneDrive - Market Operator Services Limited/Luke_Back
up/Luke/DataAnalysis/PerformanceMonitoringProject/PfmReports/2020-03/CLEARBUS-R
_pfm-report_2020-03_files/figure-latex/unnamed-chunk-5-1.pdf Graphic file (type
 pdf)
<use C:/Users/LukeAustin/OneDrive - Market Operator Services Limited/Luke_Backu
p/Luke/DataAnalysis/PerformanceMonitoringProject/PfmReports/2020-03/CLEARBUS-R_
pfm-report_2020-03_files/figure-latex/unnamed-chunk-5-1.pdf>
Package pdftex.def Info: C:/Users/LukeAustin/OneDrive - Market Operator Service
s Limited/Luke_Backup/Luke/DataAnalysis/PerformanceMonitoringProject/PfmReports
/2020-03/CLEARBUS-R_pfm-report_2020-03_files/figure-latex/unnamed-chunk-5-1.pdf
  used on input line 141.
(pdftex.def)             Requested size: 469.75827pt x 195.7326pt.
<mosl_header.png, id=64, 597.432pt x 85.2786pt>
File: mosl_header.png Graphic file (type png)
<use mosl_header.png>
Package pdftex.def Info: mosl_header.png  used on input line 167.
(pdftex.def)             Requested size: 170.71657pt x 24.3684pt.

Package Fancyhdr Warning: \headheight is too small (12.0pt): 
Make it at least 28.71843pt.
We now make it that large for the rest of the document.
This may cause the page layout to be inconsistent, however.

[2pdfTeX warning (ext4): destination with the same identifier (name{table.1}) h
as been already used, duplicate ignored

\AtBegShi@Output ...ipout \box \AtBeginShipoutBox 
                                                  \fi \fi 
l.167 \end{table}
                  <./mosl_header.png> <c:/Users/LukeAustin/OneDrive - Market Op
erator Services Limited/Luke_Backup/Luke/DataAnalysis/PerformanceMonitoringProj
ect/PfmReports/2020-03/CLEARBUS-R_pfm-report_2020-03_files/figure-latex/unnamed
-chunk-3-1.pdf>]
<C:/Users/LukeAustin/OneDrive - Market Operator Services Limited/Luke_Backup/Lu
ke/DataAnalysis/PerformanceMonitoringProject/PfmReports/2020-03/CLEARBUS-R_pfm-
report_2020-03_files/figure-latex/unnamed-chunk-7-1.pdf, id=80, 867.24pt x 433.
62pt>
File: C:/Users/LukeAustin/OneDrive - Market Operator Services Limited/Luke_Back
up/Luke/DataAnalysis/PerformanceMonitoringProject/PfmReports/2020-03/CLEARBUS-R
_pfm-report_2020-03_files/figure-latex/unnamed-chunk-7-1.pdf Graphic file (type
 pdf)
<use C:/Users/LukeAustin/OneDrive - Market Operator Services Limited/Luke_Backu
p/Luke/DataAnalysis/PerformanceMonitoringProject/PfmReports/2020-03/CLEARBUS-R_
pfm-report_2020-03_files/figure-latex/unnamed-chunk-7-1.pdf>
Package pdftex.def Info: C:/Users/LukeAustin/OneDrive - Market Operator Service
s Limited/Luke_Backup/Luke/DataAnalysis/PerformanceMonitoringProject/PfmReports
/2020-03/CLEARBUS-R_pfm-report_2020-03_files/figure-latex/unnamed-chunk-7-1.pdf
  used on input line 182.
(pdftex.def)             Requested size: 469.75827pt x 234.87912pt.
File: mosl_header.png Graphic file (type png)
<use mosl_header.png>
Package pdftex.def Info: mosl_header.png  used on input line 184.
(pdftex.def)             Requested size: 170.71657pt x 24.3684pt.
[3pdfTeX warning (ext4): destination with the same identifier (name{table.2}) h
as been already used, duplicate ignored

\AtBegShi@Output ...ipout \box \AtBeginShipoutBox 
                                                  \fi \fi 
l.184 T
       he current status of Clear Business's performance against each standard 
<c:/Users/LukeAustin/OneDrive - Market Operator Services Limited/Luke_Backup/Lu
ke/DataAnalysis/PerformanceMonitoringProject/PfmReports/2020-03/CLEARBUS-R_pfm-
report_2020-03_files/figure-latex/unnamed-chunk-5-1.pdf>]
<C:/Users/LukeAustin/OneDrive - Market Operator Services Limited/Luke_Backup/Lu
ke/DataAnalysis/PerformanceMonitoringProject/PfmReports/2020-03/CLEARBUS-R_pfm-
report_2020-03_files/figure-latex/unnamed-chunk-9-1.pdf, id=91, 867.24pt x 433.
62pt>
File: C:/Users/LukeAustin/OneDrive - Market Operator Services Limited/Luke_Back
up/Luke/DataAnalysis/PerformanceMonitoringProject/PfmReports/2020-03/CLEARBUS-R
_pfm-report_2020-03_files/figure-latex/unnamed-chunk-9-1.pdf Graphic file (type
 pdf)
<use C:/Users/LukeAustin/OneDrive - Market Operator Services Limited/Luke_Backu
p/Luke/DataAnalysis/PerformanceMonitoringProject/PfmReports/2020-03/CLEARBUS-R_
pfm-report_2020-03_files/figure-latex/unnamed-chunk-9-1.pdf>
Package pdftex.def Info: C:/Users/LukeAustin/OneDrive - Market Operator Service
s Limited/Luke_Backup/Luke/DataAnalysis/PerformanceMonitoringProject/PfmReports
/2020-03/CLEARBUS-R_pfm-report_2020-03_files/figure-latex/unnamed-chunk-9-1.pdf
  used on input line 209.
(pdftex.def)             Requested size: 469.75827pt x 234.87912pt.
File: mosl_header.png Graphic file (type png)
<use mosl_header.png>
Package pdftex.def Info: mosl_header.png  used on input line 212.
(pdftex.def)             Requested size: 170.71657pt x 24.3684pt.
[4pdfTeX warning (ext4): destination with the same identifier (name{table.3}) h
as been already used, duplicate ignored

\AtBegShi@Output ...ipout \box \AtBeginShipoutBox 
                                                  \fi \fi 
l.212 ...ailed Analysis}\label{detailed-analysis}}
                                                   <c:/Users/LukeAustin/OneDriv
e - Market Operator Services Limited/Luke_Backup/Luke/DataAnalysis/PerformanceM
onitoringProject/PfmReports/2020-03/CLEARBUS-R_pfm-report_2020-03_files/figure-
latex/unnamed-chunk-7-1.pdf>]
<C:/Users/LukeAustin/OneDrive - Market Operator Services Limited/Luke_Backup/Lu
ke/DataAnalysis/PerformanceMonitoringProject/PfmReports/2020-03/CLEARBUS-R_pfm-
report_2020-03_files/figure-latex/unnamed-chunk-12-1.pdf, id=102, 867.24pt x 36
1.35pt>
File: C:/Users/LukeAustin/OneDrive - Market Operator Services Limited/Luke_Back
up/Luke/DataAnalysis/PerformanceMonitoringProject/PfmReports/2020-03/CLEARBUS-R
_pfm-report_2020-03_files/figure-latex/unnamed-chunk-12-1.pdf Graphic file (typ
e pdf)
<use C:/Users/LukeAustin/OneDrive - Market Operator Services Limited/Luke_Backu
p/Luke/DataAnalysis/PerformanceMonitoringProject/PfmReports/2020-03/CLEARBUS-R_
pfm-report_2020-03_files/figure-latex/unnamed-chunk-12-1.pdf>
Package pdftex.def Info: C:/Users/LukeAustin/OneDrive - Market Operator Service
s Limited/Luke_Backup/Luke/DataAnalysis/PerformanceMonitoringProject/PfmReports
/2020-03/CLEARBUS-R_pfm-report_2020-03_files/figure-latex/unnamed-chunk-12-1.pd
f  used on input line 237.
(pdftex.def)             Requested size: 469.75827pt x 195.7326pt.
File: mosl_header.png Graphic file (type png)
<use mosl_header.png>
Package pdftex.def Info: mosl_header.png  used on input line 239.
(pdftex.def)             Requested size: 170.71657pt x 24.3684pt.
[5 <c:/Users/LukeAustin/OneDrive - Market Operator Services Limited/Luke_Backup
/Luke/DataAnalysis/PerformanceMonitoringProject/PfmReports/2020-03/CLEARBUS-R_p
fm-report_2020-03_files/figure-latex/unnamed-chunk-9-1.pdf>]
<C:/Users/LukeAustin/OneDrive - Market Operator Services Limited/Luke_Backup/Lu
ke/DataAnalysis/PerformanceMonitoringProject/PfmReports/2020-03/CLEARBUS-R_pfm-
report_2020-03_files/figure-latex/unnamed-chunk-17-1.pdf, id=119, 867.24pt x 36
1.35pt>
File: C:/Users/LukeAustin/OneDrive - Market Operator Services Limited/Luke_Back
up/Luke/DataAnalysis/PerformanceMonitoringProject/PfmReports/2020-03/CLEARBUS-R
_pfm-report_2020-03_files/figure-latex/unnamed-chunk-17-1.pdf Graphic file (typ
e pdf)
<use C:/Users/LukeAustin/OneDrive - Market Operator Services Limited/Luke_Backu
p/Luke/DataAnalysis/PerformanceMonitoringProject/PfmReports/2020-03/CLEARBUS-R_
pfm-report_2020-03_files/figure-latex/unnamed-chunk-17-1.pdf>
Package pdftex.def Info: C:/Users/LukeAustin/OneDrive - Market Operator Service
s Limited/Luke_Backup/Luke/DataAnalysis/PerformanceMonitoringProject/PfmReports
/2020-03/CLEARBUS-R_pfm-report_2020-03_files/figure-latex/unnamed-chunk-17-1.pd
f  used on input line 295.
(pdftex.def)             Requested size: 469.75827pt x 195.7326pt.
File: mosl_header.png Graphic file (type png)
<use mosl_header.png>
Package pdftex.def Info: mosl_header.png  used on input line 297.
(pdftex.def)             Requested size: 170.71657pt x 24.3684pt.
[6 <c:/Users/LukeAustin/OneDrive - Market Operator Services Limited/Luke_Backup
/Luke/DataAnalysis/PerformanceMonitoringProject/PfmReports/2020-03/CLEARBUS-R_p
fm-report_2020-03_files/figure-latex/unnamed-chunk-12-1.pdf>]
<C:/Users/LukeAustin/OneDrive - Market Operator Services Limited/Luke_Backup/Lu
ke/DataAnalysis/PerformanceMonitoringProject/PfmReports/2020-03/CLEARBUS-R_pfm-
report_2020-03_files/figure-latex/unnamed-chunk-22-1.pdf, id=132, 867.24pt x 36
1.35pt>
File: C:/Users/LukeAustin/OneDrive - Market Operator Services Limited/Luke_Back
up/Luke/DataAnalysis/PerformanceMonitoringProject/PfmReports/2020-03/CLEARBUS-R
_pfm-report_2020-03_files/figure-latex/unnamed-chunk-22-1.pdf Graphic file (typ
e pdf)
<use C:/Users/LukeAustin/OneDrive - Market Operator Services Limited/Luke_Backu
p/Luke/DataAnalysis/PerformanceMonitoringProject/PfmReports/2020-03/CLEARBUS-R_
pfm-report_2020-03_files/figure-latex/unnamed-chunk-22-1.pdf>
Package pdftex.def Info: C:/Users/LukeAustin/OneDrive - Market Operator Service
s Limited/Luke_Backup/Luke/DataAnalysis/PerformanceMonitoringProject/PfmReports
/2020-03/CLEARBUS-R_pfm-report_2020-03_files/figure-latex/unnamed-chunk-22-1.pd
f  used on input line 329.
(pdftex.def)             Requested size: 469.75827pt x 195.7326pt.
File: mosl_header.png Graphic file (type png)
<use mosl_header.png>
Package pdftex.def Info: mosl_header.png  used on input line 336.
(pdftex.def)             Requested size: 170.71657pt x 24.3684pt.
[7 <c:/Users/LukeAustin/OneDrive - Market Operator Services Limited/Luke_Backup
/Luke/DataAnalysis/PerformanceMonitoringProject/PfmReports/2020-03/CLEARBUS-R_p
fm-report_2020-03_files/figure-latex/unnamed-chunk-17-1.pdf> <c:/Users/LukeAust
in/OneDrive - Market Operator Services Limited/Luke_Backup/Luke/DataAnalysis/Pe
rformanceMonitoringProject/PfmReports/2020-03/CLEARBUS-R_pfm-report_2020-03_fil
es/figure-latex/unnamed-chunk-22-1.pdf>]
<C:/Users/LukeAustin/OneDrive - Market Operator Services Limited/Luke_Backup/Lu
ke/DataAnalysis/PerformanceMonitoringProject/PfmReports/2020-03/CLEARBUS-R_pfm-
report_2020-03_files/figure-latex/unnamed-chunk-27-1.pdf, id=151, 867.24pt x 36
1.35pt>
File: C:/Users/LukeAustin/OneDrive - Market Operator Services Limited/Luke_Back
up/Luke/DataAnalysis/PerformanceMonitoringProject/PfmReports/2020-03/CLEARBUS-R
_pfm-report_2020-03_files/figure-latex/unnamed-chunk-27-1.pdf Graphic file (typ
e pdf)
<use C:/Users/LukeAustin/OneDrive - Market Operator Services Limited/Luke_Backu
p/Luke/DataAnalysis/PerformanceMonitoringProject/PfmReports/2020-03/CLEARBUS-R_
pfm-report_2020-03_files/figure-latex/unnamed-chunk-27-1.pdf>
Package pdftex.def Info: C:/Users/LukeAustin/OneDrive - Market Operator Service
s Limited/Luke_Backup/Luke/DataAnalysis/PerformanceMonitoringProject/PfmReports
/2020-03/CLEARBUS-R_pfm-report_2020-03_files/figure-latex/unnamed-chunk-27-1.pd
f  used on input line 364.
(pdftex.def)             Requested size: 469.75827pt x 195.7326pt.
File: mosl_header.png Graphic file (type png)
<use mosl_header.png>
Package pdftex.def Info: mosl_header.png  used on input line 400.
(pdftex.def)             Requested size: 170.71657pt x 24.3684pt.
[8 <c:/Users/LukeAustin/OneDrive - Market Operator Services Limited/Luke_Backup
/Luke/DataAnalysis/PerformanceMonitoringProject/PfmReports/2020-03/CLEARBUS-R_p
fm-report_2020-03_files/figure-latex/unnamed-chunk-27-1.pdf>]
File: mosl_header.png Graphic file (type png)
<use mosl_header.png>
Package pdftex.def Info: mosl_header.png  used on input line 470.
(pdftex.def)             Requested size: 170.71657pt x 24.3684pt.
[9]
<C:/Users/LukeAustin/OneDrive - Market Operator Services Limited/Luke_Backup/Lu
ke/DataAnalysis/PerformanceMonitoringProject/PfmReports/2020-03/CLEARBUS-R_pfm-
report_2020-03_files/figure-latex/unnamed-chunk-32-1.pdf, id=174, 867.24pt x 36
1.35pt>
File: C:/Users/LukeAustin/OneDrive - Market Operator Services Limited/Luke_Back
up/Luke/DataAnalysis/PerformanceMonitoringProject/PfmReports/2020-03/CLEARBUS-R
_pfm-report_2020-03_files/figure-latex/unnamed-chunk-32-1.pdf Graphic file (typ
e pdf)
<use C:/Users/LukeAustin/OneDrive - Market Operator Services Limited/Luke_Backu
p/Luke/DataAnalysis/PerformanceMonitoringProject/PfmReports/2020-03/CLEARBUS-R_
pfm-report_2020-03_files/figure-latex/unnamed-chunk-32-1.pdf>
Package pdftex.def Info: C:/Users/LukeAustin/OneDrive - Market Operator Service
s Limited/Luke_Backup/Luke/DataAnalysis/PerformanceMonitoringProject/PfmReports
/2020-03/CLEARBUS-R_pfm-report_2020-03_files/figure-latex/unnamed-chunk-32-1.pd
f  used on input line 494.
(pdftex.def)             Requested size: 469.75827pt x 195.7326pt.
File: mosl_header.png Graphic file (type png)
<use mosl_header.png>
Package pdftex.def Info: mosl_header.png  used on input line 531.
(pdftex.def)             Requested size: 170.71657pt x 24.3684pt.
[10 <c:/Users/LukeAustin/OneDrive - Market Operator Services Limited/Luke_Backu
p/Luke/DataAnalysis/PerformanceMonitoringProject/PfmReports/2020-03/CLEARBUS-R_
pfm-report_2020-03_files/figure-latex/unnamed-chunk-32-1.pdf>]
<C:/Users/LukeAustin/OneDrive - Market Operator Services Limited/Luke_Backup/Lu
ke/DataAnalysis/PerformanceMonitoringProject/PfmReports/2020-03/CLEARBUS-R_pfm-
report_2020-03_files/figure-latex/unnamed-chunk-37-1.pdf, id=191, 867.24pt x 36
1.35pt>
File: C:/Users/LukeAustin/OneDrive - Market Operator Services Limited/Luke_Back
up/Luke/DataAnalysis/PerformanceMonitoringProject/PfmReports/2020-03/CLEARBUS-R
_pfm-report_2020-03_files/figure-latex/unnamed-chunk-37-1.pdf Graphic file (typ
e pdf)
<use C:/Users/LukeAustin/OneDrive - Market Operator Services Limited/Luke_Backu
p/Luke/DataAnalysis/PerformanceMonitoringProject/PfmReports/2020-03/CLEARBUS-R_
pfm-report_2020-03_files/figure-latex/unnamed-chunk-37-1.pdf>
Package pdftex.def Info: C:/Users/LukeAustin/OneDrive - Market Operator Service
s Limited/Luke_Backup/Luke/DataAnalysis/PerformanceMonitoringProject/PfmReports
/2020-03/CLEARBUS-R_pfm-report_2020-03_files/figure-latex/unnamed-chunk-37-1.pd
f  used on input line 555.
(pdftex.def)             Requested size: 469.75827pt x 195.7326pt.
File: mosl_header.png Graphic file (type png)
<use mosl_header.png>
Package pdftex.def Info: mosl_header.png  used on input line 570.
(pdftex.def)             Requested size: 170.71657pt x 24.3684pt.
[11 <c:/Users/LukeAustin/OneDrive - Market Operator Services Limited/Luke_Backu
p/Luke/DataAnalysis/PerformanceMonitoringProject/PfmReports/2020-03/CLEARBUS-R_
pfm-report_2020-03_files/figure-latex/unnamed-chunk-37-1.pdf>]
File: mosl_header.png Graphic file (type png)
<use mosl_header.png>
Package pdftex.def Info: mosl_header.png  used on input line 664.
(pdftex.def)             Requested size: 170.71657pt x 24.3684pt.
[12pdfTeX warning (ext4): destination with the same identifier (name{table.9}) 
has been already used, duplicate ignored

\AtBegShi@Output ...ipout \box \AtBeginShipoutBox 
                                                  \fi \fi 
l.664 
      pdfTeX warning (ext4): destination with the same identifier (name{table.1
0}) has been already used, duplicate ignored

\AtBegShi@Output ...ipout \box \AtBeginShipoutBox 
                                                  \fi \fi 
l.664 
      ]
File: mosl_header.png Graphic file (type png)
<use mosl_header.png>
Package pdftex.def Info: mosl_header.png  used on input line 665.
(pdftex.def)             Requested size: 170.71657pt x 24.3684pt.
[13pdfTeX warning (ext4): destination with the same identifier (name{table.11})
 has been already used, duplicate ignored

\AtBegShi@Output ...ipout \box \AtBeginShipoutBox 
                                                  \fi \fi 
l.665 \newpage
              ]
File: mosl_header.png Graphic file (type png)
<use mosl_header.png>
Package pdftex.def Info: mosl_header.png  used on input line 737.
(pdftex.def)             Requested size: 170.71657pt x 24.3684pt.
[14]
<standardstates.jpg, id=227, 522.8947pt x 289.78853pt>
File: standardstates.jpg Graphic file (type jpg)
<use standardstates.jpg>
Package pdftex.def Info: standardstates.jpg  used on input line 775.
(pdftex.def)             Requested size: 469.77109pt x 260.34738pt.
Package atveryend Info: Empty hook `BeforeClearDocument' on input line 778.
File: mosl_header.png Graphic file (type png)
<use mosl_header.png>
Package pdftex.def Info: mosl_header.png  used on input line 778.
(pdftex.def)             Requested size: 170.71657pt x 24.3684pt.
[15]
File: mosl_header.png Graphic file (type png)
<use mosl_header.png>
Package pdftex.def Info: mosl_header.png  used on input line 778.
(pdftex.def)             Requested size: 170.71657pt x 24.3684pt.
[16pdfTeX warning (ext4): destination with the same identifier (name{figure.1})
 has been already used, duplicate ignored

\AtBegShi@Output ...ipout \box \AtBeginShipoutBox 
                                                  \fi \fi 
l.778 \end{document}
                     <./standardstates.jpg>]
Package atveryend Info: Empty hook `AfterLastShipout' on input line 778.
(./CLEARBUS-R_pfm-report_2020-03.aux)
Package atveryend Info: Executing hook `AtVeryEndDocument' on input line 778.
Package atveryend Info: Executing hook `AtEndAfterFileList' on input line 778.
Package rerunfilecheck Info: File `CLEARBUS-R_pfm-report_2020-03.out' has not c
hanged.
(rerunfilecheck)             Checksum: 9AF86C24EB3EFC84F98E2DBA1BE436BD;1527.

LaTeX Warning: There were multiply-defined labels.

Package atveryend Info: Empty hook `AtVeryVeryEnd' on input line 778.
 ) 
Here is how much of TeX's memory you used:
 11417 strings out of 482913
 176925 string characters out of 5957217
 482274 words of memory out of 5000000
 26388 multiletter control sequences out of 15000+600000
 592589 words of font info for 72 fonts, out of 8000000 for 9000
 14 hyphenation exceptions out of 8191
 34i,16n,45p,640b,457s stack positions out of 5000i,500n,10000p,200000b,80000s
{c:/Users/LukeAustin/AppData/Roaming/TinyTeX/texmf-dist/fonts/enc/dvips/lm/lm
-ts1.enc}{c:/Users/LukeAustin/AppData/Roaming/TinyTeX/texmf-dist/fonts/enc/dvip
s/lm/lm-ec.enc}<c:/Users/LukeAustin/AppData/Roaming/TinyTeX/texmf-dist/fonts/ty
pe1/public/lm/lmbx10.pfb><c:/Users/LukeAustin/AppData/Roaming/TinyTeX/texmf-dis
t/fonts/type1/public/lm/lmbx12.pfb><c:/Users/LukeAustin/AppData/Roaming/TinyTeX
/texmf-dist/fonts/type1/public/lm/lmr10.pfb><c:/Users/LukeAustin/AppData/Roamin
g/TinyTeX/texmf-dist/fonts/type1/public/lm/lmr12.pfb><c:/Users/LukeAustin/AppDa
ta/Roaming/TinyTeX/texmf-dist/fonts/type1/public/lm/lmr17.pfb>
Output written on CLEARBUS-R_pfm-report_2020-03.pdf (16 pages, 365341 bytes).
PDF statistics:
 276 PDF objects out of 1000 (max. 8388607)
 226 compressed objects within 3 object streams
 64 named destinations out of 1000 (max. 500000)
 138 words of extra memory for PDF output out of 10000 (max. 10000000)

