This is pdfTeX, Version 3.14159265-2.6-1.40.20 (TeX Live 2019/W32TeX) (preloaded format=pdflatex 2019.7.26)  22 JAN 2020 15:11
entering extended mode
 restricted \write18 enabled.
 %&-line parsing enabled.
**"C:/Users/LukeAustin/OneDrive - Market Operator Services Limited/Luke_Backup/
Luke/DataAnalysis/PerformanceMonitoringProject/MonthlyPerfReport/MonthlyPerform
anceReport-2020-01.tex"

(c:/Users/LukeAustin/OneDrive - Market Operator Services Limited/Luke_Backup/Lu
ke/DataAnalysis/PerformanceMonitoringProject/MonthlyPerfReport/MonthlyPerforman
ceReport-2020-01.tex
LaTeX2e <2018-12-01>

(c:/Users/LukeAustin/AppData/Roaming/TinyTeX/texmf-dist/tex/latex/base/article.
cls
Document Class: article 2018/09/03 v1.4i Standard LaTeX document class

(c:/Users/LukeAustin/AppData/Roaming/TinyTeX/texmf-dist/tex/latex/base/size12.c
lo
File: size12.clo 2018/09/03 v1.4i Standard LaTeX file (size option)
)
\c@part=\count80
\c@section=\count81
\c@subsection=\count82
\c@subsubsection=\count83
\c@paragraph=\count84
\c@subparagraph=\count85
\c@figure=\count86
\c@table=\count87
\abovecaptionskip=\skip41
\belowcaptionskip=\skip42
\bibindent=\dimen102
)
(c:/Users/LukeAustin/AppData/Roaming/TinyTeX/texmf-dist/tex/latex/lm/lmodern.st
y
Package: lmodern 2009/10/30 v1.6 Latin Modern Fonts
LaTeX Font Info:    Overwriting symbol font `operators' in version `normal'
(Font)                  OT1/cmr/m/n --> OT1/lmr/m/n on input line 22.
LaTeX Font Info:    Overwriting symbol font `letters' in version `normal'
(Font)                  OML/cmm/m/it --> OML/lmm/m/it on input line 23.
LaTeX Font Info:    Overwriting symbol font `symbols' in version `normal'
(Font)                  OMS/cmsy/m/n --> OMS/lmsy/m/n on input line 24.
LaTeX Font Info:    Overwriting symbol font `largesymbols' in version `normal'
(Font)                  OMX/cmex/m/n --> OMX/lmex/m/n on input line 25.
LaTeX Font Info:    Overwriting symbol font `operators' in version `bold'
(Font)                  OT1/cmr/bx/n --> OT1/lmr/bx/n on input line 26.
LaTeX Font Info:    Overwriting symbol font `letters' in version `bold'
(Font)                  OML/cmm/b/it --> OML/lmm/b/it on input line 27.
LaTeX Font Info:    Overwriting symbol font `symbols' in version `bold'
(Font)                  OMS/cmsy/b/n --> OMS/lmsy/b/n on input line 28.
LaTeX Font Info:    Overwriting symbol font `largesymbols' in version `bold'
(Font)                  OMX/cmex/m/n --> OMX/lmex/m/n on input line 29.
LaTeX Font Info:    Overwriting math alphabet `\mathbf' in version `normal'
(Font)                  OT1/cmr/bx/n --> OT1/lmr/bx/n on input line 31.
LaTeX Font Info:    Overwriting math alphabet `\mathsf' in version `normal'
(Font)                  OT1/cmss/m/n --> OT1/lmss/m/n on input line 32.
LaTeX Font Info:    Overwriting math alphabet `\mathit' in version `normal'
(Font)                  OT1/cmr/m/it --> OT1/lmr/m/it on input line 33.
LaTeX Font Info:    Overwriting math alphabet `\mathtt' in version `normal'
(Font)                  OT1/cmtt/m/n --> OT1/lmtt/m/n on input line 34.
LaTeX Font Info:    Overwriting math alphabet `\mathbf' in version `bold'
(Font)                  OT1/cmr/bx/n --> OT1/lmr/bx/n on input line 35.
LaTeX Font Info:    Overwriting math alphabet `\mathsf' in version `bold'
(Font)                  OT1/cmss/bx/n --> OT1/lmss/bx/n on input line 36.
LaTeX Font Info:    Overwriting math alphabet `\mathit' in version `bold'
(Font)                  OT1/cmr/bx/it --> OT1/lmr/bx/it on input line 37.
LaTeX Font Info:    Overwriting math alphabet `\mathtt' in version `bold'
(Font)                  OT1/cmtt/m/n --> OT1/lmtt/m/n on input line 38.
)
(c:/Users/LukeAustin/AppData/Roaming/TinyTeX/texmf-dist/tex/latex/amsfonts/amss
ymb.sty
Package: amssymb 2013/01/14 v3.01 AMS font symbols

(c:/Users/LukeAustin/AppData/Roaming/TinyTeX/texmf-dist/tex/latex/amsfonts/amsf
onts.sty
Package: amsfonts 2013/01/14 v3.01 Basic AMSFonts support
\@emptytoks=\toks14
\symAMSa=\mathgroup4
\symAMSb=\mathgroup5
LaTeX Font Info:    Overwriting math alphabet `\mathfrak' in version `bold'
(Font)                  U/euf/m/n --> U/euf/b/n on input line 106.
))
(c:/Users/LukeAustin/AppData/Roaming/TinyTeX/texmf-dist/tex/latex/amsmath/amsma
th.sty
Package: amsmath 2018/12/01 v2.17b AMS math features
\@mathmargin=\skip43
For additional information on amsmath, use the `?' option.

(c:/Users/LukeAustin/AppData/Roaming/TinyTeX/texmf-dist/tex/latex/amsmath/amste
xt.sty
Package: amstext 2000/06/29 v2.01 AMS text

(c:/Users/LukeAustin/AppData/Roaming/TinyTeX/texmf-dist/tex/latex/amsmath/amsge
n.sty
File: amsgen.sty 1999/11/30 v2.0 generic functions
\@emptytoks=\toks15
\ex@=\dimen103
))
(c:/Users/LukeAustin/AppData/Roaming/TinyTeX/texmf-dist/tex/latex/amsmath/amsbs
y.sty
Package: amsbsy 1999/11/29 v1.2d Bold Symbols
\pmbraise@=\dimen104
)
(c:/Users/LukeAustin/AppData/Roaming/TinyTeX/texmf-dist/tex/latex/amsmath/amsop
n.sty
Package: amsopn 2016/03/08 v2.02 operator names
)
\inf@bad=\count88
LaTeX Info: Redefining \frac on input line 223.
\uproot@=\count89
\leftroot@=\count90
LaTeX Info: Redefining \overline on input line 385.
\classnum@=\count91
\DOTSCASE@=\count92
LaTeX Info: Redefining \ldots on input line 482.
LaTeX Info: Redefining \dots on input line 485.
LaTeX Info: Redefining \cdots on input line 606.
\Mathstrutbox@=\box27
\strutbox@=\box28
\big@size=\dimen105
LaTeX Font Info:    Redeclaring font encoding OML on input line 729.
LaTeX Font Info:    Redeclaring font encoding OMS on input line 730.
\macc@depth=\count93
\c@MaxMatrixCols=\count94
\dotsspace@=\muskip10
\c@parentequation=\count95
\dspbrk@lvl=\count96
\tag@help=\toks16
\row@=\count97
\column@=\count98
\maxfields@=\count99
\andhelp@=\toks17
\eqnshift@=\dimen106
\alignsep@=\dimen107
\tagshift@=\dimen108
\tagwidth@=\dimen109
\totwidth@=\dimen110
\lineht@=\dimen111
\@envbody=\toks18
\multlinegap=\skip44
\multlinetaggap=\skip45
\mathdisplay@stack=\toks19
LaTeX Info: Redefining \[ on input line 2844.
LaTeX Info: Redefining \] on input line 2845.
)
(c:/Users/LukeAustin/AppData/Roaming/TinyTeX/texmf-dist/tex/generic/ifxetex/ifx
etex.sty
Package: ifxetex 2010/09/12 v0.6 Provides ifxetex conditional
)
(c:/Users/LukeAustin/AppData/Roaming/TinyTeX/texmf-dist/tex/generic/oberdiek/if
luatex.sty
Package: ifluatex 2016/05/16 v1.4 Provides the ifluatex switch (HO)
Package ifluatex Info: LuaTeX not detected.
)
(c:/Users/LukeAustin/AppData/Roaming/TinyTeX/texmf-dist/tex/latex/base/fixltx2e
.sty
Package: fixltx2e 2016/12/29 v2.1a fixes to LaTeX (obsolete)
Applying: [2015/01/01] Old fixltx2e package on input line 46.

Package fixltx2e Warning: fixltx2e is not required with releases after 2015
(fixltx2e)                All fixes are now in the LaTeX kernel.
(fixltx2e)                See the latexrelease package for details.

Already applied: [0000/00/00] Old fixltx2e package on input line 53.
)
(c:/Users/LukeAustin/AppData/Roaming/TinyTeX/texmf-dist/tex/latex/base/fontenc.
sty
Package: fontenc 2018/08/11 v2.0j Standard LaTeX package

(c:/Users/LukeAustin/AppData/Roaming/TinyTeX/texmf-dist/tex/latex/base/t1enc.de
f
File: t1enc.def 2018/08/11 v2.0j Standard LaTeX file
LaTeX Font Info:    Redeclaring font encoding T1 on input line 48.
))
(c:/Users/LukeAustin/AppData/Roaming/TinyTeX/texmf-dist/tex/latex/base/inputenc
.sty
Package: inputenc 2018/08/11 v1.3c Input encoding file
\inpenc@prehook=\toks20
\inpenc@posthook=\toks21
)
(c:/Users/LukeAustin/AppData/Roaming/TinyTeX/texmf-dist/tex/latex/upquote/upquo
te.sty
Package: upquote 2012/04/19 v1.3 upright-quote and grave-accent glyphs in verba
tim

(c:/Users/LukeAustin/AppData/Roaming/TinyTeX/texmf-dist/tex/latex/base/textcomp
.sty
Package: textcomp 2018/08/11 v2.0j Standard LaTeX package
Package textcomp Info: Sub-encoding information:
(textcomp)               5 = only ISO-Adobe without \textcurrency
(textcomp)               4 = 5 + \texteuro
(textcomp)               3 = 4 + \textohm
(textcomp)               2 = 3 + \textestimated + \textcurrency
(textcomp)               1 = TS1 - \textcircled - \t
(textcomp)               0 = TS1 (full)
(textcomp)             Font families with sub-encoding setting implement
(textcomp)             only a restricted character set as indicated.
(textcomp)             Family '?' is the default used for unknown fonts.
(textcomp)             See the documentation for details.
Package textcomp Info: Setting ? sub-encoding to TS1/1 on input line 79.

(c:/Users/LukeAustin/AppData/Roaming/TinyTeX/texmf-dist/tex/latex/base/ts1enc.d
ef
File: ts1enc.def 2001/06/05 v3.0e (jk/car/fm) Standard LaTeX file
Now handling font encoding TS1 ...
... processing UTF-8 mapping file for font encoding TS1

(c:/Users/LukeAustin/AppData/Roaming/TinyTeX/texmf-dist/tex/latex/base/ts1enc.d
fu
File: ts1enc.dfu 2018/10/05 v1.2f UTF-8 support for inputenc
   defining Unicode char U+00A2 (decimal 162)
   defining Unicode char U+00A3 (decimal 163)
   defining Unicode char U+00A4 (decimal 164)
   defining Unicode char U+00A5 (decimal 165)
   defining Unicode char U+00A6 (decimal 166)
   defining Unicode char U+00A7 (decimal 167)
   defining Unicode char U+00A8 (decimal 168)
   defining Unicode char U+00A9 (decimal 169)
   defining Unicode char U+00AA (decimal 170)
   defining Unicode char U+00AC (decimal 172)
   defining Unicode char U+00AE (decimal 174)
   defining Unicode char U+00AF (decimal 175)
   defining Unicode char U+00B0 (decimal 176)
   defining Unicode char U+00B1 (decimal 177)
   defining Unicode char U+00B2 (decimal 178)
   defining Unicode char U+00B3 (decimal 179)
   defining Unicode char U+00B4 (decimal 180)
   defining Unicode char U+00B5 (decimal 181)
   defining Unicode char U+00B6 (decimal 182)
   defining Unicode char U+00B7 (decimal 183)
   defining Unicode char U+00B9 (decimal 185)
   defining Unicode char U+00BA (decimal 186)
   defining Unicode char U+00BC (decimal 188)
   defining Unicode char U+00BD (decimal 189)
   defining Unicode char U+00BE (decimal 190)
   defining Unicode char U+00D7 (decimal 215)
   defining Unicode char U+00F7 (decimal 247)
   defining Unicode char U+0192 (decimal 402)
   defining Unicode char U+02C7 (decimal 711)
   defining Unicode char U+02D8 (decimal 728)
   defining Unicode char U+02DD (decimal 733)
   defining Unicode char U+0E3F (decimal 3647)
   defining Unicode char U+2016 (decimal 8214)
   defining Unicode char U+2020 (decimal 8224)
   defining Unicode char U+2021 (decimal 8225)
   defining Unicode char U+2022 (decimal 8226)
   defining Unicode char U+2030 (decimal 8240)
   defining Unicode char U+2031 (decimal 8241)
   defining Unicode char U+203B (decimal 8251)
   defining Unicode char U+203D (decimal 8253)
   defining Unicode char U+2044 (decimal 8260)
   defining Unicode char U+204E (decimal 8270)
   defining Unicode char U+2052 (decimal 8274)
   defining Unicode char U+20A1 (decimal 8353)
   defining Unicode char U+20A4 (decimal 8356)
   defining Unicode char U+20A6 (decimal 8358)
   defining Unicode char U+20A9 (decimal 8361)
   defining Unicode char U+20AB (decimal 8363)
   defining Unicode char U+20AC (decimal 8364)
   defining Unicode char U+20B1 (decimal 8369)
   defining Unicode char U+2103 (decimal 8451)
   defining Unicode char U+2116 (decimal 8470)
   defining Unicode char U+2117 (decimal 8471)
   defining Unicode char U+211E (decimal 8478)
   defining Unicode char U+2120 (decimal 8480)
   defining Unicode char U+2122 (decimal 8482)
   defining Unicode char U+2126 (decimal 8486)
   defining Unicode char U+2127 (decimal 8487)
   defining Unicode char U+212E (decimal 8494)
   defining Unicode char U+2190 (decimal 8592)
   defining Unicode char U+2191 (decimal 8593)
   defining Unicode char U+2192 (decimal 8594)
   defining Unicode char U+2193 (decimal 8595)
   defining Unicode char U+2329 (decimal 9001)
   defining Unicode char U+232A (decimal 9002)
   defining Unicode char U+2422 (decimal 9250)
   defining Unicode char U+25E6 (decimal 9702)
   defining Unicode char U+25EF (decimal 9711)
   defining Unicode char U+266A (decimal 9834)
   defining Unicode char U+FEFF (decimal 65279)
))
LaTeX Info: Redefining \oldstylenums on input line 334.
Package textcomp Info: Setting cmr sub-encoding to TS1/0 on input line 349.
Package textcomp Info: Setting cmss sub-encoding to TS1/0 on input line 350.
Package textcomp Info: Setting cmtt sub-encoding to TS1/0 on input line 351.
Package textcomp Info: Setting cmvtt sub-encoding to TS1/0 on input line 352.
Package textcomp Info: Setting cmbr sub-encoding to TS1/0 on input line 353.
Package textcomp Info: Setting cmtl sub-encoding to TS1/0 on input line 354.
Package textcomp Info: Setting ccr sub-encoding to TS1/0 on input line 355.
Package textcomp Info: Setting ptm sub-encoding to TS1/4 on input line 356.
Package textcomp Info: Setting pcr sub-encoding to TS1/4 on input line 357.
Package textcomp Info: Setting phv sub-encoding to TS1/4 on input line 358.
Package textcomp Info: Setting ppl sub-encoding to TS1/3 on input line 359.
Package textcomp Info: Setting pag sub-encoding to TS1/4 on input line 360.
Package textcomp Info: Setting pbk sub-encoding to TS1/4 on input line 361.
Package textcomp Info: Setting pnc sub-encoding to TS1/4 on input line 362.
Package textcomp Info: Setting pzc sub-encoding to TS1/4 on input line 363.
Package textcomp Info: Setting bch sub-encoding to TS1/4 on input line 364.
Package textcomp Info: Setting put sub-encoding to TS1/5 on input line 365.
Package textcomp Info: Setting uag sub-encoding to TS1/5 on input line 366.
Package textcomp Info: Setting ugq sub-encoding to TS1/5 on input line 367.
Package textcomp Info: Setting ul8 sub-encoding to TS1/4 on input line 368.
Package textcomp Info: Setting ul9 sub-encoding to TS1/4 on input line 369.
Package textcomp Info: Setting augie sub-encoding to TS1/5 on input line 370.
Package textcomp Info: Setting dayrom sub-encoding to TS1/3 on input line 371.
Package textcomp Info: Setting dayroms sub-encoding to TS1/3 on input line 372.

Package textcomp Info: Setting pxr sub-encoding to TS1/0 on input line 373.
Package textcomp Info: Setting pxss sub-encoding to TS1/0 on input line 374.
Package textcomp Info: Setting pxtt sub-encoding to TS1/0 on input line 375.
Package textcomp Info: Setting txr sub-encoding to TS1/0 on input line 376.
Package textcomp Info: Setting txss sub-encoding to TS1/0 on input line 377.
Package textcomp Info: Setting txtt sub-encoding to TS1/0 on input line 378.
Package textcomp Info: Setting lmr sub-encoding to TS1/0 on input line 379.
Package textcomp Info: Setting lmdh sub-encoding to TS1/0 on input line 380.
Package textcomp Info: Setting lmss sub-encoding to TS1/0 on input line 381.
Package textcomp Info: Setting lmssq sub-encoding to TS1/0 on input line 382.
Package textcomp Info: Setting lmvtt sub-encoding to TS1/0 on input line 383.
Package textcomp Info: Setting lmtt sub-encoding to TS1/0 on input line 384.
Package textcomp Info: Setting qhv sub-encoding to TS1/0 on input line 385.
Package textcomp Info: Setting qag sub-encoding to TS1/0 on input line 386.
Package textcomp Info: Setting qbk sub-encoding to TS1/0 on input line 387.
Package textcomp Info: Setting qcr sub-encoding to TS1/0 on input line 388.
Package textcomp Info: Setting qcs sub-encoding to TS1/0 on input line 389.
Package textcomp Info: Setting qpl sub-encoding to TS1/0 on input line 390.
Package textcomp Info: Setting qtm sub-encoding to TS1/0 on input line 391.
Package textcomp Info: Setting qzc sub-encoding to TS1/0 on input line 392.
Package textcomp Info: Setting qhvc sub-encoding to TS1/0 on input line 393.
Package textcomp Info: Setting futs sub-encoding to TS1/4 on input line 394.
Package textcomp Info: Setting futx sub-encoding to TS1/4 on input line 395.
Package textcomp Info: Setting futj sub-encoding to TS1/4 on input line 396.
Package textcomp Info: Setting hlh sub-encoding to TS1/3 on input line 397.
Package textcomp Info: Setting hls sub-encoding to TS1/3 on input line 398.
Package textcomp Info: Setting hlst sub-encoding to TS1/3 on input line 399.
Package textcomp Info: Setting hlct sub-encoding to TS1/5 on input line 400.
Package textcomp Info: Setting hlx sub-encoding to TS1/5 on input line 401.
Package textcomp Info: Setting hlce sub-encoding to TS1/5 on input line 402.
Package textcomp Info: Setting hlcn sub-encoding to TS1/5 on input line 403.
Package textcomp Info: Setting hlcw sub-encoding to TS1/5 on input line 404.
Package textcomp Info: Setting hlcf sub-encoding to TS1/5 on input line 405.
Package textcomp Info: Setting pplx sub-encoding to TS1/3 on input line 406.
Package textcomp Info: Setting pplj sub-encoding to TS1/3 on input line 407.
Package textcomp Info: Setting ptmx sub-encoding to TS1/4 on input line 408.
Package textcomp Info: Setting ptmj sub-encoding to TS1/4 on input line 409.
))
(c:/Users/LukeAustin/AppData/Roaming/TinyTeX/texmf-dist/tex/latex/geometry/geom
etry.sty
Package: geometry 2018/04/16 v5.8 Page Geometry

(c:/Users/LukeAustin/AppData/Roaming/TinyTeX/texmf-dist/tex/latex/graphics/keyv
al.sty
Package: keyval 2014/10/28 v1.15 key=value parser (DPC)
\KV@toks@=\toks22
)
(c:/Users/LukeAustin/AppData/Roaming/TinyTeX/texmf-dist/tex/generic/oberdiek/if
pdf.sty
Package: ifpdf 2018/09/07 v3.3 Provides the ifpdf switch
)
(c:/Users/LukeAustin/AppData/Roaming/TinyTeX/texmf-dist/tex/generic/oberdiek/if
vtex.sty
Package: ifvtex 2016/05/16 v1.6 Detect VTeX and its facilities (HO)
Package ifvtex Info: VTeX not detected.
)
\Gm@cnth=\count100
\Gm@cntv=\count101
\c@Gm@tempcnt=\count102
\Gm@bindingoffset=\dimen112
\Gm@wd@mp=\dimen113
\Gm@odd@mp=\dimen114
\Gm@even@mp=\dimen115
\Gm@layoutwidth=\dimen116
\Gm@layoutheight=\dimen117
\Gm@layouthoffset=\dimen118
\Gm@layoutvoffset=\dimen119
\Gm@dimlist=\toks23
)
(c:/Users/LukeAustin/AppData/Roaming/TinyTeX/texmf-dist/tex/latex/hyperref/hype
rref.sty
Package: hyperref 2019/06/12 v6.88h Hypertext links for LaTeX

(c:/Users/LukeAustin/AppData/Roaming/TinyTeX/texmf-dist/tex/generic/oberdiek/ho
bsub-hyperref.sty
Package: hobsub-hyperref 2016/05/16 v1.14 Bundle oberdiek, subset hyperref (HO)


(c:/Users/LukeAustin/AppData/Roaming/TinyTeX/texmf-dist/tex/generic/oberdiek/ho
bsub-generic.sty
Package: hobsub-generic 2016/05/16 v1.14 Bundle oberdiek, subset generic (HO)
Package: hobsub 2016/05/16 v1.14 Construct package bundles (HO)
Package: infwarerr 2016/05/16 v1.4 Providing info/warning/error messages (HO)
Package: ltxcmds 2016/05/16 v1.23 LaTeX kernel commands for general use (HO)
Package hobsub Info: Skipping package `ifluatex' (already loaded).
Package hobsub Info: Skipping package `ifvtex' (already loaded).
Package: intcalc 2016/05/16 v1.2 Expandable calculations with integers (HO)
Package hobsub Info: Skipping package `ifpdf' (already loaded).
Package: etexcmds 2016/05/16 v1.6 Avoid name clashes with e-TeX commands (HO)
Package: kvsetkeys 2016/05/16 v1.17 Key value parser (HO)
Package: kvdefinekeys 2016/05/16 v1.4 Define keys (HO)
Package: pdftexcmds 2019/07/25 v0.30 Utility functions of pdfTeX for LuaTeX (HO
)
Package pdftexcmds Info: LuaTeX not detected.
Package pdftexcmds Info: \pdf@primitive is available.
Package pdftexcmds Info: \pdf@ifprimitive is available.
Package pdftexcmds Info: \pdfdraftmode found.
Package: pdfescape 2016/05/16 v1.14 Implements pdfTeX's escape features (HO)
Package: bigintcalc 2016/05/16 v1.4 Expandable calculations on big integers (HO
)
Package: bitset 2016/05/16 v1.2 Handle bit-vector datatype (HO)
Package: uniquecounter 2016/05/16 v1.3 Provide unlimited unique counter (HO)
)
Package hobsub Info: Skipping package `hobsub' (already loaded).
Package: letltxmacro 2016/05/16 v1.5 Let assignment for LaTeX macros (HO)
Package: hopatch 2016/05/16 v1.3 Wrapper for package hooks (HO)
Package: xcolor-patch 2016/05/16 xcolor patch
Package: atveryend 2016/05/16 v1.9 Hooks at the very end of document (HO)
Package atveryend Info: \enddocument detected (standard20110627).
Package: atbegshi 2016/06/09 v1.18 At begin shipout hook (HO)
Package: refcount 2016/05/16 v3.5 Data extraction from label references (HO)
Package: hycolor 2016/05/16 v1.8 Color options for hyperref/bookmark (HO)
)
(c:/Users/LukeAustin/AppData/Roaming/TinyTeX/texmf-dist/tex/latex/oberdiek/auxh
ook.sty
Package: auxhook 2016/05/16 v1.4 Hooks for auxiliary files (HO)
)
(c:/Users/LukeAustin/AppData/Roaming/TinyTeX/texmf-dist/tex/latex/oberdiek/kvop
tions.sty
Package: kvoptions 2016/05/16 v3.12 Key value format for package options (HO)
)
\@linkdim=\dimen120
\Hy@linkcounter=\count103
\Hy@pagecounter=\count104

(c:/Users/LukeAustin/AppData/Roaming/TinyTeX/texmf-dist/tex/latex/hyperref/pd1e
nc.def
File: pd1enc.def 2019/06/12 v6.88h Hyperref: PDFDocEncoding definition (HO)
Now handling font encoding PD1 ...
... no UTF-8 mapping file for font encoding PD1
)
\Hy@SavedSpaceFactor=\count105

(c:/Users/LukeAustin/AppData/Roaming/TinyTeX/texmf-dist/tex/latex/latexconfig/h
yperref.cfg
File: hyperref.cfg 2002/06/06 v1.2 hyperref configuration of TeXLive
)
Package hyperref Info: Hyper figures OFF on input line 4550.
Package hyperref Info: Link nesting OFF on input line 4555.
Package hyperref Info: Hyper index ON on input line 4558.
Package hyperref Info: Plain pages OFF on input line 4565.
Package hyperref Info: Backreferencing OFF on input line 4570.
Package hyperref Info: Implicit mode ON; LaTeX internals redefined.
Package hyperref Info: Bookmarks ON on input line 4803.
\c@Hy@tempcnt=\count106
(c:/Users/LukeAustin/AppData/Roaming/TinyTeX/texmf-dist/tex/latex/url/url.sty
\Urlmuskip=\muskip11
Package: url 2013/09/16  ver 3.4  Verb mode for urls, etc.
)
LaTeX Info: Redefining \url on input line 5156.
\XeTeXLinkMargin=\dimen121
\Fld@menulength=\count107
\Field@Width=\dimen122
\Fld@charsize=\dimen123
Package hyperref Info: Hyper figures OFF on input line 6411.
Package hyperref Info: Link nesting OFF on input line 6416.
Package hyperref Info: Hyper index ON on input line 6419.
Package hyperref Info: backreferencing OFF on input line 6426.
Package hyperref Info: Link coloring OFF on input line 6431.
Package hyperref Info: Link coloring with OCG OFF on input line 6436.
Package hyperref Info: PDF/A mode OFF on input line 6441.
LaTeX Info: Redefining \ref on input line 6481.
LaTeX Info: Redefining \pageref on input line 6485.
\Hy@abspage=\count108
\c@Item=\count109
\c@Hfootnote=\count110
)
Package hyperref Info: Driver (autodetected): hpdftex.

(c:/Users/LukeAustin/AppData/Roaming/TinyTeX/texmf-dist/tex/latex/hyperref/hpdf
tex.def
File: hpdftex.def 2019/06/12 v6.88h Hyperref driver for pdfTeX
\Fld@listcount=\count111
\c@bookmark@seq@number=\count112

(c:/Users/LukeAustin/AppData/Roaming/TinyTeX/texmf-dist/tex/latex/oberdiek/reru
nfilecheck.sty
Package: rerunfilecheck 2016/05/16 v1.8 Rerun checks for auxiliary files (HO)
Package uniquecounter Info: New unique counter `rerunfilecheck' on input line 2
82.
)
\Hy@SectionHShift=\skip46
)
Package hyperref Info: Option `unicode' set `true' on input line 29.

(c:/Users/LukeAustin/AppData/Roaming/TinyTeX/texmf-dist/tex/latex/hyperref/puen
c.def
File: puenc.def 2019/06/12 v6.88h Hyperref: PDF Unicode definition (HO)
Now handling font encoding PU ...
... no UTF-8 mapping file for font encoding PU
)
Package hyperref Info: Option `breaklinks' set `true' on input line 29.

(c:/Users/LukeAustin/AppData/Roaming/TinyTeX/texmf-dist/tex/latex/graphics/grap
hicx.sty
Package: graphicx 2017/06/01 v1.1a Enhanced LaTeX Graphics (DPC,SPQR)

(c:/Users/LukeAustin/AppData/Roaming/TinyTeX/texmf-dist/tex/latex/graphics/grap
hics.sty
Package: graphics 2017/06/25 v1.2c Standard LaTeX Graphics (DPC,SPQR)

(c:/Users/LukeAustin/AppData/Roaming/TinyTeX/texmf-dist/tex/latex/graphics/trig
.sty
Package: trig 2016/01/03 v1.10 sin cos tan (DPC)
)
(c:/Users/LukeAustin/AppData/Roaming/TinyTeX/texmf-dist/tex/latex/graphics-cfg/
graphics.cfg
File: graphics.cfg 2016/06/04 v1.11 sample graphics configuration
)
Package graphics Info: Driver file: pdftex.def on input line 99.

(c:/Users/LukeAustin/AppData/Roaming/TinyTeX/texmf-dist/tex/latex/graphics-def/
pdftex.def
File: pdftex.def 2018/01/08 v1.0l Graphics/color driver for pdftex
))
\Gin@req@height=\dimen124
\Gin@req@width=\dimen125
)
(c:/Users/LukeAustin/AppData/Roaming/TinyTeX/texmf-dist/tex/latex/oberdiek/grff
ile.sty
Package: grffile 2017/06/30 v1.18 Extended file name support for graphics (HO)
Package grffile Info: Option `multidot' is set to `true'.
Package grffile Info: Option `extendedchars' is set to `false'.
Package grffile Info: Option `space' is set to `true'.
Package grffile Info: \Gin@ii of package `graphicx' fixed on input line 494.
)
(c:/Users/LukeAustin/AppData/Roaming/TinyTeX/texmf-dist/tex/latex/titling/titli
ng.sty
Package: titling 2009/09/04 v2.1d maketitle typesetting
\thanksmarkwidth=\skip47
\thanksmargin=\skip48
\droptitle=\skip49
)
(c:/Users/LukeAustin/AppData/Roaming/TinyTeX/texmf-dist/tex/latex/xcolor/xcolor
.sty
Package: xcolor 2016/05/11 v2.12 LaTeX color extensions (UK)

(c:/Users/LukeAustin/AppData/Roaming/TinyTeX/texmf-dist/tex/latex/graphics-cfg/
color.cfg
File: color.cfg 2016/01/02 v1.6 sample color configuration
)
Package xcolor Info: Driver file: pdftex.def on input line 225.

(c:/Users/LukeAustin/AppData/Roaming/TinyTeX/texmf-dist/tex/latex/colortbl/colo
rtbl.sty
Package: colortbl 2018/12/12 v1.0d Color table columns (DPC)

(c:/Users/LukeAustin/AppData/Roaming/TinyTeX/texmf-dist/tex/latex/tools/array.s
ty
Package: array 2018/12/30 v2.4k Tabular extension package (FMi)
\col@sep=\dimen126
\ar@mcellbox=\box29
\extrarowheight=\dimen127
\NC@list=\toks24
\extratabsurround=\skip50
\backup@length=\skip51
\ar@cellbox=\box30
)
\everycr=\toks25
\minrowclearance=\skip52
)
\rownum=\count113
Package xcolor Info: Model `cmy' substituted by `cmy0' on input line 1348.
Package xcolor Info: Model `hsb' substituted by `rgb' on input line 1352.
Package xcolor Info: Model `RGB' extended on input line 1364.
Package xcolor Info: Model `HTML' substituted by `rgb' on input line 1366.
Package xcolor Info: Model `Hsb' substituted by `hsb' on input line 1367.
Package xcolor Info: Model `tHsb' substituted by `hsb' on input line 1368.
Package xcolor Info: Model `HSB' substituted by `hsb' on input line 1369.
Package xcolor Info: Model `Gray' substituted by `gray' on input line 1370.
Package xcolor Info: Model `wave' substituted by `hsb' on input line 1371.
)
(c:/Users/LukeAustin/AppData/Roaming/TinyTeX/texmf-dist/tex/latex/fancyhdr/fanc
yhdr.sty
Package: fancyhdr 2019/01/31 v3.10 Extensive control of page headers and footer
s
\f@nch@headwidth=\skip53
\f@nch@O@elh=\skip54
\f@nch@O@erh=\skip55
\f@nch@O@olh=\skip56
\f@nch@O@orh=\skip57
\f@nch@O@elf=\skip58
\f@nch@O@erf=\skip59
\f@nch@O@olf=\skip60
\f@nch@O@orf=\skip61
)
(c:/Users/LukeAustin/AppData/Roaming/TinyTeX/texmf-dist/tex/latex/eurosym/euros
ym.sty
Package: eurosym 1998/08/06 v1.1 European currency symbol ``Euro''
\@eurobox=\box31
)
(c:/Users/LukeAustin/AppData/Roaming/TinyTeX/texmf-dist/tex/latex/tools/longtab
le.sty
Package: longtable 2014/10/28 v4.11 Multi-page Table package (DPC)+ FMi change
\LTleft=\skip62
\LTright=\skip63
\LTpre=\skip64
\LTpost=\skip65
\LTchunksize=\count114
\LTcapwidth=\dimen128
\LT@head=\box32
\LT@firsthead=\box33
\LT@foot=\box34
\LT@lastfoot=\box35
\LT@cols=\count115
\LT@rows=\count116
\c@LT@tables=\count117
\c@LT@chunks=\count118
\LT@p@ftn=\toks26
)
(c:/Users/LukeAustin/AppData/Roaming/TinyTeX/texmf-dist/tex/latex/booktabs/book
tabs.sty
Package: booktabs 2016/04/27 v1.618033 publication quality tables
\heavyrulewidth=\dimen129
\lightrulewidth=\dimen130
\cmidrulewidth=\dimen131
\belowrulesep=\dimen132
\belowbottomsep=\dimen133
\aboverulesep=\dimen134
\abovetopsep=\dimen135
\cmidrulesep=\dimen136
\cmidrulekern=\dimen137
\defaultaddspace=\dimen138
\@cmidla=\count119
\@cmidlb=\count120
\@aboverulesep=\dimen139
\@belowrulesep=\dimen140
\@thisruleclass=\count121
\@lastruleclass=\count122
\@thisrulewidth=\dimen141
)
(c:/Users/LukeAustin/AppData/Roaming/TinyTeX/texmf-dist/tex/latex/oberdiek/pdfl
scape.sty
Package: pdflscape 2016/05/14 v0.11 Display of landscape pages in PDF (HO)

(c:/Users/LukeAustin/AppData/Roaming/TinyTeX/texmf-dist/tex/latex/graphics/lsca
pe.sty
Package: lscape 2000/10/22 v3.01 Landscape Pages (DPC)
)
Package pdflscape Info: Auto-detected driver: pdftex on input line 81.
)
(c:/Users/LukeAustin/AppData/Roaming/TinyTeX/texmf-dist/tex/latex/multirow/mult
irow.sty
Package: multirow 2019/05/31 v2.5 Span multiple rows of a table
\multirow@colwidth=\skip66
\multirow@cntb=\count123
\multirow@dima=\skip67
\bigstrutjot=\dimen142
)
(c:/Users/LukeAustin/AppData/Roaming/TinyTeX/texmf-dist/tex/latex/makecell/make
cell.sty
Package: makecell 2009/08/03 V0.1e Managing of Tab Column Heads and Cells
\rotheadsize=\dimen143
\c@nlinenum=\count124
\TeXr@lab=\toks27
) (./MonthlyPerformanceReport-2020-01.aux)
\openout1 = `MonthlyPerformanceReport-2020-01.aux'.

LaTeX Font Info:    Checking defaults for OML/cmm/m/it on input line 104.
LaTeX Font Info:    ... okay on input line 104.
LaTeX Font Info:    Checking defaults for T1/cmr/m/n on input line 104.
LaTeX Font Info:    ... okay on input line 104.
LaTeX Font Info:    Checking defaults for OT1/cmr/m/n on input line 104.
LaTeX Font Info:    ... okay on input line 104.
LaTeX Font Info:    Checking defaults for OMS/cmsy/m/n on input line 104.
LaTeX Font Info:    ... okay on input line 104.
LaTeX Font Info:    Checking defaults for OMX/cmex/m/n on input line 104.
LaTeX Font Info:    ... okay on input line 104.
LaTeX Font Info:    Checking defaults for U/cmr/m/n on input line 104.
LaTeX Font Info:    ... okay on input line 104.
LaTeX Font Info:    Checking defaults for TS1/cmr/m/n on input line 104.
LaTeX Font Info:    Try loading font information for TS1+cmr on input line 104.


(c:/Users/LukeAustin/AppData/Roaming/TinyTeX/texmf-dist/tex/latex/base/ts1cmr.f
d
File: ts1cmr.fd 2014/09/29 v2.5h Standard LaTeX font definitions
)
LaTeX Font Info:    ... okay on input line 104.
LaTeX Font Info:    Checking defaults for PD1/pdf/m/n on input line 104.
LaTeX Font Info:    ... okay on input line 104.
LaTeX Font Info:    Checking defaults for PU/pdf/m/n on input line 104.
LaTeX Font Info:    ... okay on input line 104.
LaTeX Font Info:    Try loading font information for T1+lmr on input line 104.
(c:/Users/LukeAustin/AppData/Roaming/TinyTeX/texmf-dist/tex/latex/lm/t1lmr.fd
File: t1lmr.fd 2009/10/30 v1.6 Font defs for Latin Modern
)
*geometry* driver: auto-detecting
*geometry* detected driver: pdftex
*geometry* verbose mode - [ preamble ] result:
* driver: pdftex
* paper: <default>
* layout: <same size as paper>
* layoutoffset:(h,v)=(0.0pt,0.0pt)
* modes: 
* h-part:(L,W,R)=(72.26999pt, 469.75502pt, 72.26999pt)
* v-part:(T,H,B)=(72.26999pt, 650.43001pt, 72.26999pt)
* \paperwidth=614.295pt
* \paperheight=794.96999pt
* \textwidth=469.75502pt
* \textheight=650.43001pt
* \oddsidemargin=0.0pt
* \evensidemargin=0.0pt
* \topmargin=-37.0pt
* \headheight=12.0pt
* \headsep=25.0pt
* \topskip=12.0pt
* \footskip=30.0pt
* \marginparwidth=44.0pt
* \marginparsep=10.0pt
* \columnsep=10.0pt
* \skip\footins=10.8pt plus 4.0pt minus 2.0pt
* \hoffset=0.0pt
* \voffset=0.0pt
* \mag=1000
* \@twocolumnfalse
* \@twosidefalse
* \@mparswitchfalse
* \@reversemarginfalse
* (1in=72.27pt=25.4mm, 1cm=28.453pt)

\AtBeginShipoutBox=\box36
Package hyperref Info: Link coloring OFF on input line 104.

(c:/Users/LukeAustin/AppData/Roaming/TinyTeX/texmf-dist/tex/latex/hyperref/name
ref.sty
Package: nameref 2016/05/21 v2.44 Cross-referencing by name of section

(c:/Users/LukeAustin/AppData/Roaming/TinyTeX/texmf-dist/tex/generic/oberdiek/ge
ttitlestring.sty
Package: gettitlestring 2016/05/16 v1.5 Cleanup title references (HO)
)
\c@section@level=\count125
)
LaTeX Info: Redefining \ref on input line 104.
LaTeX Info: Redefining \pageref on input line 104.
LaTeX Info: Redefining \nameref on input line 104.
(./MonthlyPerformanceReport-2020-01.out) (./MonthlyPerformanceReport-2020-01.ou
t)
\@outlinefile=\write3
\openout3 = `MonthlyPerformanceReport-2020-01.out'.


(c:/Users/LukeAustin/AppData/Roaming/TinyTeX/texmf-dist/tex/latex/oberdiek/epst
opdf-base.sty
Package: epstopdf-base 2016/05/15 v2.6 Base part for package epstopdf

(c:/Users/LukeAustin/AppData/Roaming/TinyTeX/texmf-dist/tex/latex/oberdiek/grfe
xt.sty
Package: grfext 2016/05/16 v1.2 Manage graphics extensions (HO)
)
Package epstopdf-base Info: Redefining graphics rule for `.eps' on input line 4
38.
Package grfext Info: Graphics extension search list:
(grfext)             [.pdf,.png,.jpg,.mps,.jpeg,.jbig2,.jb2,.PDF,.PNG,.JPG,.JPE
G,.JBIG2,.JB2,.eps]
(grfext)             \AppendGraphicsExtensions on input line 456.

(c:/Users/LukeAustin/AppData/Roaming/TinyTeX/texmf-dist/tex/latex/latexconfig/e
pstopdf-sys.cfg
File: epstopdf-sys.cfg 2010/07/13 v1.3 Configuration of (r)epstopdf for TeX Liv
e
))
<mosl_title.png, id=60, 163.5711pt x 50.8299pt>
File: mosl_title.png Graphic file (type png)
<use mosl_title.png>
Package pdftex.def Info: mosl_title.png  used on input line 105.
(pdftex.def)             Requested size: 163.57568pt x 50.8313pt.
(./MonthlyPerformanceReport-2020-01.toc
LaTeX Font Info:    Try loading font information for OT1+lmr on input line 2.
(c:/Users/LukeAustin/AppData/Roaming/TinyTeX/texmf-dist/tex/latex/lm/ot1lmr.fd
File: ot1lmr.fd 2009/10/30 v1.6 Font defs for Latin Modern
)
LaTeX Font Info:    Try loading font information for OML+lmm on input line 2.
(c:/Users/LukeAustin/AppData/Roaming/TinyTeX/texmf-dist/tex/latex/lm/omllmm.fd
File: omllmm.fd 2009/10/30 v1.6 Font defs for Latin Modern
)
LaTeX Font Info:    Try loading font information for OMS+lmsy on input line 2.

(c:/Users/LukeAustin/AppData/Roaming/TinyTeX/texmf-dist/tex/latex/lm/omslmsy.fd
File: omslmsy.fd 2009/10/30 v1.6 Font defs for Latin Modern
)
LaTeX Font Info:    Try loading font information for OMX+lmex on input line 2.

(c:/Users/LukeAustin/AppData/Roaming/TinyTeX/texmf-dist/tex/latex/lm/omxlmex.fd
File: omxlmex.fd 2009/10/30 v1.6 Font defs for Latin Modern
)
LaTeX Font Info:    External font `lmex10' loaded for size
(Font)              <12> on input line 2.
LaTeX Font Info:    External font `lmex10' loaded for size
(Font)              <8> on input line 2.
LaTeX Font Info:    External font `lmex10' loaded for size
(Font)              <6> on input line 2.
LaTeX Font Info:    Try loading font information for U+msa on input line 2.

(c:/Users/LukeAustin/AppData/Roaming/TinyTeX/texmf-dist/tex/latex/amsfonts/umsa
.fd
File: umsa.fd 2013/01/14 v3.01 AMS symbols A
)
LaTeX Font Info:    Try loading font information for U+msb on input line 2.

(c:/Users/LukeAustin/AppData/Roaming/TinyTeX/texmf-dist/tex/latex/amsfonts/umsb
.fd
File: umsb.fd 2013/01/14 v3.01 AMS symbols B
))
\tf@toc=\write4
\openout4 = `MonthlyPerformanceReport-2020-01.toc'.

[1

{c:/Users/LukeAustin/AppData/Roaming/TinyTeX/texmf-var/fonts/map/pdftex/updmap/
pdftex.map} <./mosl_title.png>]
LaTeX Font Info:    Try loading font information for TS1+lmr on input line 129.

(c:/Users/LukeAustin/AppData/Roaming/TinyTeX/texmf-dist/tex/latex/lm/ts1lmr.fd
File: ts1lmr.fd 2009/10/30 v1.6 Font defs for Latin Modern
)
Overfull \hbox (11.24661pt too wide) in alignment at lines 197--202
 [] [] [] [] [] 
 []


Overfull \hbox (11.24661pt too wide) in alignment at lines 202--207
 [] [] [] [] [] 
 []


Overfull \hbox (11.24661pt too wide) in alignment at lines 207--209
 [] [] [] [] [] 
 []


Overfull \hbox (11.24661pt too wide) in alignment at lines 209--211
 [] [] [] [] [] 
 []


Overfull \hbox (11.24661pt too wide) in alignment at lines 211--232
 [] [] [] [] [] 
 []

<mosl_header.png, id=87, 597.432pt x 85.2786pt>
File: mosl_header.png Graphic file (type png)
<use mosl_header.png>
Package pdftex.def Info: mosl_header.png  used on input line 232.
(pdftex.def)             Requested size: 170.71657pt x 24.3684pt.

Package Fancyhdr Warning: \headheight is too small (12.0pt): 
Make it at least 28.71843pt.
We now make it that large for the rest of the document.
This may cause the page layout to be inconsistent, however.

[2 <./mosl_header.png>]
Overfull \hbox (11.24661pt too wide) in alignment at lines 232--243
 [] [] [] [] [] 
 []

File: mosl_header.png Graphic file (type png)
<use mosl_header.png>
Package pdftex.def Info: mosl_header.png  used on input line 243.
(pdftex.def)             Requested size: 170.71657pt x 24.3684pt.
[3]
File: mosl_header.png Graphic file (type png)
<use mosl_header.png>
Package pdftex.def Info: mosl_header.png  used on input line 274.
(pdftex.def)             Requested size: 170.71657pt x 24.3684pt.
[4]
File: mosl_header.png Graphic file (type png)
<use mosl_header.png>
Package pdftex.def Info: mosl_header.png  used on input line 306.
(pdftex.def)             Requested size: 170.71657pt x 24.3684pt.
[5]
File: mosl_header.png Graphic file (type png)
<use mosl_header.png>
Package pdftex.def Info: mosl_header.png  used on input line 306.
(pdftex.def)             Requested size: 170.71657pt x 24.3684pt.
[6]
File: mosl_header.png Graphic file (type png)
<use mosl_header.png>
Package pdftex.def Info: mosl_header.png  used on input line 355.
(pdftex.def)             Requested size: 170.71657pt x 24.3684pt.
[7]
File: mosl_header.png Graphic file (type png)
<use mosl_header.png>
Package pdftex.def Info: mosl_header.png  used on input line 367.
(pdftex.def)             Requested size: 170.71657pt x 24.3684pt.
[8]
<C:/Users/LUKEAU~1/ONEDRI~1/LUKE_B~1/Luke/DATAAN~1/PERFOR~2/MONTHL~1/MONTHL~1/f
igure-latex/unnamed-chunk-7-1.pdf, id=135, 578.16pt x 230.8625pt>
File: C:/Users/LUKEAU~1/ONEDRI~1/LUKE_B~1/Luke/DATAAN~1/PERFOR~2/MONTHL~1/MONTH
L~1/figure-latex/unnamed-chunk-7-1.pdf Graphic file (type pdf)
<use C:/Users/LUKEAU~1/ONEDRI~1/LUKE_B~1/Luke/DATAAN~1/PERFOR~2/MONTHL~1/MONTHL
~1/figure-latex/unnamed-chunk-7-1.pdf>
Package pdftex.def Info: C:/Users/LUKEAU~1/ONEDRI~1/LUKE_B~1/Luke/DATAAN~1/PERF
OR~2/MONTHL~1/MONTHL~1/figure-latex/unnamed-chunk-7-1.pdf  used on input line 3
76.
(pdftex.def)             Requested size: 469.75385pt x 187.5753pt.
<C:/Users/LUKEAU~1/ONEDRI~1/LUKE_B~1/Luke/DATAAN~1/PERFOR~2/MONTHL~1/MONTHL~1/f
igure-latex/unnamed-chunk-7-2.pdf, id=136, 578.16pt x 230.8625pt>
File: C:/Users/LUKEAU~1/ONEDRI~1/LUKE_B~1/Luke/DATAAN~1/PERFOR~2/MONTHL~1/MONTH
L~1/figure-latex/unnamed-chunk-7-2.pdf Graphic file (type pdf)
<use C:/Users/LUKEAU~1/ONEDRI~1/LUKE_B~1/Luke/DATAAN~1/PERFOR~2/MONTHL~1/MONTHL
~1/figure-latex/unnamed-chunk-7-2.pdf>
Package pdftex.def Info: C:/Users/LUKEAU~1/ONEDRI~1/LUKE_B~1/Luke/DATAAN~1/PERF
OR~2/MONTHL~1/MONTHL~1/figure-latex/unnamed-chunk-7-2.pdf  used on input line 3
77.
(pdftex.def)             Requested size: 469.75385pt x 187.5753pt.
<C:/Users/LUKEAU~1/ONEDRI~1/LUKE_B~1/Luke/DATAAN~1/PERFOR~2/MONTHL~1/MONTHL~1/f
igure-latex/unnamed-chunk-7-3.pdf, id=137, 578.16pt x 230.8625pt>
File: C:/Users/LUKEAU~1/ONEDRI~1/LUKE_B~1/Luke/DATAAN~1/PERFOR~2/MONTHL~1/MONTH
L~1/figure-latex/unnamed-chunk-7-3.pdf Graphic file (type pdf)
<use C:/Users/LUKEAU~1/ONEDRI~1/LUKE_B~1/Luke/DATAAN~1/PERFOR~2/MONTHL~1/MONTHL
~1/figure-latex/unnamed-chunk-7-3.pdf>
Package pdftex.def Info: C:/Users/LUKEAU~1/ONEDRI~1/LUKE_B~1/Luke/DATAAN~1/PERF
OR~2/MONTHL~1/MONTHL~1/figure-latex/unnamed-chunk-7-3.pdf  used on input line 3
78.
(pdftex.def)             Requested size: 469.75385pt x 187.5753pt.
<C:/Users/LUKEAU~1/ONEDRI~1/LUKE_B~1/Luke/DATAAN~1/PERFOR~2/MONTHL~1/MONTHL~1/f
igure-latex/unnamed-chunk-7-4.pdf, id=138, 578.16pt x 230.8625pt>
File: C:/Users/LUKEAU~1/ONEDRI~1/LUKE_B~1/Luke/DATAAN~1/PERFOR~2/MONTHL~1/MONTH
L~1/figure-latex/unnamed-chunk-7-4.pdf Graphic file (type pdf)
<use C:/Users/LUKEAU~1/ONEDRI~1/LUKE_B~1/Luke/DATAAN~1/PERFOR~2/MONTHL~1/MONTHL
~1/figure-latex/unnamed-chunk-7-4.pdf>
Package pdftex.def Info: C:/Users/LUKEAU~1/ONEDRI~1/LUKE_B~1/Luke/DATAAN~1/PERF
OR~2/MONTHL~1/MONTHL~1/figure-latex/unnamed-chunk-7-4.pdf  used on input line 3
79.
(pdftex.def)             Requested size: 469.75385pt x 187.5753pt.
<C:/Users/LUKEAU~1/ONEDRI~1/LUKE_B~1/Luke/DATAAN~1/PERFOR~2/MONTHL~1/MONTHL~1/f
igure-latex/unnamed-chunk-7-5.pdf, id=139, 578.16pt x 230.8625pt>
File: C:/Users/LUKEAU~1/ONEDRI~1/LUKE_B~1/Luke/DATAAN~1/PERFOR~2/MONTHL~1/MONTH
L~1/figure-latex/unnamed-chunk-7-5.pdf Graphic file (type pdf)
<use C:/Users/LUKEAU~1/ONEDRI~1/LUKE_B~1/Luke/DATAAN~1/PERFOR~2/MONTHL~1/MONTHL
~1/figure-latex/unnamed-chunk-7-5.pdf>
Package pdftex.def Info: C:/Users/LUKEAU~1/ONEDRI~1/LUKE_B~1/Luke/DATAAN~1/PERF
OR~2/MONTHL~1/MONTHL~1/figure-latex/unnamed-chunk-7-5.pdf  used on input line 3
80.
(pdftex.def)             Requested size: 469.75385pt x 187.5753pt.
<C:/Users/LUKEAU~1/ONEDRI~1/LUKE_B~1/Luke/DATAAN~1/PERFOR~2/MONTHL~1/MONTHL~1/f
igure-latex/unnamed-chunk-7-6.pdf, id=140, 578.16pt x 230.8625pt>
File: C:/Users/LUKEAU~1/ONEDRI~1/LUKE_B~1/Luke/DATAAN~1/PERFOR~2/MONTHL~1/MONTH
L~1/figure-latex/unnamed-chunk-7-6.pdf Graphic file (type pdf)
<use C:/Users/LUKEAU~1/ONEDRI~1/LUKE_B~1/Luke/DATAAN~1/PERFOR~2/MONTHL~1/MONTHL
~1/figure-latex/unnamed-chunk-7-6.pdf>
Package pdftex.def Info: C:/Users/LUKEAU~1/ONEDRI~1/LUKE_B~1/Luke/DATAAN~1/PERF
OR~2/MONTHL~1/MONTHL~1/figure-latex/unnamed-chunk-7-6.pdf  used on input line 3
81.
(pdftex.def)             Requested size: 469.75385pt x 187.5753pt.
<C:/Users/LUKEAU~1/ONEDRI~1/LUKE_B~1/Luke/DATAAN~1/PERFOR~2/MONTHL~1/MONTHL~1/f
igure-latex/unnamed-chunk-7-7.pdf, id=141, 578.16pt x 230.8625pt>
File: C:/Users/LUKEAU~1/ONEDRI~1/LUKE_B~1/Luke/DATAAN~1/PERFOR~2/MONTHL~1/MONTH
L~1/figure-latex/unnamed-chunk-7-7.pdf Graphic file (type pdf)
<use C:/Users/LUKEAU~1/ONEDRI~1/LUKE_B~1/Luke/DATAAN~1/PERFOR~2/MONTHL~1/MONTHL
~1/figure-latex/unnamed-chunk-7-7.pdf>
Package pdftex.def Info: C:/Users/LUKEAU~1/ONEDRI~1/LUKE_B~1/Luke/DATAAN~1/PERF
OR~2/MONTHL~1/MONTHL~1/figure-latex/unnamed-chunk-7-7.pdf  used on input line 3
82.
(pdftex.def)             Requested size: 469.75385pt x 187.5753pt.
<C:/Users/LUKEAU~1/ONEDRI~1/LUKE_B~1/Luke/DATAAN~1/PERFOR~2/MONTHL~1/MONTHL~1/f
igure-latex/unnamed-chunk-7-8.pdf, id=142, 578.16pt x 230.8625pt>
File: C:/Users/LUKEAU~1/ONEDRI~1/LUKE_B~1/Luke/DATAAN~1/PERFOR~2/MONTHL~1/MONTH
L~1/figure-latex/unnamed-chunk-7-8.pdf Graphic file (type pdf)
<use C:/Users/LUKEAU~1/ONEDRI~1/LUKE_B~1/Luke/DATAAN~1/PERFOR~2/MONTHL~1/MONTHL
~1/figure-latex/unnamed-chunk-7-8.pdf>
Package pdftex.def Info: C:/Users/LUKEAU~1/ONEDRI~1/LUKE_B~1/Luke/DATAAN~1/PERF
OR~2/MONTHL~1/MONTHL~1/figure-latex/unnamed-chunk-7-8.pdf  used on input line 3
83.
(pdftex.def)             Requested size: 469.75385pt x 187.5753pt.
<C:/Users/LUKEAU~1/ONEDRI~1/LUKE_B~1/Luke/DATAAN~1/PERFOR~2/MONTHL~1/MONTHL~1/f
igure-latex/unnamed-chunk-7-9.pdf, id=143, 578.16pt x 230.8625pt>
File: C:/Users/LUKEAU~1/ONEDRI~1/LUKE_B~1/Luke/DATAAN~1/PERFOR~2/MONTHL~1/MONTH
L~1/figure-latex/unnamed-chunk-7-9.pdf Graphic file (type pdf)
<use C:/Users/LUKEAU~1/ONEDRI~1/LUKE_B~1/Luke/DATAAN~1/PERFOR~2/MONTHL~1/MONTHL
~1/figure-latex/unnamed-chunk-7-9.pdf>
Package pdftex.def Info: C:/Users/LUKEAU~1/ONEDRI~1/LUKE_B~1/Luke/DATAAN~1/PERF
OR~2/MONTHL~1/MONTHL~1/figure-latex/unnamed-chunk-7-9.pdf  used on input line 3
84.
(pdftex.def)             Requested size: 469.75385pt x 187.5753pt.
<C:/Users/LUKEAU~1/ONEDRI~1/LUKE_B~1/Luke/DATAAN~1/PERFOR~2/MONTHL~1/MONTHL~1/f
igure-latex/unnamed-chunk-7-10.pdf, id=144, 578.16pt x 230.8625pt>
File: C:/Users/LUKEAU~1/ONEDRI~1/LUKE_B~1/Luke/DATAAN~1/PERFOR~2/MONTHL~1/MONTH
L~1/figure-latex/unnamed-chunk-7-10.pdf Graphic file (type pdf)
<use C:/Users/LUKEAU~1/ONEDRI~1/LUKE_B~1/Luke/DATAAN~1/PERFOR~2/MONTHL~1/MONTHL
~1/figure-latex/unnamed-chunk-7-10.pdf>
Package pdftex.def Info: C:/Users/LUKEAU~1/ONEDRI~1/LUKE_B~1/Luke/DATAAN~1/PERF
OR~2/MONTHL~1/MONTHL~1/figure-latex/unnamed-chunk-7-10.pdf  used on input line 
385.
(pdftex.def)             Requested size: 469.75385pt x 187.5753pt.
<C:/Users/LUKEAU~1/ONEDRI~1/LUKE_B~1/Luke/DATAAN~1/PERFOR~2/MONTHL~1/MONTHL~1/f
igure-latex/unnamed-chunk-7-11.pdf, id=145, 578.16pt x 230.8625pt>
File: C:/Users/LUKEAU~1/ONEDRI~1/LUKE_B~1/Luke/DATAAN~1/PERFOR~2/MONTHL~1/MONTH
L~1/figure-latex/unnamed-chunk-7-11.pdf Graphic file (type pdf)
<use C:/Users/LUKEAU~1/ONEDRI~1/LUKE_B~1/Luke/DATAAN~1/PERFOR~2/MONTHL~1/MONTHL
~1/figure-latex/unnamed-chunk-7-11.pdf>
Package pdftex.def Info: C:/Users/LUKEAU~1/ONEDRI~1/LUKE_B~1/Luke/DATAAN~1/PERF
OR~2/MONTHL~1/MONTHL~1/figure-latex/unnamed-chunk-7-11.pdf  used on input line 
386.
(pdftex.def)             Requested size: 469.75385pt x 187.5753pt.
<C:/Users/LUKEAU~1/ONEDRI~1/LUKE_B~1/Luke/DATAAN~1/PERFOR~2/MONTHL~1/MONTHL~1/f
igure-latex/unnamed-chunk-7-12.pdf, id=146, 578.16pt x 230.8625pt>
File: C:/Users/LUKEAU~1/ONEDRI~1/LUKE_B~1/Luke/DATAAN~1/PERFOR~2/MONTHL~1/MONTH
L~1/figure-latex/unnamed-chunk-7-12.pdf Graphic file (type pdf)
<use C:/Users/LUKEAU~1/ONEDRI~1/LUKE_B~1/Luke/DATAAN~1/PERFOR~2/MONTHL~1/MONTHL
~1/figure-latex/unnamed-chunk-7-12.pdf>
Package pdftex.def Info: C:/Users/LUKEAU~1/ONEDRI~1/LUKE_B~1/Luke/DATAAN~1/PERF
OR~2/MONTHL~1/MONTHL~1/figure-latex/unnamed-chunk-7-12.pdf  used on input line 
387.
(pdftex.def)             Requested size: 469.75385pt x 187.5753pt.
<C:/Users/LUKEAU~1/ONEDRI~1/LUKE_B~1/Luke/DATAAN~1/PERFOR~2/MONTHL~1/MONTHL~1/f
igure-latex/unnamed-chunk-7-13.pdf, id=147, 578.16pt x 230.8625pt>
File: C:/Users/LUKEAU~1/ONEDRI~1/LUKE_B~1/Luke/DATAAN~1/PERFOR~2/MONTHL~1/MONTH
L~1/figure-latex/unnamed-chunk-7-13.pdf Graphic file (type pdf)
<use C:/Users/LUKEAU~1/ONEDRI~1/LUKE_B~1/Luke/DATAAN~1/PERFOR~2/MONTHL~1/MONTHL
~1/figure-latex/unnamed-chunk-7-13.pdf>
Package pdftex.def Info: C:/Users/LUKEAU~1/ONEDRI~1/LUKE_B~1/Luke/DATAAN~1/PERF
OR~2/MONTHL~1/MONTHL~1/figure-latex/unnamed-chunk-7-13.pdf  used on input line 
388.
(pdftex.def)             Requested size: 469.75385pt x 187.5753pt.
<C:/Users/LUKEAU~1/ONEDRI~1/LUKE_B~1/Luke/DATAAN~1/PERFOR~2/MONTHL~1/MONTHL~1/f
igure-latex/unnamed-chunk-7-14.pdf, id=148, 578.16pt x 230.8625pt>
File: C:/Users/LUKEAU~1/ONEDRI~1/LUKE_B~1/Luke/DATAAN~1/PERFOR~2/MONTHL~1/MONTH
L~1/figure-latex/unnamed-chunk-7-14.pdf Graphic file (type pdf)
<use C:/Users/LUKEAU~1/ONEDRI~1/LUKE_B~1/Luke/DATAAN~1/PERFOR~2/MONTHL~1/MONTHL
~1/figure-latex/unnamed-chunk-7-14.pdf>
Package pdftex.def Info: C:/Users/LUKEAU~1/ONEDRI~1/LUKE_B~1/Luke/DATAAN~1/PERF
OR~2/MONTHL~1/MONTHL~1/figure-latex/unnamed-chunk-7-14.pdf  used on input line 
389.
(pdftex.def)             Requested size: 469.75385pt x 187.5753pt.
<C:/Users/LUKEAU~1/ONEDRI~1/LUKE_B~1/Luke/DATAAN~1/PERFOR~2/MONTHL~1/MONTHL~1/f
igure-latex/unnamed-chunk-7-15.pdf, id=149, 578.16pt x 230.8625pt>
File: C:/Users/LUKEAU~1/ONEDRI~1/LUKE_B~1/Luke/DATAAN~1/PERFOR~2/MONTHL~1/MONTH
L~1/figure-latex/unnamed-chunk-7-15.pdf Graphic file (type pdf)
<use C:/Users/LUKEAU~1/ONEDRI~1/LUKE_B~1/Luke/DATAAN~1/PERFOR~2/MONTHL~1/MONTHL
~1/figure-latex/unnamed-chunk-7-15.pdf>
Package pdftex.def Info: C:/Users/LUKEAU~1/ONEDRI~1/LUKE_B~1/Luke/DATAAN~1/PERF
OR~2/MONTHL~1/MONTHL~1/figure-latex/unnamed-chunk-7-15.pdf  used on input line 
390.
(pdftex.def)             Requested size: 469.75385pt x 187.5753pt.
<C:/Users/LUKEAU~1/ONEDRI~1/LUKE_B~1/Luke/DATAAN~1/PERFOR~2/MONTHL~1/MONTHL~1/f
igure-latex/unnamed-chunk-7-16.pdf, id=150, 578.16pt x 230.8625pt>
File: C:/Users/LUKEAU~1/ONEDRI~1/LUKE_B~1/Luke/DATAAN~1/PERFOR~2/MONTHL~1/MONTH
L~1/figure-latex/unnamed-chunk-7-16.pdf Graphic file (type pdf)
<use C:/Users/LUKEAU~1/ONEDRI~1/LUKE_B~1/Luke/DATAAN~1/PERFOR~2/MONTHL~1/MONTHL
~1/figure-latex/unnamed-chunk-7-16.pdf>
Package pdftex.def Info: C:/Users/LUKEAU~1/ONEDRI~1/LUKE_B~1/Luke/DATAAN~1/PERF
OR~2/MONTHL~1/MONTHL~1/figure-latex/unnamed-chunk-7-16.pdf  used on input line 
391.
(pdftex.def)             Requested size: 469.75385pt x 187.5753pt.
<C:/Users/LUKEAU~1/ONEDRI~1/LUKE_B~1/Luke/DATAAN~1/PERFOR~2/MONTHL~1/MONTHL~1/f
igure-latex/unnamed-chunk-7-17.pdf, id=151, 578.16pt x 230.8625pt>
File: C:/Users/LUKEAU~1/ONEDRI~1/LUKE_B~1/Luke/DATAAN~1/PERFOR~2/MONTHL~1/MONTH
L~1/figure-latex/unnamed-chunk-7-17.pdf Graphic file (type pdf)
<use C:/Users/LUKEAU~1/ONEDRI~1/LUKE_B~1/Luke/DATAAN~1/PERFOR~2/MONTHL~1/MONTHL
~1/figure-latex/unnamed-chunk-7-17.pdf>
Package pdftex.def Info: C:/Users/LUKEAU~1/ONEDRI~1/LUKE_B~1/Luke/DATAAN~1/PERF
OR~2/MONTHL~1/MONTHL~1/figure-latex/unnamed-chunk-7-17.pdf  used on input line 
392.
(pdftex.def)             Requested size: 469.75385pt x 187.5753pt.
<C:/Users/LUKEAU~1/ONEDRI~1/LUKE_B~1/Luke/DATAAN~1/PERFOR~2/MONTHL~1/MONTHL~1/f
igure-latex/unnamed-chunk-7-18.pdf, id=152, 578.16pt x 230.8625pt>
File: C:/Users/LUKEAU~1/ONEDRI~1/LUKE_B~1/Luke/DATAAN~1/PERFOR~2/MONTHL~1/MONTH
L~1/figure-latex/unnamed-chunk-7-18.pdf Graphic file (type pdf)
<use C:/Users/LUKEAU~1/ONEDRI~1/LUKE_B~1/Luke/DATAAN~1/PERFOR~2/MONTHL~1/MONTHL
~1/figure-latex/unnamed-chunk-7-18.pdf>
Package pdftex.def Info: C:/Users/LUKEAU~1/ONEDRI~1/LUKE_B~1/Luke/DATAAN~1/PERF
OR~2/MONTHL~1/MONTHL~1/figure-latex/unnamed-chunk-7-18.pdf  used on input line 
393.
(pdftex.def)             Requested size: 469.75385pt x 187.5753pt.

Underfull \hbox (badness 10000) in paragraph at lines 376--394
[][]
 []


Underfull \hbox (badness 10000) in paragraph at lines 376--394
[]
 []


Underfull \hbox (badness 10000) in paragraph at lines 376--394
[]
 []


Underfull \hbox (badness 10000) in paragraph at lines 376--394
[]
 []


Underfull \hbox (badness 10000) in paragraph at lines 376--394
[]
 []


Underfull \hbox (badness 10000) in paragraph at lines 376--394
[]
 []


Underfull \hbox (badness 10000) in paragraph at lines 376--394
[]
 []


Underfull \hbox (badness 10000) in paragraph at lines 376--394
[]
 []


Underfull \hbox (badness 10000) in paragraph at lines 376--394
[]
 []


Underfull \hbox (badness 10000) in paragraph at lines 376--394
[]
 []


Underfull \hbox (badness 10000) in paragraph at lines 376--394
[]
 []


Underfull \hbox (badness 10000) in paragraph at lines 376--394
[]
 []


Underfull \hbox (badness 10000) in paragraph at lines 376--394
[]
 []


Underfull \hbox (badness 10000) in paragraph at lines 376--394
[]
 []


Underfull \hbox (badness 10000) in paragraph at lines 376--394
[]
 []


Underfull \hbox (badness 10000) in paragraph at lines 376--394
[]
 []


Underfull \hbox (badness 10000) in paragraph at lines 376--394
[]
 []

File: mosl_header.png Graphic file (type png)
<use mosl_header.png>
Package pdftex.def Info: mosl_header.png  used on input line 394.
(pdftex.def)             Requested size: 170.71657pt x 24.3684pt.
[9 <c:/Users/LukeAustin/OneDrive - Market Operator Services Limited/Luke_Backup
/Luke/DataAnalysis/PerformanceMonitoringProject/MonthlyPerfReport/MonthlyPerfor
manceReport-2020-01_files/figure-latex/unnamed-chunk-7-1.pdf> <c:/Users/LukeAus
tin/OneDrive - Market Operator Services Limited/Luke_Backup/Luke/DataAnalysis/P
erformanceMonitoringProject/MonthlyPerfReport/MonthlyPerformanceReport-2020-01_
files/figure-latex/unnamed-chunk-7-2.pdf> <c:/Users/LukeAustin/OneDrive - Marke
t Operator Services Limited/Luke_Backup/Luke/DataAnalysis/PerformanceMonitoring
Project/MonthlyPerfReport/MonthlyPerformanceReport-2020-01_files/figure-latex/u
nnamed-chunk-7-3.pdf>]
File: mosl_header.png Graphic file (type png)
<use mosl_header.png>
Package pdftex.def Info: mosl_header.png  used on input line 394.
(pdftex.def)             Requested size: 170.71657pt x 24.3684pt.
[10 <c:/Users/LukeAustin/OneDrive - Market Operator Services Limited/Luke_Backu
p/Luke/DataAnalysis/PerformanceMonitoringProject/MonthlyPerfReport/MonthlyPerfo
rmanceReport-2020-01_files/figure-latex/unnamed-chunk-7-4.pdf> <c:/Users/LukeAu
stin/OneDrive - Market Operator Services Limited/Luke_Backup/Luke/DataAnalysis/
PerformanceMonitoringProject/MonthlyPerfReport/MonthlyPerformanceReport-2020-01
_files/figure-latex/unnamed-chunk-7-5.pdf> <c:/Users/LukeAustin/OneDrive - Mark
et Operator Services Limited/Luke_Backup/Luke/DataAnalysis/PerformanceMonitorin
gProject/MonthlyPerfReport/MonthlyPerformanceReport-2020-01_files/figure-latex/
unnamed-chunk-7-6.pdf>]
File: mosl_header.png Graphic file (type png)
<use mosl_header.png>
Package pdftex.def Info: mosl_header.png  used on input line 394.
(pdftex.def)             Requested size: 170.71657pt x 24.3684pt.
[11 <c:/Users/LukeAustin/OneDrive - Market Operator Services Limited/Luke_Backu
p/Luke/DataAnalysis/PerformanceMonitoringProject/MonthlyPerfReport/MonthlyPerfo
rmanceReport-2020-01_files/figure-latex/unnamed-chunk-7-7.pdf> <c:/Users/LukeAu
stin/OneDrive - Market Operator Services Limited/Luke_Backup/Luke/DataAnalysis/
PerformanceMonitoringProject/MonthlyPerfReport/MonthlyPerformanceReport-2020-01
_files/figure-latex/unnamed-chunk-7-8.pdf> <c:/Users/LukeAustin/OneDrive - Mark
et Operator Services Limited/Luke_Backup/Luke/DataAnalysis/PerformanceMonitorin
gProject/MonthlyPerfReport/MonthlyPerformanceReport-2020-01_files/figure-latex/
unnamed-chunk-7-9.pdf>]
File: mosl_header.png Graphic file (type png)
<use mosl_header.png>
Package pdftex.def Info: mosl_header.png  used on input line 394.
(pdftex.def)             Requested size: 170.71657pt x 24.3684pt.
[12 <c:/Users/LukeAustin/OneDrive - Market Operator Services Limited/Luke_Backu
p/Luke/DataAnalysis/PerformanceMonitoringProject/MonthlyPerfReport/MonthlyPerfo
rmanceReport-2020-01_files/figure-latex/unnamed-chunk-7-10.pdf> <c:/Users/LukeA
ustin/OneDrive - Market Operator Services Limited/Luke_Backup/Luke/DataAnalysis
/PerformanceMonitoringProject/MonthlyPerfReport/MonthlyPerformanceReport-2020-0
1_files/figure-latex/unnamed-chunk-7-11.pdf> <c:/Users/LukeAustin/OneDrive - Ma
rket Operator Services Limited/Luke_Backup/Luke/DataAnalysis/PerformanceMonitor
ingProject/MonthlyPerfReport/MonthlyPerformanceReport-2020-01_files/figure-late
x/unnamed-chunk-7-12.pdf>]
File: mosl_header.png Graphic file (type png)
<use mosl_header.png>
Package pdftex.def Info: mosl_header.png  used on input line 394.
(pdftex.def)             Requested size: 170.71657pt x 24.3684pt.
[13 <c:/Users/LukeAustin/OneDrive - Market Operator Services Limited/Luke_Backu
p/Luke/DataAnalysis/PerformanceMonitoringProject/MonthlyPerfReport/MonthlyPerfo
rmanceReport-2020-01_files/figure-latex/unnamed-chunk-7-13.pdf> <c:/Users/LukeA
ustin/OneDrive - Market Operator Services Limited/Luke_Backup/Luke/DataAnalysis
/PerformanceMonitoringProject/MonthlyPerfReport/MonthlyPerformanceReport-2020-0
1_files/figure-latex/unnamed-chunk-7-14.pdf> <c:/Users/LukeAustin/OneDrive - Ma
rket Operator Services Limited/Luke_Backup/Luke/DataAnalysis/PerformanceMonitor
ingProject/MonthlyPerfReport/MonthlyPerformanceReport-2020-01_files/figure-late
x/unnamed-chunk-7-15.pdf>]
<C:/Users/LUKEAU~1/ONEDRI~1/LUKE_B~1/Luke/DATAAN~1/PERFOR~2/MONTHL~1/MONTHL~1/f
igure-latex/unnamed-chunk-8-1.pdf, id=251, 578.16pt x 230.8625pt>
File: C:/Users/LUKEAU~1/ONEDRI~1/LUKE_B~1/Luke/DATAAN~1/PERFOR~2/MONTHL~1/MONTH
L~1/figure-latex/unnamed-chunk-8-1.pdf Graphic file (type pdf)
<use C:/Users/LUKEAU~1/ONEDRI~1/LUKE_B~1/Luke/DATAAN~1/PERFOR~2/MONTHL~1/MONTHL
~1/figure-latex/unnamed-chunk-8-1.pdf>
Package pdftex.def Info: C:/Users/LUKEAU~1/ONEDRI~1/LUKE_B~1/Luke/DATAAN~1/PERF
OR~2/MONTHL~1/MONTHL~1/figure-latex/unnamed-chunk-8-1.pdf  used on input line 4
01.
(pdftex.def)             Requested size: 469.75385pt x 187.5753pt.
<C:/Users/LUKEAU~1/ONEDRI~1/LUKE_B~1/Luke/DATAAN~1/PERFOR~2/MONTHL~1/MONTHL~1/f
igure-latex/unnamed-chunk-8-2.pdf, id=252, 578.16pt x 230.8625pt>
File: C:/Users/LUKEAU~1/ONEDRI~1/LUKE_B~1/Luke/DATAAN~1/PERFOR~2/MONTHL~1/MONTH
L~1/figure-latex/unnamed-chunk-8-2.pdf Graphic file (type pdf)
<use C:/Users/LUKEAU~1/ONEDRI~1/LUKE_B~1/Luke/DATAAN~1/PERFOR~2/MONTHL~1/MONTHL
~1/figure-latex/unnamed-chunk-8-2.pdf>
Package pdftex.def Info: C:/Users/LUKEAU~1/ONEDRI~1/LUKE_B~1/Luke/DATAAN~1/PERF
OR~2/MONTHL~1/MONTHL~1/figure-latex/unnamed-chunk-8-2.pdf  used on input line 4
02.
(pdftex.def)             Requested size: 469.75385pt x 187.5753pt.
<C:/Users/LUKEAU~1/ONEDRI~1/LUKE_B~1/Luke/DATAAN~1/PERFOR~2/MONTHL~1/MONTHL~1/f
igure-latex/unnamed-chunk-8-3.pdf, id=253, 578.16pt x 230.8625pt>
File: C:/Users/LUKEAU~1/ONEDRI~1/LUKE_B~1/Luke/DATAAN~1/PERFOR~2/MONTHL~1/MONTH
L~1/figure-latex/unnamed-chunk-8-3.pdf Graphic file (type pdf)
<use C:/Users/LUKEAU~1/ONEDRI~1/LUKE_B~1/Luke/DATAAN~1/PERFOR~2/MONTHL~1/MONTHL
~1/figure-latex/unnamed-chunk-8-3.pdf>
Package pdftex.def Info: C:/Users/LUKEAU~1/ONEDRI~1/LUKE_B~1/Luke/DATAAN~1/PERF
OR~2/MONTHL~1/MONTHL~1/figure-latex/unnamed-chunk-8-3.pdf  used on input line 4
03.
(pdftex.def)             Requested size: 469.75385pt x 187.5753pt.
<C:/Users/LUKEAU~1/ONEDRI~1/LUKE_B~1/Luke/DATAAN~1/PERFOR~2/MONTHL~1/MONTHL~1/f
igure-latex/unnamed-chunk-8-4.pdf, id=254, 578.16pt x 230.8625pt>
File: C:/Users/LUKEAU~1/ONEDRI~1/LUKE_B~1/Luke/DATAAN~1/PERFOR~2/MONTHL~1/MONTH
L~1/figure-latex/unnamed-chunk-8-4.pdf Graphic file (type pdf)
<use C:/Users/LUKEAU~1/ONEDRI~1/LUKE_B~1/Luke/DATAAN~1/PERFOR~2/MONTHL~1/MONTHL
~1/figure-latex/unnamed-chunk-8-4.pdf>
Package pdftex.def Info: C:/Users/LUKEAU~1/ONEDRI~1/LUKE_B~1/Luke/DATAAN~1/PERF
OR~2/MONTHL~1/MONTHL~1/figure-latex/unnamed-chunk-8-4.pdf  used on input line 4
04.
(pdftex.def)             Requested size: 469.75385pt x 187.5753pt.
<C:/Users/LUKEAU~1/ONEDRI~1/LUKE_B~1/Luke/DATAAN~1/PERFOR~2/MONTHL~1/MONTHL~1/f
igure-latex/unnamed-chunk-8-5.pdf, id=255, 578.16pt x 230.8625pt>
File: C:/Users/LUKEAU~1/ONEDRI~1/LUKE_B~1/Luke/DATAAN~1/PERFOR~2/MONTHL~1/MONTH
L~1/figure-latex/unnamed-chunk-8-5.pdf Graphic file (type pdf)
<use C:/Users/LUKEAU~1/ONEDRI~1/LUKE_B~1/Luke/DATAAN~1/PERFOR~2/MONTHL~1/MONTHL
~1/figure-latex/unnamed-chunk-8-5.pdf>
Package pdftex.def Info: C:/Users/LUKEAU~1/ONEDRI~1/LUKE_B~1/Luke/DATAAN~1/PERF
OR~2/MONTHL~1/MONTHL~1/figure-latex/unnamed-chunk-8-5.pdf  used on input line 4
05.
(pdftex.def)             Requested size: 469.75385pt x 187.5753pt.
<C:/Users/LUKEAU~1/ONEDRI~1/LUKE_B~1/Luke/DATAAN~1/PERFOR~2/MONTHL~1/MONTHL~1/f
igure-latex/unnamed-chunk-8-6.pdf, id=256, 578.16pt x 230.8625pt>
File: C:/Users/LUKEAU~1/ONEDRI~1/LUKE_B~1/Luke/DATAAN~1/PERFOR~2/MONTHL~1/MONTH
L~1/figure-latex/unnamed-chunk-8-6.pdf Graphic file (type pdf)
<use C:/Users/LUKEAU~1/ONEDRI~1/LUKE_B~1/Luke/DATAAN~1/PERFOR~2/MONTHL~1/MONTHL
~1/figure-latex/unnamed-chunk-8-6.pdf>
Package pdftex.def Info: C:/Users/LUKEAU~1/ONEDRI~1/LUKE_B~1/Luke/DATAAN~1/PERF
OR~2/MONTHL~1/MONTHL~1/figure-latex/unnamed-chunk-8-6.pdf  used on input line 4
06.
(pdftex.def)             Requested size: 469.75385pt x 187.5753pt.
<C:/Users/LUKEAU~1/ONEDRI~1/LUKE_B~1/Luke/DATAAN~1/PERFOR~2/MONTHL~1/MONTHL~1/f
igure-latex/unnamed-chunk-8-7.pdf, id=257, 578.16pt x 230.8625pt>
File: C:/Users/LUKEAU~1/ONEDRI~1/LUKE_B~1/Luke/DATAAN~1/PERFOR~2/MONTHL~1/MONTH
L~1/figure-latex/unnamed-chunk-8-7.pdf Graphic file (type pdf)
<use C:/Users/LUKEAU~1/ONEDRI~1/LUKE_B~1/Luke/DATAAN~1/PERFOR~2/MONTHL~1/MONTHL
~1/figure-latex/unnamed-chunk-8-7.pdf>
Package pdftex.def Info: C:/Users/LUKEAU~1/ONEDRI~1/LUKE_B~1/Luke/DATAAN~1/PERF
OR~2/MONTHL~1/MONTHL~1/figure-latex/unnamed-chunk-8-7.pdf  used on input line 4
07.
(pdftex.def)             Requested size: 469.75385pt x 187.5753pt.
<C:/Users/LUKEAU~1/ONEDRI~1/LUKE_B~1/Luke/DATAAN~1/PERFOR~2/MONTHL~1/MONTHL~1/f
igure-latex/unnamed-chunk-8-8.pdf, id=258, 578.16pt x 230.8625pt>
File: C:/Users/LUKEAU~1/ONEDRI~1/LUKE_B~1/Luke/DATAAN~1/PERFOR~2/MONTHL~1/MONTH
L~1/figure-latex/unnamed-chunk-8-8.pdf Graphic file (type pdf)
<use C:/Users/LUKEAU~1/ONEDRI~1/LUKE_B~1/Luke/DATAAN~1/PERFOR~2/MONTHL~1/MONTHL
~1/figure-latex/unnamed-chunk-8-8.pdf>
Package pdftex.def Info: C:/Users/LUKEAU~1/ONEDRI~1/LUKE_B~1/Luke/DATAAN~1/PERF
OR~2/MONTHL~1/MONTHL~1/figure-latex/unnamed-chunk-8-8.pdf  used on input line 4
08.
(pdftex.def)             Requested size: 469.75385pt x 187.5753pt.
<C:/Users/LUKEAU~1/ONEDRI~1/LUKE_B~1/Luke/DATAAN~1/PERFOR~2/MONTHL~1/MONTHL~1/f
igure-latex/unnamed-chunk-8-9.pdf, id=259, 578.16pt x 230.8625pt>
File: C:/Users/LUKEAU~1/ONEDRI~1/LUKE_B~1/Luke/DATAAN~1/PERFOR~2/MONTHL~1/MONTH
L~1/figure-latex/unnamed-chunk-8-9.pdf Graphic file (type pdf)
<use C:/Users/LUKEAU~1/ONEDRI~1/LUKE_B~1/Luke/DATAAN~1/PERFOR~2/MONTHL~1/MONTHL
~1/figure-latex/unnamed-chunk-8-9.pdf>
Package pdftex.def Info: C:/Users/LUKEAU~1/ONEDRI~1/LUKE_B~1/Luke/DATAAN~1/PERF
OR~2/MONTHL~1/MONTHL~1/figure-latex/unnamed-chunk-8-9.pdf  used on input line 4
09.
(pdftex.def)             Requested size: 469.75385pt x 187.5753pt.
<C:/Users/LUKEAU~1/ONEDRI~1/LUKE_B~1/Luke/DATAAN~1/PERFOR~2/MONTHL~1/MONTHL~1/f
igure-latex/unnamed-chunk-8-10.pdf, id=260, 578.16pt x 230.8625pt>
File: C:/Users/LUKEAU~1/ONEDRI~1/LUKE_B~1/Luke/DATAAN~1/PERFOR~2/MONTHL~1/MONTH
L~1/figure-latex/unnamed-chunk-8-10.pdf Graphic file (type pdf)
<use C:/Users/LUKEAU~1/ONEDRI~1/LUKE_B~1/Luke/DATAAN~1/PERFOR~2/MONTHL~1/MONTHL
~1/figure-latex/unnamed-chunk-8-10.pdf>
Package pdftex.def Info: C:/Users/LUKEAU~1/ONEDRI~1/LUKE_B~1/Luke/DATAAN~1/PERF
OR~2/MONTHL~1/MONTHL~1/figure-latex/unnamed-chunk-8-10.pdf  used on input line 
410.
(pdftex.def)             Requested size: 469.75385pt x 187.5753pt.
<C:/Users/LUKEAU~1/ONEDRI~1/LUKE_B~1/Luke/DATAAN~1/PERFOR~2/MONTHL~1/MONTHL~1/f
igure-latex/unnamed-chunk-8-11.pdf, id=261, 578.16pt x 230.8625pt>
File: C:/Users/LUKEAU~1/ONEDRI~1/LUKE_B~1/Luke/DATAAN~1/PERFOR~2/MONTHL~1/MONTH
L~1/figure-latex/unnamed-chunk-8-11.pdf Graphic file (type pdf)
<use C:/Users/LUKEAU~1/ONEDRI~1/LUKE_B~1/Luke/DATAAN~1/PERFOR~2/MONTHL~1/MONTHL
~1/figure-latex/unnamed-chunk-8-11.pdf>
Package pdftex.def Info: C:/Users/LUKEAU~1/ONEDRI~1/LUKE_B~1/Luke/DATAAN~1/PERF
OR~2/MONTHL~1/MONTHL~1/figure-latex/unnamed-chunk-8-11.pdf  used on input line 
411.
(pdftex.def)             Requested size: 469.75385pt x 187.5753pt.
<C:/Users/LUKEAU~1/ONEDRI~1/LUKE_B~1/Luke/DATAAN~1/PERFOR~2/MONTHL~1/MONTHL~1/f
igure-latex/unnamed-chunk-8-12.pdf, id=262, 578.16pt x 230.8625pt>
File: C:/Users/LUKEAU~1/ONEDRI~1/LUKE_B~1/Luke/DATAAN~1/PERFOR~2/MONTHL~1/MONTH
L~1/figure-latex/unnamed-chunk-8-12.pdf Graphic file (type pdf)
<use C:/Users/LUKEAU~1/ONEDRI~1/LUKE_B~1/Luke/DATAAN~1/PERFOR~2/MONTHL~1/MONTHL
~1/figure-latex/unnamed-chunk-8-12.pdf>
Package pdftex.def Info: C:/Users/LUKEAU~1/ONEDRI~1/LUKE_B~1/Luke/DATAAN~1/PERF
OR~2/MONTHL~1/MONTHL~1/figure-latex/unnamed-chunk-8-12.pdf  used on input line 
412.
(pdftex.def)             Requested size: 469.75385pt x 187.5753pt.
<C:/Users/LUKEAU~1/ONEDRI~1/LUKE_B~1/Luke/DATAAN~1/PERFOR~2/MONTHL~1/MONTHL~1/f
igure-latex/unnamed-chunk-8-13.pdf, id=263, 578.16pt x 230.8625pt>
File: C:/Users/LUKEAU~1/ONEDRI~1/LUKE_B~1/Luke/DATAAN~1/PERFOR~2/MONTHL~1/MONTH
L~1/figure-latex/unnamed-chunk-8-13.pdf Graphic file (type pdf)
<use C:/Users/LUKEAU~1/ONEDRI~1/LUKE_B~1/Luke/DATAAN~1/PERFOR~2/MONTHL~1/MONTHL
~1/figure-latex/unnamed-chunk-8-13.pdf>
Package pdftex.def Info: C:/Users/LUKEAU~1/ONEDRI~1/LUKE_B~1/Luke/DATAAN~1/PERF
OR~2/MONTHL~1/MONTHL~1/figure-latex/unnamed-chunk-8-13.pdf  used on input line 
413.
(pdftex.def)             Requested size: 469.75385pt x 187.5753pt.
<C:/Users/LUKEAU~1/ONEDRI~1/LUKE_B~1/Luke/DATAAN~1/PERFOR~2/MONTHL~1/MONTHL~1/f
igure-latex/unnamed-chunk-8-14.pdf, id=264, 578.16pt x 230.8625pt>
File: C:/Users/LUKEAU~1/ONEDRI~1/LUKE_B~1/Luke/DATAAN~1/PERFOR~2/MONTHL~1/MONTH
L~1/figure-latex/unnamed-chunk-8-14.pdf Graphic file (type pdf)
<use C:/Users/LUKEAU~1/ONEDRI~1/LUKE_B~1/Luke/DATAAN~1/PERFOR~2/MONTHL~1/MONTHL
~1/figure-latex/unnamed-chunk-8-14.pdf>
Package pdftex.def Info: C:/Users/LUKEAU~1/ONEDRI~1/LUKE_B~1/Luke/DATAAN~1/PERF
OR~2/MONTHL~1/MONTHL~1/figure-latex/unnamed-chunk-8-14.pdf  used on input line 
414.
(pdftex.def)             Requested size: 469.75385pt x 187.5753pt.
<C:/Users/LUKEAU~1/ONEDRI~1/LUKE_B~1/Luke/DATAAN~1/PERFOR~2/MONTHL~1/MONTHL~1/f
igure-latex/unnamed-chunk-8-15.pdf, id=265, 578.16pt x 230.8625pt>
File: C:/Users/LUKEAU~1/ONEDRI~1/LUKE_B~1/Luke/DATAAN~1/PERFOR~2/MONTHL~1/MONTH
L~1/figure-latex/unnamed-chunk-8-15.pdf Graphic file (type pdf)
<use C:/Users/LUKEAU~1/ONEDRI~1/LUKE_B~1/Luke/DATAAN~1/PERFOR~2/MONTHL~1/MONTHL
~1/figure-latex/unnamed-chunk-8-15.pdf>
Package pdftex.def Info: C:/Users/LUKEAU~1/ONEDRI~1/LUKE_B~1/Luke/DATAAN~1/PERF
OR~2/MONTHL~1/MONTHL~1/figure-latex/unnamed-chunk-8-15.pdf  used on input line 
415.
(pdftex.def)             Requested size: 469.75385pt x 187.5753pt.
<C:/Users/LUKEAU~1/ONEDRI~1/LUKE_B~1/Luke/DATAAN~1/PERFOR~2/MONTHL~1/MONTHL~1/f
igure-latex/unnamed-chunk-8-16.pdf, id=266, 578.16pt x 230.8625pt>
File: C:/Users/LUKEAU~1/ONEDRI~1/LUKE_B~1/Luke/DATAAN~1/PERFOR~2/MONTHL~1/MONTH
L~1/figure-latex/unnamed-chunk-8-16.pdf Graphic file (type pdf)
<use C:/Users/LUKEAU~1/ONEDRI~1/LUKE_B~1/Luke/DATAAN~1/PERFOR~2/MONTHL~1/MONTHL
~1/figure-latex/unnamed-chunk-8-16.pdf>
Package pdftex.def Info: C:/Users/LUKEAU~1/ONEDRI~1/LUKE_B~1/Luke/DATAAN~1/PERF
OR~2/MONTHL~1/MONTHL~1/figure-latex/unnamed-chunk-8-16.pdf  used on input line 
416.
(pdftex.def)             Requested size: 469.75385pt x 187.5753pt.
<C:/Users/LUKEAU~1/ONEDRI~1/LUKE_B~1/Luke/DATAAN~1/PERFOR~2/MONTHL~1/MONTHL~1/f
igure-latex/unnamed-chunk-8-17.pdf, id=267, 578.16pt x 230.8625pt>
File: C:/Users/LUKEAU~1/ONEDRI~1/LUKE_B~1/Luke/DATAAN~1/PERFOR~2/MONTHL~1/MONTH
L~1/figure-latex/unnamed-chunk-8-17.pdf Graphic file (type pdf)
<use C:/Users/LUKEAU~1/ONEDRI~1/LUKE_B~1/Luke/DATAAN~1/PERFOR~2/MONTHL~1/MONTHL
~1/figure-latex/unnamed-chunk-8-17.pdf>
Package pdftex.def Info: C:/Users/LUKEAU~1/ONEDRI~1/LUKE_B~1/Luke/DATAAN~1/PERF
OR~2/MONTHL~1/MONTHL~1/figure-latex/unnamed-chunk-8-17.pdf  used on input line 
417.
(pdftex.def)             Requested size: 469.75385pt x 187.5753pt.

Underfull \hbox (badness 10000) in paragraph at lines 401--418
[][]
 []


Underfull \hbox (badness 10000) in paragraph at lines 401--418
[]
 []


Underfull \hbox (badness 10000) in paragraph at lines 401--418
[]
 []


Underfull \hbox (badness 10000) in paragraph at lines 401--418
[]
 []


Underfull \hbox (badness 10000) in paragraph at lines 401--418
[]
 []


Underfull \hbox (badness 10000) in paragraph at lines 401--418
[]
 []


Underfull \hbox (badness 10000) in paragraph at lines 401--418
[]
 []


Underfull \hbox (badness 10000) in paragraph at lines 401--418
[]
 []


Underfull \hbox (badness 10000) in paragraph at lines 401--418
[]
 []


Underfull \hbox (badness 10000) in paragraph at lines 401--418
[]
 []


Underfull \hbox (badness 10000) in paragraph at lines 401--418
[]
 []


Underfull \hbox (badness 10000) in paragraph at lines 401--418
[]
 []


Underfull \hbox (badness 10000) in paragraph at lines 401--418
[]
 []


Underfull \hbox (badness 10000) in paragraph at lines 401--418
[]
 []


Underfull \hbox (badness 10000) in paragraph at lines 401--418
[]
 []


Underfull \hbox (badness 10000) in paragraph at lines 401--418
[]
 []

File: mosl_header.png Graphic file (type png)
<use mosl_header.png>
Package pdftex.def Info: mosl_header.png  used on input line 418.
(pdftex.def)             Requested size: 170.71657pt x 24.3684pt.
[14 <c:/Users/LukeAustin/OneDrive - Market Operator Services Limited/Luke_Backu
p/Luke/DataAnalysis/PerformanceMonitoringProject/MonthlyPerfReport/MonthlyPerfo
rmanceReport-2020-01_files/figure-latex/unnamed-chunk-7-16.pdf> <c:/Users/LukeA
ustin/OneDrive - Market Operator Services Limited/Luke_Backup/Luke/DataAnalysis
/PerformanceMonitoringProject/MonthlyPerfReport/MonthlyPerformanceReport-2020-0
1_files/figure-latex/unnamed-chunk-7-17.pdf> <c:/Users/LukeAustin/OneDrive - Ma
rket Operator Services Limited/Luke_Backup/Luke/DataAnalysis/PerformanceMonitor
ingProject/MonthlyPerfReport/MonthlyPerformanceReport-2020-01_files/figure-late
x/unnamed-chunk-7-18.pdf>]
File: mosl_header.png Graphic file (type png)
<use mosl_header.png>
Package pdftex.def Info: mosl_header.png  used on input line 418.
(pdftex.def)             Requested size: 170.71657pt x 24.3684pt.
[15 <c:/Users/LukeAustin/OneDrive - Market Operator Services Limited/Luke_Backu
p/Luke/DataAnalysis/PerformanceMonitoringProject/MonthlyPerfReport/MonthlyPerfo
rmanceReport-2020-01_files/figure-latex/unnamed-chunk-8-1.pdf> <c:/Users/LukeAu
stin/OneDrive - Market Operator Services Limited/Luke_Backup/Luke/DataAnalysis/
PerformanceMonitoringProject/MonthlyPerfReport/MonthlyPerformanceReport-2020-01
_files/figure-latex/unnamed-chunk-8-2.pdf> <c:/Users/LukeAustin/OneDrive - Mark
et Operator Services Limited/Luke_Backup/Luke/DataAnalysis/PerformanceMonitorin
gProject/MonthlyPerfReport/MonthlyPerformanceReport-2020-01_files/figure-latex/
unnamed-chunk-8-3.pdf>]
File: mosl_header.png Graphic file (type png)
<use mosl_header.png>
Package pdftex.def Info: mosl_header.png  used on input line 418.
(pdftex.def)             Requested size: 170.71657pt x 24.3684pt.
[16 <c:/Users/LukeAustin/OneDrive - Market Operator Services Limited/Luke_Backu
p/Luke/DataAnalysis/PerformanceMonitoringProject/MonthlyPerfReport/MonthlyPerfo
rmanceReport-2020-01_files/figure-latex/unnamed-chunk-8-4.pdf> <c:/Users/LukeAu
stin/OneDrive - Market Operator Services Limited/Luke_Backup/Luke/DataAnalysis/
PerformanceMonitoringProject/MonthlyPerfReport/MonthlyPerformanceReport-2020-01
_files/figure-latex/unnamed-chunk-8-5.pdf> <c:/Users/LukeAustin/OneDrive - Mark
et Operator Services Limited/Luke_Backup/Luke/DataAnalysis/PerformanceMonitorin
gProject/MonthlyPerfReport/MonthlyPerformanceReport-2020-01_files/figure-latex/
unnamed-chunk-8-6.pdf>]
File: mosl_header.png Graphic file (type png)
<use mosl_header.png>
Package pdftex.def Info: mosl_header.png  used on input line 418.
(pdftex.def)             Requested size: 170.71657pt x 24.3684pt.
[17 <c:/Users/LukeAustin/OneDrive - Market Operator Services Limited/Luke_Backu
p/Luke/DataAnalysis/PerformanceMonitoringProject/MonthlyPerfReport/MonthlyPerfo
rmanceReport-2020-01_files/figure-latex/unnamed-chunk-8-7.pdf> <c:/Users/LukeAu
stin/OneDrive - Market Operator Services Limited/Luke_Backup/Luke/DataAnalysis/
PerformanceMonitoringProject/MonthlyPerfReport/MonthlyPerformanceReport-2020-01
_files/figure-latex/unnamed-chunk-8-8.pdf> <c:/Users/LukeAustin/OneDrive - Mark
et Operator Services Limited/Luke_Backup/Luke/DataAnalysis/PerformanceMonitorin
gProject/MonthlyPerfReport/MonthlyPerformanceReport-2020-01_files/figure-latex/
unnamed-chunk-8-9.pdf>]
File: mosl_header.png Graphic file (type png)
<use mosl_header.png>
Package pdftex.def Info: mosl_header.png  used on input line 418.
(pdftex.def)             Requested size: 170.71657pt x 24.3684pt.
[18 <c:/Users/LukeAustin/OneDrive - Market Operator Services Limited/Luke_Backu
p/Luke/DataAnalysis/PerformanceMonitoringProject/MonthlyPerfReport/MonthlyPerfo
rmanceReport-2020-01_files/figure-latex/unnamed-chunk-8-10.pdf> <c:/Users/LukeA
ustin/OneDrive - Market Operator Services Limited/Luke_Backup/Luke/DataAnalysis
/PerformanceMonitoringProject/MonthlyPerfReport/MonthlyPerformanceReport-2020-0
1_files/figure-latex/unnamed-chunk-8-11.pdf> <c:/Users/LukeAustin/OneDrive - Ma
rket Operator Services Limited/Luke_Backup/Luke/DataAnalysis/PerformanceMonitor
ingProject/MonthlyPerfReport/MonthlyPerformanceReport-2020-01_files/figure-late
x/unnamed-chunk-8-12.pdf>]
File: mosl_header.png Graphic file (type png)
<use mosl_header.png>
Package pdftex.def Info: mosl_header.png  used on input line 418.
(pdftex.def)             Requested size: 170.71657pt x 24.3684pt.
[19 <c:/Users/LukeAustin/OneDrive - Market Operator Services Limited/Luke_Backu
p/Luke/DataAnalysis/PerformanceMonitoringProject/MonthlyPerfReport/MonthlyPerfo
rmanceReport-2020-01_files/figure-latex/unnamed-chunk-8-13.pdf> <c:/Users/LukeA
ustin/OneDrive - Market Operator Services Limited/Luke_Backup/Luke/DataAnalysis
/PerformanceMonitoringProject/MonthlyPerfReport/MonthlyPerformanceReport-2020-0
1_files/figure-latex/unnamed-chunk-8-14.pdf> <c:/Users/LukeAustin/OneDrive - Ma
rket Operator Services Limited/Luke_Backup/Luke/DataAnalysis/PerformanceMonitor
ingProject/MonthlyPerfReport/MonthlyPerformanceReport-2020-01_files/figure-late
x/unnamed-chunk-8-15.pdf>]
<C:/Users/LUKEAU~1/ONEDRI~1/LUKE_B~1/Luke/DATAAN~1/PERFOR~2/MONTHL~1/MONTHL~1/f
igure-latex/unnamed-chunk-9-1.pdf, id=385, 578.16pt x 230.8625pt>
File: C:/Users/LUKEAU~1/ONEDRI~1/LUKE_B~1/Luke/DATAAN~1/PERFOR~2/MONTHL~1/MONTH
L~1/figure-latex/unnamed-chunk-9-1.pdf Graphic file (type pdf)
<use C:/Users/LUKEAU~1/ONEDRI~1/LUKE_B~1/Luke/DATAAN~1/PERFOR~2/MONTHL~1/MONTHL
~1/figure-latex/unnamed-chunk-9-1.pdf>
Package pdftex.def Info: C:/Users/LUKEAU~1/ONEDRI~1/LUKE_B~1/Luke/DATAAN~1/PERF
OR~2/MONTHL~1/MONTHL~1/figure-latex/unnamed-chunk-9-1.pdf  used on input line 4
24.
(pdftex.def)             Requested size: 469.75385pt x 187.5753pt.
<C:/Users/LUKEAU~1/ONEDRI~1/LUKE_B~1/Luke/DATAAN~1/PERFOR~2/MONTHL~1/MONTHL~1/f
igure-latex/unnamed-chunk-9-2.pdf, id=386, 578.16pt x 230.8625pt>
File: C:/Users/LUKEAU~1/ONEDRI~1/LUKE_B~1/Luke/DATAAN~1/PERFOR~2/MONTHL~1/MONTH
L~1/figure-latex/unnamed-chunk-9-2.pdf Graphic file (type pdf)
<use C:/Users/LUKEAU~1/ONEDRI~1/LUKE_B~1/Luke/DATAAN~1/PERFOR~2/MONTHL~1/MONTHL
~1/figure-latex/unnamed-chunk-9-2.pdf>
Package pdftex.def Info: C:/Users/LUKEAU~1/ONEDRI~1/LUKE_B~1/Luke/DATAAN~1/PERF
OR~2/MONTHL~1/MONTHL~1/figure-latex/unnamed-chunk-9-2.pdf  used on input line 4
25.
(pdftex.def)             Requested size: 469.75385pt x 187.5753pt.
<C:/Users/LUKEAU~1/ONEDRI~1/LUKE_B~1/Luke/DATAAN~1/PERFOR~2/MONTHL~1/MONTHL~1/f
igure-latex/unnamed-chunk-9-3.pdf, id=387, 578.16pt x 230.8625pt>
File: C:/Users/LUKEAU~1/ONEDRI~1/LUKE_B~1/Luke/DATAAN~1/PERFOR~2/MONTHL~1/MONTH
L~1/figure-latex/unnamed-chunk-9-3.pdf Graphic file (type pdf)
<use C:/Users/LUKEAU~1/ONEDRI~1/LUKE_B~1/Luke/DATAAN~1/PERFOR~2/MONTHL~1/MONTHL
~1/figure-latex/unnamed-chunk-9-3.pdf>
Package pdftex.def Info: C:/Users/LUKEAU~1/ONEDRI~1/LUKE_B~1/Luke/DATAAN~1/PERF
OR~2/MONTHL~1/MONTHL~1/figure-latex/unnamed-chunk-9-3.pdf  used on input line 4
26.
(pdftex.def)             Requested size: 469.75385pt x 187.5753pt.
<C:/Users/LUKEAU~1/ONEDRI~1/LUKE_B~1/Luke/DATAAN~1/PERFOR~2/MONTHL~1/MONTHL~1/f
igure-latex/unnamed-chunk-9-4.pdf, id=388, 578.16pt x 230.8625pt>
File: C:/Users/LUKEAU~1/ONEDRI~1/LUKE_B~1/Luke/DATAAN~1/PERFOR~2/MONTHL~1/MONTH
L~1/figure-latex/unnamed-chunk-9-4.pdf Graphic file (type pdf)
<use C:/Users/LUKEAU~1/ONEDRI~1/LUKE_B~1/Luke/DATAAN~1/PERFOR~2/MONTHL~1/MONTHL
~1/figure-latex/unnamed-chunk-9-4.pdf>
Package pdftex.def Info: C:/Users/LUKEAU~1/ONEDRI~1/LUKE_B~1/Luke/DATAAN~1/PERF
OR~2/MONTHL~1/MONTHL~1/figure-latex/unnamed-chunk-9-4.pdf  used on input line 4
27.
(pdftex.def)             Requested size: 469.75385pt x 187.5753pt.
<C:/Users/LUKEAU~1/ONEDRI~1/LUKE_B~1/Luke/DATAAN~1/PERFOR~2/MONTHL~1/MONTHL~1/f
igure-latex/unnamed-chunk-9-5.pdf, id=389, 578.16pt x 230.8625pt>
File: C:/Users/LUKEAU~1/ONEDRI~1/LUKE_B~1/Luke/DATAAN~1/PERFOR~2/MONTHL~1/MONTH
L~1/figure-latex/unnamed-chunk-9-5.pdf Graphic file (type pdf)
<use C:/Users/LUKEAU~1/ONEDRI~1/LUKE_B~1/Luke/DATAAN~1/PERFOR~2/MONTHL~1/MONTHL
~1/figure-latex/unnamed-chunk-9-5.pdf>
Package pdftex.def Info: C:/Users/LUKEAU~1/ONEDRI~1/LUKE_B~1/Luke/DATAAN~1/PERF
OR~2/MONTHL~1/MONTHL~1/figure-latex/unnamed-chunk-9-5.pdf  used on input line 4
28.
(pdftex.def)             Requested size: 469.75385pt x 187.5753pt.
<C:/Users/LUKEAU~1/ONEDRI~1/LUKE_B~1/Luke/DATAAN~1/PERFOR~2/MONTHL~1/MONTHL~1/f
igure-latex/unnamed-chunk-9-6.pdf, id=390, 578.16pt x 230.8625pt>
File: C:/Users/LUKEAU~1/ONEDRI~1/LUKE_B~1/Luke/DATAAN~1/PERFOR~2/MONTHL~1/MONTH
L~1/figure-latex/unnamed-chunk-9-6.pdf Graphic file (type pdf)
<use C:/Users/LUKEAU~1/ONEDRI~1/LUKE_B~1/Luke/DATAAN~1/PERFOR~2/MONTHL~1/MONTHL
~1/figure-latex/unnamed-chunk-9-6.pdf>
Package pdftex.def Info: C:/Users/LUKEAU~1/ONEDRI~1/LUKE_B~1/Luke/DATAAN~1/PERF
OR~2/MONTHL~1/MONTHL~1/figure-latex/unnamed-chunk-9-6.pdf  used on input line 4
29.
(pdftex.def)             Requested size: 469.75385pt x 187.5753pt.
<C:/Users/LUKEAU~1/ONEDRI~1/LUKE_B~1/Luke/DATAAN~1/PERFOR~2/MONTHL~1/MONTHL~1/f
igure-latex/unnamed-chunk-9-7.pdf, id=391, 578.16pt x 230.8625pt>
File: C:/Users/LUKEAU~1/ONEDRI~1/LUKE_B~1/Luke/DATAAN~1/PERFOR~2/MONTHL~1/MONTH
L~1/figure-latex/unnamed-chunk-9-7.pdf Graphic file (type pdf)
<use C:/Users/LUKEAU~1/ONEDRI~1/LUKE_B~1/Luke/DATAAN~1/PERFOR~2/MONTHL~1/MONTHL
~1/figure-latex/unnamed-chunk-9-7.pdf>
Package pdftex.def Info: C:/Users/LUKEAU~1/ONEDRI~1/LUKE_B~1/Luke/DATAAN~1/PERF
OR~2/MONTHL~1/MONTHL~1/figure-latex/unnamed-chunk-9-7.pdf  used on input line 4
30.
(pdftex.def)             Requested size: 469.75385pt x 187.5753pt.
<C:/Users/LUKEAU~1/ONEDRI~1/LUKE_B~1/Luke/DATAAN~1/PERFOR~2/MONTHL~1/MONTHL~1/f
igure-latex/unnamed-chunk-9-8.pdf, id=392, 578.16pt x 230.8625pt>
File: C:/Users/LUKEAU~1/ONEDRI~1/LUKE_B~1/Luke/DATAAN~1/PERFOR~2/MONTHL~1/MONTH
L~1/figure-latex/unnamed-chunk-9-8.pdf Graphic file (type pdf)
<use C:/Users/LUKEAU~1/ONEDRI~1/LUKE_B~1/Luke/DATAAN~1/PERFOR~2/MONTHL~1/MONTHL
~1/figure-latex/unnamed-chunk-9-8.pdf>
Package pdftex.def Info: C:/Users/LUKEAU~1/ONEDRI~1/LUKE_B~1/Luke/DATAAN~1/PERF
OR~2/MONTHL~1/MONTHL~1/figure-latex/unnamed-chunk-9-8.pdf  used on input line 4
31.
(pdftex.def)             Requested size: 469.75385pt x 187.5753pt.
<C:/Users/LUKEAU~1/ONEDRI~1/LUKE_B~1/Luke/DATAAN~1/PERFOR~2/MONTHL~1/MONTHL~1/f
igure-latex/unnamed-chunk-9-9.pdf, id=393, 578.16pt x 230.8625pt>
File: C:/Users/LUKEAU~1/ONEDRI~1/LUKE_B~1/Luke/DATAAN~1/PERFOR~2/MONTHL~1/MONTH
L~1/figure-latex/unnamed-chunk-9-9.pdf Graphic file (type pdf)
<use C:/Users/LUKEAU~1/ONEDRI~1/LUKE_B~1/Luke/DATAAN~1/PERFOR~2/MONTHL~1/MONTHL
~1/figure-latex/unnamed-chunk-9-9.pdf>
Package pdftex.def Info: C:/Users/LUKEAU~1/ONEDRI~1/LUKE_B~1/Luke/DATAAN~1/PERF
OR~2/MONTHL~1/MONTHL~1/figure-latex/unnamed-chunk-9-9.pdf  used on input line 4
32.
(pdftex.def)             Requested size: 469.75385pt x 187.5753pt.
<C:/Users/LUKEAU~1/ONEDRI~1/LUKE_B~1/Luke/DATAAN~1/PERFOR~2/MONTHL~1/MONTHL~1/f
igure-latex/unnamed-chunk-9-10.pdf, id=394, 578.16pt x 230.8625pt>
File: C:/Users/LUKEAU~1/ONEDRI~1/LUKE_B~1/Luke/DATAAN~1/PERFOR~2/MONTHL~1/MONTH
L~1/figure-latex/unnamed-chunk-9-10.pdf Graphic file (type pdf)
<use C:/Users/LUKEAU~1/ONEDRI~1/LUKE_B~1/Luke/DATAAN~1/PERFOR~2/MONTHL~1/MONTHL
~1/figure-latex/unnamed-chunk-9-10.pdf>
Package pdftex.def Info: C:/Users/LUKEAU~1/ONEDRI~1/LUKE_B~1/Luke/DATAAN~1/PERF
OR~2/MONTHL~1/MONTHL~1/figure-latex/unnamed-chunk-9-10.pdf  used on input line 
433.
(pdftex.def)             Requested size: 469.75385pt x 187.5753pt.
<C:/Users/LUKEAU~1/ONEDRI~1/LUKE_B~1/Luke/DATAAN~1/PERFOR~2/MONTHL~1/MONTHL~1/f
igure-latex/unnamed-chunk-9-11.pdf, id=395, 578.16pt x 230.8625pt>
File: C:/Users/LUKEAU~1/ONEDRI~1/LUKE_B~1/Luke/DATAAN~1/PERFOR~2/MONTHL~1/MONTH
L~1/figure-latex/unnamed-chunk-9-11.pdf Graphic file (type pdf)
<use C:/Users/LUKEAU~1/ONEDRI~1/LUKE_B~1/Luke/DATAAN~1/PERFOR~2/MONTHL~1/MONTHL
~1/figure-latex/unnamed-chunk-9-11.pdf>
Package pdftex.def Info: C:/Users/LUKEAU~1/ONEDRI~1/LUKE_B~1/Luke/DATAAN~1/PERF
OR~2/MONTHL~1/MONTHL~1/figure-latex/unnamed-chunk-9-11.pdf  used on input line 
434.
(pdftex.def)             Requested size: 469.75385pt x 187.5753pt.
<C:/Users/LUKEAU~1/ONEDRI~1/LUKE_B~1/Luke/DATAAN~1/PERFOR~2/MONTHL~1/MONTHL~1/f
igure-latex/unnamed-chunk-9-12.pdf, id=396, 578.16pt x 230.8625pt>
File: C:/Users/LUKEAU~1/ONEDRI~1/LUKE_B~1/Luke/DATAAN~1/PERFOR~2/MONTHL~1/MONTH
L~1/figure-latex/unnamed-chunk-9-12.pdf Graphic file (type pdf)
<use C:/Users/LUKEAU~1/ONEDRI~1/LUKE_B~1/Luke/DATAAN~1/PERFOR~2/MONTHL~1/MONTHL
~1/figure-latex/unnamed-chunk-9-12.pdf>
Package pdftex.def Info: C:/Users/LUKEAU~1/ONEDRI~1/LUKE_B~1/Luke/DATAAN~1/PERF
OR~2/MONTHL~1/MONTHL~1/figure-latex/unnamed-chunk-9-12.pdf  used on input line 
435.
(pdftex.def)             Requested size: 469.75385pt x 187.5753pt.
<C:/Users/LUKEAU~1/ONEDRI~1/LUKE_B~1/Luke/DATAAN~1/PERFOR~2/MONTHL~1/MONTHL~1/f
igure-latex/unnamed-chunk-9-13.pdf, id=397, 578.16pt x 230.8625pt>
File: C:/Users/LUKEAU~1/ONEDRI~1/LUKE_B~1/Luke/DATAAN~1/PERFOR~2/MONTHL~1/MONTH
L~1/figure-latex/unnamed-chunk-9-13.pdf Graphic file (type pdf)
<use C:/Users/LUKEAU~1/ONEDRI~1/LUKE_B~1/Luke/DATAAN~1/PERFOR~2/MONTHL~1/MONTHL
~1/figure-latex/unnamed-chunk-9-13.pdf>
Package pdftex.def Info: C:/Users/LUKEAU~1/ONEDRI~1/LUKE_B~1/Luke/DATAAN~1/PERF
OR~2/MONTHL~1/MONTHL~1/figure-latex/unnamed-chunk-9-13.pdf  used on input line 
436.
(pdftex.def)             Requested size: 469.75385pt x 187.5753pt.
<C:/Users/LUKEAU~1/ONEDRI~1/LUKE_B~1/Luke/DATAAN~1/PERFOR~2/MONTHL~1/MONTHL~1/f
igure-latex/unnamed-chunk-9-14.pdf, id=398, 578.16pt x 230.8625pt>
File: C:/Users/LUKEAU~1/ONEDRI~1/LUKE_B~1/Luke/DATAAN~1/PERFOR~2/MONTHL~1/MONTH
L~1/figure-latex/unnamed-chunk-9-14.pdf Graphic file (type pdf)
<use C:/Users/LUKEAU~1/ONEDRI~1/LUKE_B~1/Luke/DATAAN~1/PERFOR~2/MONTHL~1/MONTHL
~1/figure-latex/unnamed-chunk-9-14.pdf>
Package pdftex.def Info: C:/Users/LUKEAU~1/ONEDRI~1/LUKE_B~1/Luke/DATAAN~1/PERF
OR~2/MONTHL~1/MONTHL~1/figure-latex/unnamed-chunk-9-14.pdf  used on input line 
437.
(pdftex.def)             Requested size: 469.75385pt x 187.5753pt.
<C:/Users/LUKEAU~1/ONEDRI~1/LUKE_B~1/Luke/DATAAN~1/PERFOR~2/MONTHL~1/MONTHL~1/f
igure-latex/unnamed-chunk-9-15.pdf, id=399, 578.16pt x 230.8625pt>
File: C:/Users/LUKEAU~1/ONEDRI~1/LUKE_B~1/Luke/DATAAN~1/PERFOR~2/MONTHL~1/MONTH
L~1/figure-latex/unnamed-chunk-9-15.pdf Graphic file (type pdf)
<use C:/Users/LUKEAU~1/ONEDRI~1/LUKE_B~1/Luke/DATAAN~1/PERFOR~2/MONTHL~1/MONTHL
~1/figure-latex/unnamed-chunk-9-15.pdf>
Package pdftex.def Info: C:/Users/LUKEAU~1/ONEDRI~1/LUKE_B~1/Luke/DATAAN~1/PERF
OR~2/MONTHL~1/MONTHL~1/figure-latex/unnamed-chunk-9-15.pdf  used on input line 
438.
(pdftex.def)             Requested size: 469.75385pt x 187.5753pt.
<C:/Users/LUKEAU~1/ONEDRI~1/LUKE_B~1/Luke/DATAAN~1/PERFOR~2/MONTHL~1/MONTHL~1/f
igure-latex/unnamed-chunk-9-16.pdf, id=400, 578.16pt x 230.8625pt>
File: C:/Users/LUKEAU~1/ONEDRI~1/LUKE_B~1/Luke/DATAAN~1/PERFOR~2/MONTHL~1/MONTH
L~1/figure-latex/unnamed-chunk-9-16.pdf Graphic file (type pdf)
<use C:/Users/LUKEAU~1/ONEDRI~1/LUKE_B~1/Luke/DATAAN~1/PERFOR~2/MONTHL~1/MONTHL
~1/figure-latex/unnamed-chunk-9-16.pdf>
Package pdftex.def Info: C:/Users/LUKEAU~1/ONEDRI~1/LUKE_B~1/Luke/DATAAN~1/PERF
OR~2/MONTHL~1/MONTHL~1/figure-latex/unnamed-chunk-9-16.pdf  used on input line 
439.
(pdftex.def)             Requested size: 469.75385pt x 187.5753pt.
<C:/Users/LUKEAU~1/ONEDRI~1/LUKE_B~1/Luke/DATAAN~1/PERFOR~2/MONTHL~1/MONTHL~1/f
igure-latex/unnamed-chunk-9-17.pdf, id=401, 578.16pt x 230.8625pt>
File: C:/Users/LUKEAU~1/ONEDRI~1/LUKE_B~1/Luke/DATAAN~1/PERFOR~2/MONTHL~1/MONTH
L~1/figure-latex/unnamed-chunk-9-17.pdf Graphic file (type pdf)
<use C:/Users/LUKEAU~1/ONEDRI~1/LUKE_B~1/Luke/DATAAN~1/PERFOR~2/MONTHL~1/MONTHL
~1/figure-latex/unnamed-chunk-9-17.pdf>
Package pdftex.def Info: C:/Users/LUKEAU~1/ONEDRI~1/LUKE_B~1/Luke/DATAAN~1/PERF
OR~2/MONTHL~1/MONTHL~1/figure-latex/unnamed-chunk-9-17.pdf  used on input line 
440.
(pdftex.def)             Requested size: 469.75385pt x 187.5753pt.
<C:/Users/LUKEAU~1/ONEDRI~1/LUKE_B~1/Luke/DATAAN~1/PERFOR~2/MONTHL~1/MONTHL~1/f
igure-latex/unnamed-chunk-9-18.pdf, id=402, 578.16pt x 230.8625pt>
File: C:/Users/LUKEAU~1/ONEDRI~1/LUKE_B~1/Luke/DATAAN~1/PERFOR~2/MONTHL~1/MONTH
L~1/figure-latex/unnamed-chunk-9-18.pdf Graphic file (type pdf)
<use C:/Users/LUKEAU~1/ONEDRI~1/LUKE_B~1/Luke/DATAAN~1/PERFOR~2/MONTHL~1/MONTHL
~1/figure-latex/unnamed-chunk-9-18.pdf>
Package pdftex.def Info: C:/Users/LUKEAU~1/ONEDRI~1/LUKE_B~1/Luke/DATAAN~1/PERF
OR~2/MONTHL~1/MONTHL~1/figure-latex/unnamed-chunk-9-18.pdf  used on input line 
441.
(pdftex.def)             Requested size: 469.75385pt x 187.5753pt.

Underfull \hbox (badness 10000) in paragraph at lines 424--442
[][]
 []


Underfull \hbox (badness 10000) in paragraph at lines 424--442
[]
 []


Underfull \hbox (badness 10000) in paragraph at lines 424--442
[]
 []


Underfull \hbox (badness 10000) in paragraph at lines 424--442
[]
 []


Underfull \hbox (badness 10000) in paragraph at lines 424--442
[]
 []


Underfull \hbox (badness 10000) in paragraph at lines 424--442
[]
 []


Underfull \hbox (badness 10000) in paragraph at lines 424--442
[]
 []


Underfull \hbox (badness 10000) in paragraph at lines 424--442
[]
 []


Underfull \hbox (badness 10000) in paragraph at lines 424--442
[]
 []


Underfull \hbox (badness 10000) in paragraph at lines 424--442
[]
 []


Underfull \hbox (badness 10000) in paragraph at lines 424--442
[]
 []


Underfull \hbox (badness 10000) in paragraph at lines 424--442
[]
 []


Underfull \hbox (badness 10000) in paragraph at lines 424--442
[]
 []


Underfull \hbox (badness 10000) in paragraph at lines 424--442
[]
 []


Underfull \hbox (badness 10000) in paragraph at lines 424--442
[]
 []


Underfull \hbox (badness 10000) in paragraph at lines 424--442
[]
 []


Underfull \hbox (badness 10000) in paragraph at lines 424--442
[]
 []

File: mosl_header.png Graphic file (type png)
<use mosl_header.png>
Package pdftex.def Info: mosl_header.png  used on input line 442.
(pdftex.def)             Requested size: 170.71657pt x 24.3684pt.
[20 <c:/Users/LukeAustin/OneDrive - Market Operator Services Limited/Luke_Backu
p/Luke/DataAnalysis/PerformanceMonitoringProject/MonthlyPerfReport/MonthlyPerfo
rmanceReport-2020-01_files/figure-latex/unnamed-chunk-8-16.pdf> <c:/Users/LukeA
ustin/OneDrive - Market Operator Services Limited/Luke_Backup/Luke/DataAnalysis
/PerformanceMonitoringProject/MonthlyPerfReport/MonthlyPerformanceReport-2020-0
1_files/figure-latex/unnamed-chunk-8-17.pdf> <c:/Users/LukeAustin/OneDrive - Ma
rket Operator Services Limited/Luke_Backup/Luke/DataAnalysis/PerformanceMonitor
ingProject/MonthlyPerfReport/MonthlyPerformanceReport-2020-01_files/figure-late
x/unnamed-chunk-9-1.pdf>]
File: mosl_header.png Graphic file (type png)
<use mosl_header.png>
Package pdftex.def Info: mosl_header.png  used on input line 442.
(pdftex.def)             Requested size: 170.71657pt x 24.3684pt.
[21 <c:/Users/LukeAustin/OneDrive - Market Operator Services Limited/Luke_Backu
p/Luke/DataAnalysis/PerformanceMonitoringProject/MonthlyPerfReport/MonthlyPerfo
rmanceReport-2020-01_files/figure-latex/unnamed-chunk-9-2.pdf> <c:/Users/LukeAu
stin/OneDrive - Market Operator Services Limited/Luke_Backup/Luke/DataAnalysis/
PerformanceMonitoringProject/MonthlyPerfReport/MonthlyPerformanceReport-2020-01
_files/figure-latex/unnamed-chunk-9-3.pdf> <c:/Users/LukeAustin/OneDrive - Mark
et Operator Services Limited/Luke_Backup/Luke/DataAnalysis/PerformanceMonitorin
gProject/MonthlyPerfReport/MonthlyPerformanceReport-2020-01_files/figure-latex/
unnamed-chunk-9-4.pdf>]
File: mosl_header.png Graphic file (type png)
<use mosl_header.png>
Package pdftex.def Info: mosl_header.png  used on input line 442.
(pdftex.def)             Requested size: 170.71657pt x 24.3684pt.
[22 <c:/Users/LukeAustin/OneDrive - Market Operator Services Limited/Luke_Backu
p/Luke/DataAnalysis/PerformanceMonitoringProject/MonthlyPerfReport/MonthlyPerfo
rmanceReport-2020-01_files/figure-latex/unnamed-chunk-9-5.pdf> <c:/Users/LukeAu
stin/OneDrive - Market Operator Services Limited/Luke_Backup/Luke/DataAnalysis/
PerformanceMonitoringProject/MonthlyPerfReport/MonthlyPerformanceReport-2020-01
_files/figure-latex/unnamed-chunk-9-6.pdf> <c:/Users/LukeAustin/OneDrive - Mark
et Operator Services Limited/Luke_Backup/Luke/DataAnalysis/PerformanceMonitorin
gProject/MonthlyPerfReport/MonthlyPerformanceReport-2020-01_files/figure-latex/
unnamed-chunk-9-7.pdf>]
File: mosl_header.png Graphic file (type png)
<use mosl_header.png>
Package pdftex.def Info: mosl_header.png  used on input line 442.
(pdftex.def)             Requested size: 170.71657pt x 24.3684pt.
[23 <c:/Users/LukeAustin/OneDrive - Market Operator Services Limited/Luke_Backu
p/Luke/DataAnalysis/PerformanceMonitoringProject/MonthlyPerfReport/MonthlyPerfo
rmanceReport-2020-01_files/figure-latex/unnamed-chunk-9-8.pdf> <c:/Users/LukeAu
stin/OneDrive - Market Operator Services Limited/Luke_Backup/Luke/DataAnalysis/
PerformanceMonitoringProject/MonthlyPerfReport/MonthlyPerformanceReport-2020-01
_files/figure-latex/unnamed-chunk-9-9.pdf> <c:/Users/LukeAustin/OneDrive - Mark
et Operator Services Limited/Luke_Backup/Luke/DataAnalysis/PerformanceMonitorin
gProject/MonthlyPerfReport/MonthlyPerformanceReport-2020-01_files/figure-latex/
unnamed-chunk-9-10.pdf>]
File: mosl_header.png Graphic file (type png)
<use mosl_header.png>
Package pdftex.def Info: mosl_header.png  used on input line 442.
(pdftex.def)             Requested size: 170.71657pt x 24.3684pt.
[24 <c:/Users/LukeAustin/OneDrive - Market Operator Services Limited/Luke_Backu
p/Luke/DataAnalysis/PerformanceMonitoringProject/MonthlyPerfReport/MonthlyPerfo
rmanceReport-2020-01_files/figure-latex/unnamed-chunk-9-11.pdf> <c:/Users/LukeA
ustin/OneDrive - Market Operator Services Limited/Luke_Backup/Luke/DataAnalysis
/PerformanceMonitoringProject/MonthlyPerfReport/MonthlyPerformanceReport-2020-0
1_files/figure-latex/unnamed-chunk-9-12.pdf> <c:/Users/LukeAustin/OneDrive - Ma
rket Operator Services Limited/Luke_Backup/Luke/DataAnalysis/PerformanceMonitor
ingProject/MonthlyPerfReport/MonthlyPerformanceReport-2020-01_files/figure-late
x/unnamed-chunk-9-13.pdf>]
File: mosl_header.png Graphic file (type png)
<use mosl_header.png>
Package pdftex.def Info: mosl_header.png  used on input line 442.
(pdftex.def)             Requested size: 170.71657pt x 24.3684pt.
[25 <c:/Users/LukeAustin/OneDrive - Market Operator Services Limited/Luke_Backu
p/Luke/DataAnalysis/PerformanceMonitoringProject/MonthlyPerfReport/MonthlyPerfo
rmanceReport-2020-01_files/figure-latex/unnamed-chunk-9-14.pdf> <c:/Users/LukeA
ustin/OneDrive - Market Operator Services Limited/Luke_Backup/Luke/DataAnalysis
/PerformanceMonitoringProject/MonthlyPerfReport/MonthlyPerformanceReport-2020-0
1_files/figure-latex/unnamed-chunk-9-15.pdf> <c:/Users/LukeAustin/OneDrive - Ma
rket Operator Services Limited/Luke_Backup/Luke/DataAnalysis/PerformanceMonitor
ingProject/MonthlyPerfReport/MonthlyPerformanceReport-2020-01_files/figure-late
x/unnamed-chunk-9-16.pdf>]
File: mosl_header.png Graphic file (type png)
<use mosl_header.png>
Package pdftex.def Info: mosl_header.png  used on input line 443.
(pdftex.def)             Requested size: 170.71657pt x 24.3684pt.
[26 <c:/Users/LukeAustin/OneDrive - Market Operator Services Limited/Luke_Backu
p/Luke/DataAnalysis/PerformanceMonitoringProject/MonthlyPerfReport/MonthlyPerfo
rmanceReport-2020-01_files/figure-latex/unnamed-chunk-9-17.pdf> <c:/Users/LukeA
ustin/OneDrive - Market Operator Services Limited/Luke_Backup/Luke/DataAnalysis
/PerformanceMonitoringProject/MonthlyPerfReport/MonthlyPerformanceReport-2020-0
1_files/figure-latex/unnamed-chunk-9-18.pdf>]
<C:/Users/LUKEAU~1/ONEDRI~1/LUKE_B~1/Luke/DATAAN~1/PERFOR~2/MONTHL~1/MONTHL~1/f
igure-latex/unnamed-chunk-10-1.pdf, id=534, 578.16pt x 289.08pt>
File: C:/Users/LUKEAU~1/ONEDRI~1/LUKE_B~1/Luke/DATAAN~1/PERFOR~2/MONTHL~1/MONTH
L~1/figure-latex/unnamed-chunk-10-1.pdf Graphic file (type pdf)
<use C:/Users/LUKEAU~1/ONEDRI~1/LUKE_B~1/Luke/DATAAN~1/PERFOR~2/MONTHL~1/MONTHL
~1/figure-latex/unnamed-chunk-10-1.pdf>
Package pdftex.def Info: C:/Users/LUKEAU~1/ONEDRI~1/LUKE_B~1/Luke/DATAAN~1/PERF
OR~2/MONTHL~1/MONTHL~1/figure-latex/unnamed-chunk-10-1.pdf  used on input line 
458.
(pdftex.def)             Requested size: 469.75385pt x 234.8769pt.
File: mosl_header.png Graphic file (type png)
<use mosl_header.png>
Package pdftex.def Info: mosl_header.png  used on input line 460.
(pdftex.def)             Requested size: 170.71657pt x 24.3684pt.
[27 <c:/Users/LukeAustin/OneDrive - Market Operator Services Limited/Luke_Backu
p/Luke/DataAnalysis/PerformanceMonitoringProject/MonthlyPerfReport/MonthlyPerfo
rmanceReport-2020-01_files/figure-latex/unnamed-chunk-10-1.pdf>]
Overfull \hbox (17.90128pt too wide) in alignment at lines 467--472
 [] [] [] [] [] [] 
 []


Overfull \hbox (17.90128pt too wide) in alignment at lines 472--477
 [] [] [] [] [] [] 
 []


Overfull \hbox (17.90128pt too wide) in alignment at lines 477--479
 [] [] [] [] [] [] 
 []


Overfull \hbox (17.90128pt too wide) in alignment at lines 479--481
 [] [] [] [] [] [] 
 []


Overfull \hbox (17.90128pt too wide) in alignment at lines 481--500
 [] [] [] [] [] [] 
 []

<C:/Users/LUKEAU~1/ONEDRI~1/LUKE_B~1/Luke/DATAAN~1/PERFOR~2/MONTHL~1/MONTHL~1/f
igure-latex/unnamed-chunk-12-1.pdf, id=546, 578.16pt x 722.7pt>
File: C:/Users/LUKEAU~1/ONEDRI~1/LUKE_B~1/Luke/DATAAN~1/PERFOR~2/MONTHL~1/MONTH
L~1/figure-latex/unnamed-chunk-12-1.pdf Graphic file (type pdf)
<use C:/Users/LUKEAU~1/ONEDRI~1/LUKE_B~1/Luke/DATAAN~1/PERFOR~2/MONTHL~1/MONTHL
~1/figure-latex/unnamed-chunk-12-1.pdf>
Package pdftex.def Info: C:/Users/LUKEAU~1/ONEDRI~1/LUKE_B~1/Luke/DATAAN~1/PERF
OR~2/MONTHL~1/MONTHL~1/figure-latex/unnamed-chunk-12-1.pdf  used on input line 
505.
(pdftex.def)             Requested size: 469.75385pt x 587.1923pt.
Package atveryend Info: Empty hook `BeforeClearDocument' on input line 508.
File: mosl_header.png Graphic file (type png)
<use mosl_header.png>
Package pdftex.def Info: mosl_header.png  used on input line 508.
(pdftex.def)             Requested size: 170.71657pt x 24.3684pt.
[28]
File: mosl_header.png Graphic file (type png)
<use mosl_header.png>
Package pdftex.def Info: mosl_header.png  used on input line 508.
(pdftex.def)             Requested size: 170.71657pt x 24.3684pt.
[29 <c:/Users/LukeAustin/OneDrive - Market Operator Services Limited/Luke_Backu
p/Luke/DataAnalysis/PerformanceMonitoringProject/MonthlyPerfReport/MonthlyPerfo
rmanceReport-2020-01_files/figure-latex/unnamed-chunk-12-1.pdf>]
Package atveryend Info: Empty hook `AfterLastShipout' on input line 508.
(./MonthlyPerformanceReport-2020-01.aux)
Package atveryend Info: Executing hook `AtVeryEndDocument' on input line 508.
Package atveryend Info: Executing hook `AtEndAfterFileList' on input line 508.
Package rerunfilecheck Info: File `MonthlyPerformanceReport-2020-01.out' has no
t changed.
(rerunfilecheck)             Checksum: 726B79302FA86D62C9C690973E307290;2747.
Package atveryend Info: Empty hook `AtVeryVeryEnd' on input line 508.
 ) 
Here is how much of TeX's memory you used:
 11559 strings out of 494553
 189497 string characters out of 6175636
 254145 words of memory out of 5000000
 14998 multiletter control sequences out of 15000+600000
 57131 words of font info for 45 fonts, out of 8000000 for 9000
 14 hyphenation exceptions out of 8191
 29i,15n,43p,707b,478s stack positions out of 5000i,500n,10000p,200000b,80000s
{c:/Users/LukeAustin/AppData/Roaming/TinyTeX/texmf-dist/fonts/enc/dvips/lm/lm
-ec.enc}{c:/Users/LukeAustin/AppData/Roaming/TinyTeX/texmf-dist/fonts/enc/dvips
/lm/lm-ts1.enc}<c:/Users/LukeAustin/AppData/Roaming/TinyTeX/texmf-dist/fonts/ty
pe1/public/lm/lmbx10.pfb><c:/Users/LukeAustin/AppData/Roaming/TinyTeX/texmf-dis
t/fonts/type1/public/lm/lmbx12.pfb><c:/Users/LukeAustin/AppData/Roaming/TinyTeX
/texmf-dist/fonts/type1/public/lm/lmr10.pfb><c:/Users/LukeAustin/AppData/Roamin
g/TinyTeX/texmf-dist/fonts/type1/public/lm/lmr12.pfb><c:/Users/LukeAustin/AppDa
ta/Roaming/TinyTeX/texmf-dist/fonts/type1/public/lm/lmr17.pfb><c:/Users/LukeAus
tin/AppData/Roaming/TinyTeX/texmf-dist/fonts/type1/public/lm/lmri10.pfb><c:/Use
rs/LukeAustin/AppData/Roaming/TinyTeX/texmf-dist/fonts/type1/public/lm/lmri12.p
fb>
Output written on MonthlyPerformanceReport-2020-01.pdf (29 pages, 578966 bytes)
.
PDF statistics:
 606 PDF objects out of 1000 (max. 8388607)
 450 compressed objects within 5 object streams
 66 named destinations out of 1000 (max. 500000)
 398 words of extra memory for PDF output out of 10000 (max. 10000000)

