This is pdfTeX, Version 3.14159265-2.6-1.40.20 (TeX Live 2019/W32TeX) (preloaded format=pdflatex 2019.7.26)  15 FEB 2020 23:49
entering extended mode
 restricted \write18 enabled.
 %&-line parsing enabled.
**"C:/Users/LukeAustin/OneDrive - Market Operator Services Limited/Luke_Backup/
Luke/DataAnalysis/PerformanceMonitoringProject/PfmReports/2020-02/THAMES-W_pfm-
report_2020-02.tex"

(c:/Users/LukeAustin/OneDrive - Market Operator Services Limited/Luke_Backup/Lu
ke/DataAnalysis/PerformanceMonitoringProject/PfmReports/2020-02/THAMES-W_pfm-re
port_2020-02.tex
LaTeX2e <2018-12-01>

(c:/Users/LukeAustin/AppData/Roaming/TinyTeX/texmf-dist/tex/latex/base/article.
cls
Document Class: article 2018/09/03 v1.4i Standard LaTeX document class

(c:/Users/LukeAustin/AppData/Roaming/TinyTeX/texmf-dist/tex/latex/base/size12.c
lo
File: size12.clo 2018/09/03 v1.4i Standard LaTeX file (size option)
)
\c@part=\count80
\c@section=\count81
\c@subsection=\count82
\c@subsubsection=\count83
\c@paragraph=\count84
\c@subparagraph=\count85
\c@figure=\count86
\c@table=\count87
\abovecaptionskip=\skip41
\belowcaptionskip=\skip42
\bibindent=\dimen102
)
(c:/Users/LukeAustin/AppData/Roaming/TinyTeX/texmf-dist/tex/latex/lm/lmodern.st
y
Package: lmodern 2009/10/30 v1.6 Latin Modern Fonts
LaTeX Font Info:    Overwriting symbol font `operators' in version `normal'
(Font)                  OT1/cmr/m/n --> OT1/lmr/m/n on input line 22.
LaTeX Font Info:    Overwriting symbol font `letters' in version `normal'
(Font)                  OML/cmm/m/it --> OML/lmm/m/it on input line 23.
LaTeX Font Info:    Overwriting symbol font `symbols' in version `normal'
(Font)                  OMS/cmsy/m/n --> OMS/lmsy/m/n on input line 24.
LaTeX Font Info:    Overwriting symbol font `largesymbols' in version `normal'
(Font)                  OMX/cmex/m/n --> OMX/lmex/m/n on input line 25.
LaTeX Font Info:    Overwriting symbol font `operators' in version `bold'
(Font)                  OT1/cmr/bx/n --> OT1/lmr/bx/n on input line 26.
LaTeX Font Info:    Overwriting symbol font `letters' in version `bold'
(Font)                  OML/cmm/b/it --> OML/lmm/b/it on input line 27.
LaTeX Font Info:    Overwriting symbol font `symbols' in version `bold'
(Font)                  OMS/cmsy/b/n --> OMS/lmsy/b/n on input line 28.
LaTeX Font Info:    Overwriting symbol font `largesymbols' in version `bold'
(Font)                  OMX/cmex/m/n --> OMX/lmex/m/n on input line 29.
LaTeX Font Info:    Overwriting math alphabet `\mathbf' in version `normal'
(Font)                  OT1/cmr/bx/n --> OT1/lmr/bx/n on input line 31.
LaTeX Font Info:    Overwriting math alphabet `\mathsf' in version `normal'
(Font)                  OT1/cmss/m/n --> OT1/lmss/m/n on input line 32.
LaTeX Font Info:    Overwriting math alphabet `\mathit' in version `normal'
(Font)                  OT1/cmr/m/it --> OT1/lmr/m/it on input line 33.
LaTeX Font Info:    Overwriting math alphabet `\mathtt' in version `normal'
(Font)                  OT1/cmtt/m/n --> OT1/lmtt/m/n on input line 34.
LaTeX Font Info:    Overwriting math alphabet `\mathbf' in version `bold'
(Font)                  OT1/cmr/bx/n --> OT1/lmr/bx/n on input line 35.
LaTeX Font Info:    Overwriting math alphabet `\mathsf' in version `bold'
(Font)                  OT1/cmss/bx/n --> OT1/lmss/bx/n on input line 36.
LaTeX Font Info:    Overwriting math alphabet `\mathit' in version `bold'
(Font)                  OT1/cmr/bx/it --> OT1/lmr/bx/it on input line 37.
LaTeX Font Info:    Overwriting math alphabet `\mathtt' in version `bold'
(Font)                  OT1/cmtt/m/n --> OT1/lmtt/m/n on input line 38.
)
(c:/Users/LukeAustin/AppData/Roaming/TinyTeX/texmf-dist/tex/latex/amsfonts/amss
ymb.sty
Package: amssymb 2013/01/14 v3.01 AMS font symbols

(c:/Users/LukeAustin/AppData/Roaming/TinyTeX/texmf-dist/tex/latex/amsfonts/amsf
onts.sty
Package: amsfonts 2013/01/14 v3.01 Basic AMSFonts support
\@emptytoks=\toks14
\symAMSa=\mathgroup4
\symAMSb=\mathgroup5
LaTeX Font Info:    Overwriting math alphabet `\mathfrak' in version `bold'
(Font)                  U/euf/m/n --> U/euf/b/n on input line 106.
))
(c:/Users/LukeAustin/AppData/Roaming/TinyTeX/texmf-dist/tex/latex/amsmath/amsma
th.sty
Package: amsmath 2018/12/01 v2.17b AMS math features
\@mathmargin=\skip43
For additional information on amsmath, use the `?' option.

(c:/Users/LukeAustin/AppData/Roaming/TinyTeX/texmf-dist/tex/latex/amsmath/amste
xt.sty
Package: amstext 2000/06/29 v2.01 AMS text

(c:/Users/LukeAustin/AppData/Roaming/TinyTeX/texmf-dist/tex/latex/amsmath/amsge
n.sty
File: amsgen.sty 1999/11/30 v2.0 generic functions
\@emptytoks=\toks15
\ex@=\dimen103
))
(c:/Users/LukeAustin/AppData/Roaming/TinyTeX/texmf-dist/tex/latex/amsmath/amsbs
y.sty
Package: amsbsy 1999/11/29 v1.2d Bold Symbols
\pmbraise@=\dimen104
)
(c:/Users/LukeAustin/AppData/Roaming/TinyTeX/texmf-dist/tex/latex/amsmath/amsop
n.sty
Package: amsopn 2016/03/08 v2.02 operator names
)
\inf@bad=\count88
LaTeX Info: Redefining \frac on input line 223.
\uproot@=\count89
\leftroot@=\count90
LaTeX Info: Redefining \overline on input line 385.
\classnum@=\count91
\DOTSCASE@=\count92
LaTeX Info: Redefining \ldots on input line 482.
LaTeX Info: Redefining \dots on input line 485.
LaTeX Info: Redefining \cdots on input line 606.
\Mathstrutbox@=\box27
\strutbox@=\box28
\big@size=\dimen105
LaTeX Font Info:    Redeclaring font encoding OML on input line 729.
LaTeX Font Info:    Redeclaring font encoding OMS on input line 730.
\macc@depth=\count93
\c@MaxMatrixCols=\count94
\dotsspace@=\muskip10
\c@parentequation=\count95
\dspbrk@lvl=\count96
\tag@help=\toks16
\row@=\count97
\column@=\count98
\maxfields@=\count99
\andhelp@=\toks17
\eqnshift@=\dimen106
\alignsep@=\dimen107
\tagshift@=\dimen108
\tagwidth@=\dimen109
\totwidth@=\dimen110
\lineht@=\dimen111
\@envbody=\toks18
\multlinegap=\skip44
\multlinetaggap=\skip45
\mathdisplay@stack=\toks19
LaTeX Info: Redefining \[ on input line 2844.
LaTeX Info: Redefining \] on input line 2845.
)
(c:/Users/LukeAustin/AppData/Roaming/TinyTeX/texmf-dist/tex/generic/ifxetex/ifx
etex.sty
Package: ifxetex 2010/09/12 v0.6 Provides ifxetex conditional
)
(c:/Users/LukeAustin/AppData/Roaming/TinyTeX/texmf-dist/tex/generic/oberdiek/if
luatex.sty
Package: ifluatex 2016/05/16 v1.4 Provides the ifluatex switch (HO)
Package ifluatex Info: LuaTeX not detected.
)
(c:/Users/LukeAustin/AppData/Roaming/TinyTeX/texmf-dist/tex/latex/base/fontenc.
sty
Package: fontenc 2018/08/11 v2.0j Standard LaTeX package

(c:/Users/LukeAustin/AppData/Roaming/TinyTeX/texmf-dist/tex/latex/base/t1enc.de
f
File: t1enc.def 2018/08/11 v2.0j Standard LaTeX file
LaTeX Font Info:    Redeclaring font encoding T1 on input line 48.
))
(c:/Users/LukeAustin/AppData/Roaming/TinyTeX/texmf-dist/tex/latex/base/inputenc
.sty
Package: inputenc 2018/08/11 v1.3c Input encoding file
\inpenc@prehook=\toks20
\inpenc@posthook=\toks21
)
(c:/Users/LukeAustin/AppData/Roaming/TinyTeX/texmf-dist/tex/latex/base/textcomp
.sty
Package: textcomp 2018/08/11 v2.0j Standard LaTeX package
Package textcomp Info: Sub-encoding information:
(textcomp)               5 = only ISO-Adobe without \textcurrency
(textcomp)               4 = 5 + \texteuro
(textcomp)               3 = 4 + \textohm
(textcomp)               2 = 3 + \textestimated + \textcurrency
(textcomp)               1 = TS1 - \textcircled - \t
(textcomp)               0 = TS1 (full)
(textcomp)             Font families with sub-encoding setting implement
(textcomp)             only a restricted character set as indicated.
(textcomp)             Family '?' is the default used for unknown fonts.
(textcomp)             See the documentation for details.
Package textcomp Info: Setting ? sub-encoding to TS1/1 on input line 79.

(c:/Users/LukeAustin/AppData/Roaming/TinyTeX/texmf-dist/tex/latex/base/ts1enc.d
ef
File: ts1enc.def 2001/06/05 v3.0e (jk/car/fm) Standard LaTeX file
Now handling font encoding TS1 ...
... processing UTF-8 mapping file for font encoding TS1

(c:/Users/LukeAustin/AppData/Roaming/TinyTeX/texmf-dist/tex/latex/base/ts1enc.d
fu
File: ts1enc.dfu 2018/10/05 v1.2f UTF-8 support for inputenc
   defining Unicode char U+00A2 (decimal 162)
   defining Unicode char U+00A3 (decimal 163)
   defining Unicode char U+00A4 (decimal 164)
   defining Unicode char U+00A5 (decimal 165)
   defining Unicode char U+00A6 (decimal 166)
   defining Unicode char U+00A7 (decimal 167)
   defining Unicode char U+00A8 (decimal 168)
   defining Unicode char U+00A9 (decimal 169)
   defining Unicode char U+00AA (decimal 170)
   defining Unicode char U+00AC (decimal 172)
   defining Unicode char U+00AE (decimal 174)
   defining Unicode char U+00AF (decimal 175)
   defining Unicode char U+00B0 (decimal 176)
   defining Unicode char U+00B1 (decimal 177)
   defining Unicode char U+00B2 (decimal 178)
   defining Unicode char U+00B3 (decimal 179)
   defining Unicode char U+00B4 (decimal 180)
   defining Unicode char U+00B5 (decimal 181)
   defining Unicode char U+00B6 (decimal 182)
   defining Unicode char U+00B7 (decimal 183)
   defining Unicode char U+00B9 (decimal 185)
   defining Unicode char U+00BA (decimal 186)
   defining Unicode char U+00BC (decimal 188)
   defining Unicode char U+00BD (decimal 189)
   defining Unicode char U+00BE (decimal 190)
   defining Unicode char U+00D7 (decimal 215)
   defining Unicode char U+00F7 (decimal 247)
   defining Unicode char U+0192 (decimal 402)
   defining Unicode char U+02C7 (decimal 711)
   defining Unicode char U+02D8 (decimal 728)
   defining Unicode char U+02DD (decimal 733)
   defining Unicode char U+0E3F (decimal 3647)
   defining Unicode char U+2016 (decimal 8214)
   defining Unicode char U+2020 (decimal 8224)
   defining Unicode char U+2021 (decimal 8225)
   defining Unicode char U+2022 (decimal 8226)
   defining Unicode char U+2030 (decimal 8240)
   defining Unicode char U+2031 (decimal 8241)
   defining Unicode char U+203B (decimal 8251)
   defining Unicode char U+203D (decimal 8253)
   defining Unicode char U+2044 (decimal 8260)
   defining Unicode char U+204E (decimal 8270)
   defining Unicode char U+2052 (decimal 8274)
   defining Unicode char U+20A1 (decimal 8353)
   defining Unicode char U+20A4 (decimal 8356)
   defining Unicode char U+20A6 (decimal 8358)
   defining Unicode char U+20A9 (decimal 8361)
   defining Unicode char U+20AB (decimal 8363)
   defining Unicode char U+20AC (decimal 8364)
   defining Unicode char U+20B1 (decimal 8369)
   defining Unicode char U+2103 (decimal 8451)
   defining Unicode char U+2116 (decimal 8470)
   defining Unicode char U+2117 (decimal 8471)
   defining Unicode char U+211E (decimal 8478)
   defining Unicode char U+2120 (decimal 8480)
   defining Unicode char U+2122 (decimal 8482)
   defining Unicode char U+2126 (decimal 8486)
   defining Unicode char U+2127 (decimal 8487)
   defining Unicode char U+212E (decimal 8494)
   defining Unicode char U+2190 (decimal 8592)
   defining Unicode char U+2191 (decimal 8593)
   defining Unicode char U+2192 (decimal 8594)
   defining Unicode char U+2193 (decimal 8595)
   defining Unicode char U+2329 (decimal 9001)
   defining Unicode char U+232A (decimal 9002)
   defining Unicode char U+2422 (decimal 9250)
   defining Unicode char U+25E6 (decimal 9702)
   defining Unicode char U+25EF (decimal 9711)
   defining Unicode char U+266A (decimal 9834)
   defining Unicode char U+FEFF (decimal 65279)
))
LaTeX Info: Redefining \oldstylenums on input line 334.
Package textcomp Info: Setting cmr sub-encoding to TS1/0 on input line 349.
Package textcomp Info: Setting cmss sub-encoding to TS1/0 on input line 350.
Package textcomp Info: Setting cmtt sub-encoding to TS1/0 on input line 351.
Package textcomp Info: Setting cmvtt sub-encoding to TS1/0 on input line 352.
Package textcomp Info: Setting cmbr sub-encoding to TS1/0 on input line 353.
Package textcomp Info: Setting cmtl sub-encoding to TS1/0 on input line 354.
Package textcomp Info: Setting ccr sub-encoding to TS1/0 on input line 355.
Package textcomp Info: Setting ptm sub-encoding to TS1/4 on input line 356.
Package textcomp Info: Setting pcr sub-encoding to TS1/4 on input line 357.
Package textcomp Info: Setting phv sub-encoding to TS1/4 on input line 358.
Package textcomp Info: Setting ppl sub-encoding to TS1/3 on input line 359.
Package textcomp Info: Setting pag sub-encoding to TS1/4 on input line 360.
Package textcomp Info: Setting pbk sub-encoding to TS1/4 on input line 361.
Package textcomp Info: Setting pnc sub-encoding to TS1/4 on input line 362.
Package textcomp Info: Setting pzc sub-encoding to TS1/4 on input line 363.
Package textcomp Info: Setting bch sub-encoding to TS1/4 on input line 364.
Package textcomp Info: Setting put sub-encoding to TS1/5 on input line 365.
Package textcomp Info: Setting uag sub-encoding to TS1/5 on input line 366.
Package textcomp Info: Setting ugq sub-encoding to TS1/5 on input line 367.
Package textcomp Info: Setting ul8 sub-encoding to TS1/4 on input line 368.
Package textcomp Info: Setting ul9 sub-encoding to TS1/4 on input line 369.
Package textcomp Info: Setting augie sub-encoding to TS1/5 on input line 370.
Package textcomp Info: Setting dayrom sub-encoding to TS1/3 on input line 371.
Package textcomp Info: Setting dayroms sub-encoding to TS1/3 on input line 372.

Package textcomp Info: Setting pxr sub-encoding to TS1/0 on input line 373.
Package textcomp Info: Setting pxss sub-encoding to TS1/0 on input line 374.
Package textcomp Info: Setting pxtt sub-encoding to TS1/0 on input line 375.
Package textcomp Info: Setting txr sub-encoding to TS1/0 on input line 376.
Package textcomp Info: Setting txss sub-encoding to TS1/0 on input line 377.
Package textcomp Info: Setting txtt sub-encoding to TS1/0 on input line 378.
Package textcomp Info: Setting lmr sub-encoding to TS1/0 on input line 379.
Package textcomp Info: Setting lmdh sub-encoding to TS1/0 on input line 380.
Package textcomp Info: Setting lmss sub-encoding to TS1/0 on input line 381.
Package textcomp Info: Setting lmssq sub-encoding to TS1/0 on input line 382.
Package textcomp Info: Setting lmvtt sub-encoding to TS1/0 on input line 383.
Package textcomp Info: Setting lmtt sub-encoding to TS1/0 on input line 384.
Package textcomp Info: Setting qhv sub-encoding to TS1/0 on input line 385.
Package textcomp Info: Setting qag sub-encoding to TS1/0 on input line 386.
Package textcomp Info: Setting qbk sub-encoding to TS1/0 on input line 387.
Package textcomp Info: Setting qcr sub-encoding to TS1/0 on input line 388.
Package textcomp Info: Setting qcs sub-encoding to TS1/0 on input line 389.
Package textcomp Info: Setting qpl sub-encoding to TS1/0 on input line 390.
Package textcomp Info: Setting qtm sub-encoding to TS1/0 on input line 391.
Package textcomp Info: Setting qzc sub-encoding to TS1/0 on input line 392.
Package textcomp Info: Setting qhvc sub-encoding to TS1/0 on input line 393.
Package textcomp Info: Setting futs sub-encoding to TS1/4 on input line 394.
Package textcomp Info: Setting futx sub-encoding to TS1/4 on input line 395.
Package textcomp Info: Setting futj sub-encoding to TS1/4 on input line 396.
Package textcomp Info: Setting hlh sub-encoding to TS1/3 on input line 397.
Package textcomp Info: Setting hls sub-encoding to TS1/3 on input line 398.
Package textcomp Info: Setting hlst sub-encoding to TS1/3 on input line 399.
Package textcomp Info: Setting hlct sub-encoding to TS1/5 on input line 400.
Package textcomp Info: Setting hlx sub-encoding to TS1/5 on input line 401.
Package textcomp Info: Setting hlce sub-encoding to TS1/5 on input line 402.
Package textcomp Info: Setting hlcn sub-encoding to TS1/5 on input line 403.
Package textcomp Info: Setting hlcw sub-encoding to TS1/5 on input line 404.
Package textcomp Info: Setting hlcf sub-encoding to TS1/5 on input line 405.
Package textcomp Info: Setting pplx sub-encoding to TS1/3 on input line 406.
Package textcomp Info: Setting pplj sub-encoding to TS1/3 on input line 407.
Package textcomp Info: Setting ptmx sub-encoding to TS1/4 on input line 408.
Package textcomp Info: Setting ptmj sub-encoding to TS1/4 on input line 409.
)
(c:/Users/LukeAustin/AppData/Roaming/TinyTeX/texmf-dist/tex/latex/upquote/upquo
te.sty
Package: upquote 2012/04/19 v1.3 upright-quote and grave-accent glyphs in verba
tim
)
(c:/Users/LukeAustin/AppData/Roaming/TinyTeX/texmf-dist/tex/latex/xcolor/xcolor
.sty
Package: xcolor 2016/05/11 v2.12 LaTeX color extensions (UK)

(c:/Users/LukeAustin/AppData/Roaming/TinyTeX/texmf-dist/tex/latex/graphics-cfg/
color.cfg
File: color.cfg 2016/01/02 v1.6 sample color configuration
)
Package xcolor Info: Driver file: pdftex.def on input line 225.

(c:/Users/LukeAustin/AppData/Roaming/TinyTeX/texmf-dist/tex/latex/graphics-def/
pdftex.def
File: pdftex.def 2018/01/08 v1.0l Graphics/color driver for pdftex
)
(c:/Users/LukeAustin/AppData/Roaming/TinyTeX/texmf-dist/tex/latex/colortbl/colo
rtbl.sty
Package: colortbl 2018/12/12 v1.0d Color table columns (DPC)

(c:/Users/LukeAustin/AppData/Roaming/TinyTeX/texmf-dist/tex/latex/tools/array.s
ty
Package: array 2018/12/30 v2.4k Tabular extension package (FMi)
\col@sep=\dimen112
\ar@mcellbox=\box29
\extrarowheight=\dimen113
\NC@list=\toks22
\extratabsurround=\skip46
\backup@length=\skip47
\ar@cellbox=\box30
)
\everycr=\toks23
\minrowclearance=\skip48
)
\rownum=\count100
Package xcolor Info: Model `cmy' substituted by `cmy0' on input line 1348.
Package xcolor Info: Model `hsb' substituted by `rgb' on input line 1352.
Package xcolor Info: Model `RGB' extended on input line 1364.
Package xcolor Info: Model `HTML' substituted by `rgb' on input line 1366.
Package xcolor Info: Model `Hsb' substituted by `hsb' on input line 1367.
Package xcolor Info: Model `tHsb' substituted by `hsb' on input line 1368.
Package xcolor Info: Model `HSB' substituted by `hsb' on input line 1369.
Package xcolor Info: Model `Gray' substituted by `gray' on input line 1370.
Package xcolor Info: Model `wave' substituted by `hsb' on input line 1371.
)
(c:/Users/LukeAustin/AppData/Roaming/TinyTeX/texmf-dist/tex/latex/oberdiek/book
mark.sty
Package: bookmark 2019/06/04 v1.27 PDF bookmarks (HO)

(c:/Users/LukeAustin/AppData/Roaming/TinyTeX/texmf-dist/tex/generic/oberdiek/pd
fescape.sty
Package: pdfescape 2016/05/16 v1.14 Implements pdfTeX's escape features (HO)

(c:/Users/LukeAustin/AppData/Roaming/TinyTeX/texmf-dist/tex/generic/oberdiek/lt
xcmds.sty
Package: ltxcmds 2016/05/16 v1.23 LaTeX kernel commands for general use (HO)
)
(c:/Users/LukeAustin/AppData/Roaming/TinyTeX/texmf-dist/tex/generic/oberdiek/pd
ftexcmds.sty
Package: pdftexcmds 2019/07/25 v0.30 Utility functions of pdfTeX for LuaTeX (HO
)

(c:/Users/LukeAustin/AppData/Roaming/TinyTeX/texmf-dist/tex/generic/oberdiek/in
fwarerr.sty
Package: infwarerr 2016/05/16 v1.4 Providing info/warning/error messages (HO)
)
(c:/Users/LukeAustin/AppData/Roaming/TinyTeX/texmf-dist/tex/generic/oberdiek/if
pdf.sty
Package: ifpdf 2018/09/07 v3.3 Provides the ifpdf switch
)
Package pdftexcmds Info: LuaTeX not detected.
Package pdftexcmds Info: \pdf@primitive is available.
Package pdftexcmds Info: \pdf@ifprimitive is available.
Package pdftexcmds Info: \pdfdraftmode found.
))
(c:/Users/LukeAustin/AppData/Roaming/TinyTeX/texmf-dist/tex/generic/oberdiek/if
vtex.sty
Package: ifvtex 2016/05/16 v1.6 Detect VTeX and its facilities (HO)
Package ifvtex Info: VTeX not detected.
)
(c:/Users/LukeAustin/AppData/Roaming/TinyTeX/texmf-dist/tex/latex/hyperref/hype
rref.sty
Package: hyperref 2019/06/12 v6.88h Hypertext links for LaTeX

(c:/Users/LukeAustin/AppData/Roaming/TinyTeX/texmf-dist/tex/generic/oberdiek/ho
bsub-hyperref.sty
Package: hobsub-hyperref 2016/05/16 v1.14 Bundle oberdiek, subset hyperref (HO)


(c:/Users/LukeAustin/AppData/Roaming/TinyTeX/texmf-dist/tex/generic/oberdiek/ho
bsub-generic.sty
Package: hobsub-generic 2016/05/16 v1.14 Bundle oberdiek, subset generic (HO)
Package: hobsub 2016/05/16 v1.14 Construct package bundles (HO)
Package hobsub Info: Skipping package `infwarerr' (already loaded).
Package hobsub Info: Skipping package `ltxcmds' (already loaded).
Package hobsub Info: Skipping package `ifluatex' (already loaded).
Package hobsub Info: Skipping package `ifvtex' (already loaded).
Package: intcalc 2016/05/16 v1.2 Expandable calculations with integers (HO)
Package hobsub Info: Skipping package `ifpdf' (already loaded).
Package: etexcmds 2016/05/16 v1.6 Avoid name clashes with e-TeX commands (HO)
Package: kvsetkeys 2016/05/16 v1.17 Key value parser (HO)
Package: kvdefinekeys 2016/05/16 v1.4 Define keys (HO)
Package hobsub Info: Skipping package `pdftexcmds' (already loaded).
Package hobsub Info: Skipping package `pdfescape' (already loaded).
Package: bigintcalc 2016/05/16 v1.4 Expandable calculations on big integers (HO
)
Package: bitset 2016/05/16 v1.2 Handle bit-vector datatype (HO)
Package: uniquecounter 2016/05/16 v1.3 Provide unlimited unique counter (HO)
)
Package hobsub Info: Skipping package `hobsub' (already loaded).
Package: letltxmacro 2016/05/16 v1.5 Let assignment for LaTeX macros (HO)
Package: hopatch 2016/05/16 v1.3 Wrapper for package hooks (HO)
Package: xcolor-patch 2016/05/16 xcolor patch
Package: atveryend 2016/05/16 v1.9 Hooks at the very end of document (HO)
Package atveryend Info: \enddocument detected (standard20110627).
Package: atbegshi 2016/06/09 v1.18 At begin shipout hook (HO)
Package: refcount 2016/05/16 v3.5 Data extraction from label references (HO)
Package: hycolor 2016/05/16 v1.8 Color options for hyperref/bookmark (HO)
)
(c:/Users/LukeAustin/AppData/Roaming/TinyTeX/texmf-dist/tex/latex/graphics/keyv
al.sty
Package: keyval 2014/10/28 v1.15 key=value parser (DPC)
\KV@toks@=\toks24
)
(c:/Users/LukeAustin/AppData/Roaming/TinyTeX/texmf-dist/tex/latex/oberdiek/auxh
ook.sty
Package: auxhook 2016/05/16 v1.4 Hooks for auxiliary files (HO)
)
(c:/Users/LukeAustin/AppData/Roaming/TinyTeX/texmf-dist/tex/latex/oberdiek/kvop
tions.sty
Package: kvoptions 2016/05/16 v3.12 Key value format for package options (HO)
)
\@linkdim=\dimen114
\Hy@linkcounter=\count101
\Hy@pagecounter=\count102

(c:/Users/LukeAustin/AppData/Roaming/TinyTeX/texmf-dist/tex/latex/hyperref/pd1e
nc.def
File: pd1enc.def 2019/06/12 v6.88h Hyperref: PDFDocEncoding definition (HO)
Now handling font encoding PD1 ...
... no UTF-8 mapping file for font encoding PD1
)
\Hy@SavedSpaceFactor=\count103

(c:/Users/LukeAustin/AppData/Roaming/TinyTeX/texmf-dist/tex/latex/latexconfig/h
yperref.cfg
File: hyperref.cfg 2002/06/06 v1.2 hyperref configuration of TeXLive
)
Package hyperref Info: Option `unicode' set `true' on input line 4424.

(c:/Users/LukeAustin/AppData/Roaming/TinyTeX/texmf-dist/tex/latex/hyperref/puen
c.def
File: puenc.def 2019/06/12 v6.88h Hyperref: PDF Unicode definition (HO)
Now handling font encoding PU ...
... no UTF-8 mapping file for font encoding PU
)
Package hyperref Info: Hyper figures OFF on input line 4550.
Package hyperref Info: Link nesting OFF on input line 4555.
Package hyperref Info: Hyper index ON on input line 4558.
Package hyperref Info: Plain pages OFF on input line 4565.
Package hyperref Info: Backreferencing OFF on input line 4570.
Package hyperref Info: Implicit mode ON; LaTeX internals redefined.
Package hyperref Info: Bookmarks ON on input line 4803.
\c@Hy@tempcnt=\count104
(c:/Users/LukeAustin/AppData/Roaming/TinyTeX/texmf-dist/tex/latex/url/url.sty
\Urlmuskip=\muskip11
Package: url 2013/09/16  ver 3.4  Verb mode for urls, etc.
)
LaTeX Info: Redefining \url on input line 5156.
\XeTeXLinkMargin=\dimen115
\Fld@menulength=\count105
\Field@Width=\dimen116
\Fld@charsize=\dimen117
Package hyperref Info: Hyper figures OFF on input line 6411.
Package hyperref Info: Link nesting OFF on input line 6416.
Package hyperref Info: Hyper index ON on input line 6419.
Package hyperref Info: backreferencing OFF on input line 6426.
Package hyperref Info: Link coloring OFF on input line 6431.
Package hyperref Info: Link coloring with OCG OFF on input line 6436.
Package hyperref Info: PDF/A mode OFF on input line 6441.
LaTeX Info: Redefining \ref on input line 6481.
LaTeX Info: Redefining \pageref on input line 6485.
\Hy@abspage=\count106
\c@Item=\count107
\c@Hfootnote=\count108
)
Package hyperref Info: Driver (autodetected): hpdftex.

(c:/Users/LukeAustin/AppData/Roaming/TinyTeX/texmf-dist/tex/latex/hyperref/hpdf
tex.def
File: hpdftex.def 2019/06/12 v6.88h Hyperref driver for pdfTeX
\Fld@listcount=\count109
\c@bookmark@seq@number=\count110

(c:/Users/LukeAustin/AppData/Roaming/TinyTeX/texmf-dist/tex/latex/oberdiek/reru
nfilecheck.sty
Package: rerunfilecheck 2016/05/16 v1.8 Rerun checks for auxiliary files (HO)
Package uniquecounter Info: New unique counter `rerunfilecheck' on input line 2
82.
)
\Hy@SectionHShift=\skip49
)
(c:/Users/LukeAustin/AppData/Roaming/TinyTeX/texmf-dist/tex/latex/oberdiek/bkm-
pdftex.def
File: bkm-pdftex.def 2019/06/04 v1.27 bookmark driver for pdfTeX (HO)
\BKM@id=\count111
))
(c:/Users/LukeAustin/AppData/Roaming/TinyTeX/texmf-dist/tex/latex/geometry/geom
etry.sty
Package: geometry 2018/04/16 v5.8 Page Geometry
\Gm@cnth=\count112
\Gm@cntv=\count113
\c@Gm@tempcnt=\count114
\Gm@bindingoffset=\dimen118
\Gm@wd@mp=\dimen119
\Gm@odd@mp=\dimen120
\Gm@even@mp=\dimen121
\Gm@layoutwidth=\dimen122
\Gm@layoutheight=\dimen123
\Gm@layouthoffset=\dimen124
\Gm@layoutvoffset=\dimen125
\Gm@dimlist=\toks25
)
(c:/Users/LukeAustin/AppData/Roaming/TinyTeX/texmf-dist/tex/latex/graphics/grap
hicx.sty
Package: graphicx 2017/06/01 v1.1a Enhanced LaTeX Graphics (DPC,SPQR)

(c:/Users/LukeAustin/AppData/Roaming/TinyTeX/texmf-dist/tex/latex/graphics/grap
hics.sty
Package: graphics 2017/06/25 v1.2c Standard LaTeX Graphics (DPC,SPQR)

(c:/Users/LukeAustin/AppData/Roaming/TinyTeX/texmf-dist/tex/latex/graphics/trig
.sty
Package: trig 2016/01/03 v1.10 sin cos tan (DPC)
)
(c:/Users/LukeAustin/AppData/Roaming/TinyTeX/texmf-dist/tex/latex/graphics-cfg/
graphics.cfg
File: graphics.cfg 2016/06/04 v1.11 sample graphics configuration
)
Package graphics Info: Driver file: pdftex.def on input line 99.
)
\Gin@req@height=\dimen126
\Gin@req@width=\dimen127
)
(c:/Users/LukeAustin/AppData/Roaming/TinyTeX/texmf-dist/tex/latex/oberdiek/grff
ile.sty
Package: grffile 2017/06/30 v1.18 Extended file name support for graphics (HO)
Package grffile Info: Option `multidot' is set to `true'.
Package grffile Info: Option `extendedchars' is set to `false'.
Package grffile Info: Option `space' is set to `true'.
Package grffile Info: \Gin@ii of package `graphicx' fixed on input line 494.
)
(c:/Users/LukeAustin/AppData/Roaming/TinyTeX/texmf-dist/tex/latex/titling/titli
ng.sty
Package: titling 2009/09/04 v2.1d maketitle typesetting
\thanksmarkwidth=\skip50
\thanksmargin=\skip51
\droptitle=\skip52
)
(c:/Users/LukeAustin/AppData/Roaming/TinyTeX/texmf-dist/tex/latex/fancyhdr/fanc
yhdr.sty
Package: fancyhdr 2019/01/31 v3.10 Extensive control of page headers and footer
s
\f@nch@headwidth=\skip53
\f@nch@O@elh=\skip54
\f@nch@O@erh=\skip55
\f@nch@O@olh=\skip56
\f@nch@O@orh=\skip57
\f@nch@O@elf=\skip58
\f@nch@O@erf=\skip59
\f@nch@O@olf=\skip60
\f@nch@O@orf=\skip61
)
(c:/Users/LukeAustin/AppData/Roaming/TinyTeX/texmf-dist/tex/latex/eurosym/euros
ym.sty
Package: eurosym 1998/08/06 v1.1 European currency symbol ``Euro''
\@eurobox=\box31
)
(c:/Users/LukeAustin/AppData/Roaming/TinyTeX/texmf-dist/tex/latex/tools/longtab
le.sty
Package: longtable 2014/10/28 v4.11 Multi-page Table package (DPC)+ FMi change
\LTleft=\skip62
\LTright=\skip63
\LTpre=\skip64
\LTpost=\skip65
\LTchunksize=\count115
\LTcapwidth=\dimen128
\LT@head=\box32
\LT@firsthead=\box33
\LT@foot=\box34
\LT@lastfoot=\box35
\LT@cols=\count116
\LT@rows=\count117
\c@LT@tables=\count118
\c@LT@chunks=\count119
\LT@p@ftn=\toks26
)
(c:/Users/LukeAustin/AppData/Roaming/TinyTeX/texmf-dist/tex/latex/booktabs/book
tabs.sty
Package: booktabs 2016/04/27 v1.618033 publication quality tables
\heavyrulewidth=\dimen129
\lightrulewidth=\dimen130
\cmidrulewidth=\dimen131
\belowrulesep=\dimen132
\belowbottomsep=\dimen133
\aboverulesep=\dimen134
\abovetopsep=\dimen135
\cmidrulesep=\dimen136
\cmidrulekern=\dimen137
\defaultaddspace=\dimen138
\@cmidla=\count120
\@cmidlb=\count121
\@aboverulesep=\dimen139
\@belowrulesep=\dimen140
\@thisruleclass=\count122
\@lastruleclass=\count123
\@thisrulewidth=\dimen141
)
(c:/Users/LukeAustin/AppData/Roaming/TinyTeX/texmf-dist/tex/latex/makecell/make
cell.sty
Package: makecell 2009/08/03 V0.1e Managing of Tab Column Heads and Cells
\rotheadsize=\dimen142
\c@nlinenum=\count124
\TeXr@lab=\toks27
)
(c:/Users/LukeAustin/AppData/Roaming/TinyTeX/texmf-dist/tex/latex/oberdiek/pdfl
scape.sty
Package: pdflscape 2016/05/14 v0.11 Display of landscape pages in PDF (HO)

(c:/Users/LukeAustin/AppData/Roaming/TinyTeX/texmf-dist/tex/latex/graphics/lsca
pe.sty
Package: lscape 2000/10/22 v3.01 Landscape Pages (DPC)
)
Package pdflscape Info: Auto-detected driver: pdftex on input line 81.
)
(c:/Users/LukeAustin/AppData/Roaming/TinyTeX/texmf-dist/tex/latex/multirow/mult
irow.sty
Package: multirow 2019/05/31 v2.5 Span multiple rows of a table
\multirow@colwidth=\skip66
\multirow@cntb=\count125
\multirow@dima=\skip67
\bigstrutjot=\dimen143
)
(c:/Users/LukeAustin/AppData/Roaming/TinyTeX/texmf-dist/tex/latex/float/float.s
ty
Package: float 2001/11/08 v1.3d Float enhancements (AL)
\c@float@type=\count126
\float@exts=\toks28
\float@box=\box36
\@float@everytoks=\toks29
\@floatcapt=\box37
) (./THAMES-W_pfm-report_2020-02.aux

LaTeX Warning: Label `tab:unnamed-chunk-11' multiply defined.


LaTeX Warning: Label `tab:unnamed-chunk-11' multiply defined.


LaTeX Warning: Label `tab:unnamed-chunk-64' multiply defined.


LaTeX Warning: Label `tab:unnamed-chunk-67' multiply defined.


LaTeX Warning: Label `tab:unnamed-chunk-67' multiply defined.


LaTeX Warning: Label `tab:unnamed-chunk-67' multiply defined.


LaTeX Warning: Label `tab:unnamed-chunk-67' multiply defined.


LaTeX Warning: Label `tab:unnamed-chunk-67' multiply defined.

)
\openout1 = `THAMES-W_pfm-report_2020-02.aux'.

LaTeX Font Info:    Checking defaults for OML/cmm/m/it on input line 86.
LaTeX Font Info:    ... okay on input line 86.
LaTeX Font Info:    Checking defaults for T1/cmr/m/n on input line 86.
LaTeX Font Info:    ... okay on input line 86.
LaTeX Font Info:    Checking defaults for OT1/cmr/m/n on input line 86.
LaTeX Font Info:    ... okay on input line 86.
LaTeX Font Info:    Checking defaults for OMS/cmsy/m/n on input line 86.
LaTeX Font Info:    ... okay on input line 86.
LaTeX Font Info:    Checking defaults for OMX/cmex/m/n on input line 86.
LaTeX Font Info:    ... okay on input line 86.
LaTeX Font Info:    Checking defaults for U/cmr/m/n on input line 86.
LaTeX Font Info:    ... okay on input line 86.
LaTeX Font Info:    Checking defaults for TS1/cmr/m/n on input line 86.
LaTeX Font Info:    Try loading font information for TS1+cmr on input line 86.

(c:/Users/LukeAustin/AppData/Roaming/TinyTeX/texmf-dist/tex/latex/base/ts1cmr.f
d
File: ts1cmr.fd 2014/09/29 v2.5h Standard LaTeX font definitions
)
LaTeX Font Info:    ... okay on input line 86.
LaTeX Font Info:    Checking defaults for PD1/pdf/m/n on input line 86.
LaTeX Font Info:    ... okay on input line 86.
LaTeX Font Info:    Checking defaults for PU/pdf/m/n on input line 86.
LaTeX Font Info:    ... okay on input line 86.
LaTeX Font Info:    Try loading font information for T1+lmr on input line 86.
(c:/Users/LukeAustin/AppData/Roaming/TinyTeX/texmf-dist/tex/latex/lm/t1lmr.fd
File: t1lmr.fd 2009/10/30 v1.6 Font defs for Latin Modern
)
(c:/Users/LukeAustin/AppData/Roaming/TinyTeX/texmf-dist/tex/latex/oberdiek/epst
opdf-base.sty
Package: epstopdf-base 2016/05/15 v2.6 Base part for package epstopdf

(c:/Users/LukeAustin/AppData/Roaming/TinyTeX/texmf-dist/tex/latex/oberdiek/grfe
xt.sty
Package: grfext 2016/05/16 v1.2 Manage graphics extensions (HO)
)
Package epstopdf-base Info: Redefining graphics rule for `.eps' on input line 4
38.
Package grfext Info: Graphics extension search list:
(grfext)             [.pdf,.png,.jpg,.mps,.jpeg,.jbig2,.jb2,.PDF,.PNG,.JPG,.JPE
G,.JBIG2,.JB2,.eps]
(grfext)             \AppendGraphicsExtensions on input line 456.

(c:/Users/LukeAustin/AppData/Roaming/TinyTeX/texmf-dist/tex/latex/latexconfig/e
pstopdf-sys.cfg
File: epstopdf-sys.cfg 2010/07/13 v1.3 Configuration of (r)epstopdf for TeX Liv
e
))
\AtBeginShipoutBox=\box38
Package hyperref Info: Link coloring OFF on input line 86.

(c:/Users/LukeAustin/AppData/Roaming/TinyTeX/texmf-dist/tex/latex/hyperref/name
ref.sty
Package: nameref 2016/05/21 v2.44 Cross-referencing by name of section

(c:/Users/LukeAustin/AppData/Roaming/TinyTeX/texmf-dist/tex/generic/oberdiek/ge
ttitlestring.sty
Package: gettitlestring 2016/05/16 v1.5 Cleanup title references (HO)
)
\c@section@level=\count127
)
LaTeX Info: Redefining \ref on input line 86.
LaTeX Info: Redefining \pageref on input line 86.
LaTeX Info: Redefining \nameref on input line 86.
*geometry* driver: auto-detecting
*geometry* detected driver: pdftex
*geometry* verbose mode - [ preamble ] result:
* driver: pdftex
* paper: <default>
* layout: <same size as paper>
* layoutoffset:(h,v)=(0.0pt,0.0pt)
* modes: 
* h-part:(L,W,R)=(72.26999pt, 469.75502pt, 72.26999pt)
* v-part:(T,H,B)=(72.26999pt, 650.43001pt, 72.26999pt)
* \paperwidth=614.295pt
* \paperheight=794.96999pt
* \textwidth=469.75502pt
* \textheight=650.43001pt
* \oddsidemargin=0.0pt
* \evensidemargin=0.0pt
* \topmargin=-37.0pt
* \headheight=12.0pt
* \headsep=25.0pt
* \topskip=12.0pt
* \footskip=30.0pt
* \marginparwidth=44.0pt
* \marginparsep=10.0pt
* \columnsep=10.0pt
* \skip\footins=10.8pt plus 4.0pt minus 2.0pt
* \hoffset=0.0pt
* \voffset=0.0pt
* \mag=1000
* \@twocolumnfalse
* \@twosidefalse
* \@mparswitchfalse
* \@reversemarginfalse
* (1in=72.27pt=25.4mm, 1cm=28.453pt)

<mosl_title.png, id=4, 163.5711pt x 50.8299pt>
File: mosl_title.png Graphic file (type png)
<use mosl_title.png>
Package pdftex.def Info: mosl_title.png  used on input line 87.
(pdftex.def)             Requested size: 163.57568pt x 50.8313pt.
LaTeX Font Info:    Try loading font information for OT1+lmr on input line 87.
(c:/Users/LukeAustin/AppData/Roaming/TinyTeX/texmf-dist/tex/latex/lm/ot1lmr.fd
File: ot1lmr.fd 2009/10/30 v1.6 Font defs for Latin Modern
)
LaTeX Font Info:    Try loading font information for OML+lmm on input line 87.
(c:/Users/LukeAustin/AppData/Roaming/TinyTeX/texmf-dist/tex/latex/lm/omllmm.fd
File: omllmm.fd 2009/10/30 v1.6 Font defs for Latin Modern
)
LaTeX Font Info:    Try loading font information for OMS+lmsy on input line 87.


(c:/Users/LukeAustin/AppData/Roaming/TinyTeX/texmf-dist/tex/latex/lm/omslmsy.fd
File: omslmsy.fd 2009/10/30 v1.6 Font defs for Latin Modern
)
LaTeX Font Info:    Try loading font information for OMX+lmex on input line 87.


(c:/Users/LukeAustin/AppData/Roaming/TinyTeX/texmf-dist/tex/latex/lm/omxlmex.fd
File: omxlmex.fd 2009/10/30 v1.6 Font defs for Latin Modern
)
LaTeX Font Info:    External font `lmex10' loaded for size
(Font)              <14.4> on input line 87.
LaTeX Font Info:    External font `lmex10' loaded for size
(Font)              <10> on input line 87.
LaTeX Font Info:    External font `lmex10' loaded for size
(Font)              <7> on input line 87.
LaTeX Font Info:    Try loading font information for U+msa on input line 87.

(c:/Users/LukeAustin/AppData/Roaming/TinyTeX/texmf-dist/tex/latex/amsfonts/umsa
.fd
File: umsa.fd 2013/01/14 v3.01 AMS symbols A
)
LaTeX Font Info:    Try loading font information for U+msb on input line 87.

(c:/Users/LukeAustin/AppData/Roaming/TinyTeX/texmf-dist/tex/latex/amsfonts/umsb
.fd
File: umsb.fd 2013/01/14 v3.01 AMS symbols B
) (./THAMES-W_pfm-report_2020-02.toc
LaTeX Font Info:    External font `lmex10' loaded for size
(Font)              <12> on input line 2.
LaTeX Font Info:    External font `lmex10' loaded for size
(Font)              <8> on input line 2.
LaTeX Font Info:    External font `lmex10' loaded for size
(Font)              <6> on input line 2.
)
\tf@toc=\write3
\openout3 = `THAMES-W_pfm-report_2020-02.toc'.

<C:/Users/LukeAustin/OneDrive - Market Operator Services Limited/Luke_Backup/Lu
ke/DataAnalysis/PerformanceMonitoringProject/PfmReports/2020-02/THAMES-W_pfm-re
port_2020-02_files/figure-latex/unnamed-chunk-3-1.pdf, id=19, 867.24pt x 361.35
pt>
File: C:/Users/LukeAustin/OneDrive - Market Operator Services Limited/Luke_Back
up/Luke/DataAnalysis/PerformanceMonitoringProject/PfmReports/2020-02/THAMES-W_p
fm-report_2020-02_files/figure-latex/unnamed-chunk-3-1.pdf Graphic file (type p
df)
<use C:/Users/LukeAustin/OneDrive - Market Operator Services Limited/Luke_Backu
p/Luke/DataAnalysis/PerformanceMonitoringProject/PfmReports/2020-02/THAMES-W_pf
m-report_2020-02_files/figure-latex/unnamed-chunk-3-1.pdf>
Package pdftex.def Info: C:/Users/LukeAustin/OneDrive - Market Operator Service
s Limited/Luke_Backup/Luke/DataAnalysis/PerformanceMonitoringProject/PfmReports
/2020-02/THAMES-W_pfm-report_2020-02_files/figure-latex/unnamed-chunk-3-1.pdf  
used on input line 100.
(pdftex.def)             Requested size: 469.75827pt x 195.7326pt.
LaTeX Font Info:    External font `lmex10' loaded for size
(Font)              <5> on input line 125.
[1

{c:/Users/LukeAustin/AppData/Roaming/TinyTeX/texmf-var/fonts/map/pdftex/updmap/
pdftex.map} <./mosl_title.png>]
LaTeX Font Info:    Try loading font information for TS1+lmr on input line 138.

(c:/Users/LukeAustin/AppData/Roaming/TinyTeX/texmf-dist/tex/latex/lm/ts1lmr.fd
File: ts1lmr.fd 2009/10/30 v1.6 Font defs for Latin Modern
)
<C:/Users/LukeAustin/OneDrive - Market Operator Services Limited/Luke_Backup/Lu
ke/DataAnalysis/PerformanceMonitoringProject/PfmReports/2020-02/THAMES-W_pfm-re
port_2020-02_files/figure-latex/unnamed-chunk-5-1.pdf, id=44, 867.24pt x 361.35
pt>
File: C:/Users/LukeAustin/OneDrive - Market Operator Services Limited/Luke_Back
up/Luke/DataAnalysis/PerformanceMonitoringProject/PfmReports/2020-02/THAMES-W_p
fm-report_2020-02_files/figure-latex/unnamed-chunk-5-1.pdf Graphic file (type p
df)
<use C:/Users/LukeAustin/OneDrive - Market Operator Services Limited/Luke_Backu
p/Luke/DataAnalysis/PerformanceMonitoringProject/PfmReports/2020-02/THAMES-W_pf
m-report_2020-02_files/figure-latex/unnamed-chunk-5-1.pdf>
Package pdftex.def Info: C:/Users/LukeAustin/OneDrive - Market Operator Service
s Limited/Luke_Backup/Luke/DataAnalysis/PerformanceMonitoringProject/PfmReports
/2020-02/THAMES-W_pfm-report_2020-02_files/figure-latex/unnamed-chunk-5-1.pdf  
used on input line 141.
(pdftex.def)             Requested size: 469.75827pt x 195.7326pt.
<mosl_header.png, id=45, 597.432pt x 85.2786pt>
File: mosl_header.png Graphic file (type png)
<use mosl_header.png>
Package pdftex.def Info: mosl_header.png  used on input line 167.
(pdftex.def)             Requested size: 170.71657pt x 24.3684pt.

Package Fancyhdr Warning: \headheight is too small (12.0pt): 
Make it at least 28.71843pt.
We now make it that large for the rest of the document.
This may cause the page layout to be inconsistent, however.

[2pdfTeX warning (ext4): destination with the same identifier (name{table.1}) h
as been already used, duplicate ignored

\AtBegShi@Output ...ipout \box \AtBeginShipoutBox 
                                                  \fi \fi 
l.167 \end{table}
                  <./mosl_header.png> <c:/Users/LukeAustin/OneDrive - Market Op
erator Services Limited/Luke_Backup/Luke/DataAnalysis/PerformanceMonitoringProj
ect/PfmReports/2020-02/THAMES-W_pfm-report_2020-02_files/figure-latex/unnamed-c
hunk-3-1.pdf>]
<C:/Users/LukeAustin/OneDrive - Market Operator Services Limited/Luke_Backup/Lu
ke/DataAnalysis/PerformanceMonitoringProject/PfmReports/2020-02/THAMES-W_pfm-re
port_2020-02_files/figure-latex/unnamed-chunk-7-1.pdf, id=61, 867.24pt x 433.62
pt>
File: C:/Users/LukeAustin/OneDrive - Market Operator Services Limited/Luke_Back
up/Luke/DataAnalysis/PerformanceMonitoringProject/PfmReports/2020-02/THAMES-W_p
fm-report_2020-02_files/figure-latex/unnamed-chunk-7-1.pdf Graphic file (type p
df)
<use C:/Users/LukeAustin/OneDrive - Market Operator Services Limited/Luke_Backu
p/Luke/DataAnalysis/PerformanceMonitoringProject/PfmReports/2020-02/THAMES-W_pf
m-report_2020-02_files/figure-latex/unnamed-chunk-7-1.pdf>
Package pdftex.def Info: C:/Users/LukeAustin/OneDrive - Market Operator Service
s Limited/Luke_Backup/Luke/DataAnalysis/PerformanceMonitoringProject/PfmReports
/2020-02/THAMES-W_pfm-report_2020-02_files/figure-latex/unnamed-chunk-7-1.pdf  
used on input line 182.
(pdftex.def)             Requested size: 469.75827pt x 234.87912pt.
File: mosl_header.png Graphic file (type png)
<use mosl_header.png>
Package pdftex.def Info: mosl_header.png  used on input line 184.
(pdftex.def)             Requested size: 170.71657pt x 24.3684pt.
[3pdfTeX warning (ext4): destination with the same identifier (name{table.2}) h
as been already used, duplicate ignored

\AtBegShi@Output ...ipout \box \AtBeginShipoutBox 
                                                  \fi \fi 
l.184 T
       he current status of Thames's performance against each standard and <c:/
Users/LukeAustin/OneDrive - Market Operator Services Limited/Luke_Backup/Luke/D
ataAnalysis/PerformanceMonitoringProject/PfmReports/2020-02/THAMES-W_pfm-report
_2020-02_files/figure-latex/unnamed-chunk-5-1.pdf>]
<C:/Users/LukeAustin/OneDrive - Market Operator Services Limited/Luke_Backup/Lu
ke/DataAnalysis/PerformanceMonitoringProject/PfmReports/2020-02/THAMES-W_pfm-re
port_2020-02_files/figure-latex/unnamed-chunk-9-1.pdf, id=72, 867.24pt x 433.62
pt>
File: C:/Users/LukeAustin/OneDrive - Market Operator Services Limited/Luke_Back
up/Luke/DataAnalysis/PerformanceMonitoringProject/PfmReports/2020-02/THAMES-W_p
fm-report_2020-02_files/figure-latex/unnamed-chunk-9-1.pdf Graphic file (type p
df)
<use C:/Users/LukeAustin/OneDrive - Market Operator Services Limited/Luke_Backu
p/Luke/DataAnalysis/PerformanceMonitoringProject/PfmReports/2020-02/THAMES-W_pf
m-report_2020-02_files/figure-latex/unnamed-chunk-9-1.pdf>
Package pdftex.def Info: C:/Users/LukeAustin/OneDrive - Market Operator Service
s Limited/Luke_Backup/Luke/DataAnalysis/PerformanceMonitoringProject/PfmReports
/2020-02/THAMES-W_pfm-report_2020-02_files/figure-latex/unnamed-chunk-9-1.pdf  
used on input line 212.
(pdftex.def)             Requested size: 469.75827pt x 234.87912pt.
File: mosl_header.png Graphic file (type png)
<use mosl_header.png>
Package pdftex.def Info: mosl_header.png  used on input line 215.
(pdftex.def)             Requested size: 170.71657pt x 24.3684pt.
[4pdfTeX warning (ext4): destination with the same identifier (name{table.3}) h
as been already used, duplicate ignored

\AtBegShi@Output ...ipout \box \AtBeginShipoutBox 
                                                  \fi \fi 
l.215 ...ailed Analysis}\label{detailed-analysis}}
                                                   <c:/Users/LukeAustin/OneDriv
e - Market Operator Services Limited/Luke_Backup/Luke/DataAnalysis/PerformanceM
onitoringProject/PfmReports/2020-02/THAMES-W_pfm-report_2020-02_files/figure-la
tex/unnamed-chunk-7-1.pdf>]
<C:/Users/LukeAustin/OneDrive - Market Operator Services Limited/Luke_Backup/Lu
ke/DataAnalysis/PerformanceMonitoringProject/PfmReports/2020-02/THAMES-W_pfm-re
port_2020-02_files/figure-latex/unnamed-chunk-12-1.pdf, id=83, 867.24pt x 361.3
5pt>
File: C:/Users/LukeAustin/OneDrive - Market Operator Services Limited/Luke_Back
up/Luke/DataAnalysis/PerformanceMonitoringProject/PfmReports/2020-02/THAMES-W_p
fm-report_2020-02_files/figure-latex/unnamed-chunk-12-1.pdf Graphic file (type 
pdf)
<use C:/Users/LukeAustin/OneDrive - Market Operator Services Limited/Luke_Backu
p/Luke/DataAnalysis/PerformanceMonitoringProject/PfmReports/2020-02/THAMES-W_pf
m-report_2020-02_files/figure-latex/unnamed-chunk-12-1.pdf>
Package pdftex.def Info: C:/Users/LukeAustin/OneDrive - Market Operator Service
s Limited/Luke_Backup/Luke/DataAnalysis/PerformanceMonitoringProject/PfmReports
/2020-02/THAMES-W_pfm-report_2020-02_files/figure-latex/unnamed-chunk-12-1.pdf 
 used on input line 239.
(pdftex.def)             Requested size: 469.75827pt x 195.7326pt.
File: mosl_header.png Graphic file (type png)
<use mosl_header.png>
Package pdftex.def Info: mosl_header.png  used on input line 246.
(pdftex.def)             Requested size: 170.71657pt x 24.3684pt.
[5 <c:/Users/LukeAustin/OneDrive - Market Operator Services Limited/Luke_Backup
/Luke/DataAnalysis/PerformanceMonitoringProject/PfmReports/2020-02/THAMES-W_pfm
-report_2020-02_files/figure-latex/unnamed-chunk-9-1.pdf> <c:/Users/LukeAustin/
OneDrive - Market Operator Services Limited/Luke_Backup/Luke/DataAnalysis/Perfo
rmanceMonitoringProject/PfmReports/2020-02/THAMES-W_pfm-report_2020-02_files/fi
gure-latex/unnamed-chunk-12-1.pdf>]
File: mosl_header.png Graphic file (type png)
<use mosl_header.png>
Package pdftex.def Info: mosl_header.png  used on input line 333.
(pdftex.def)             Requested size: 170.71657pt x 24.3684pt.
[6]
<C:/Users/LukeAustin/OneDrive - Market Operator Services Limited/Luke_Backup/Lu
ke/DataAnalysis/PerformanceMonitoringProject/PfmReports/2020-02/THAMES-W_pfm-re
port_2020-02_files/figure-latex/unnamed-chunk-17-1.pdf, id=116, 867.24pt x 361.
35pt>
File: C:/Users/LukeAustin/OneDrive - Market Operator Services Limited/Luke_Back
up/Luke/DataAnalysis/PerformanceMonitoringProject/PfmReports/2020-02/THAMES-W_p
fm-report_2020-02_files/figure-latex/unnamed-chunk-17-1.pdf Graphic file (type 
pdf)
<use C:/Users/LukeAustin/OneDrive - Market Operator Services Limited/Luke_Backu
p/Luke/DataAnalysis/PerformanceMonitoringProject/PfmReports/2020-02/THAMES-W_pf
m-report_2020-02_files/figure-latex/unnamed-chunk-17-1.pdf>
Package pdftex.def Info: C:/Users/LukeAustin/OneDrive - Market Operator Service
s Limited/Luke_Backup/Luke/DataAnalysis/PerformanceMonitoringProject/PfmReports
/2020-02/THAMES-W_pfm-report_2020-02_files/figure-latex/unnamed-chunk-17-1.pdf 
 used on input line 371.
(pdftex.def)             Requested size: 469.75827pt x 195.7326pt.
File: mosl_header.png Graphic file (type png)
<use mosl_header.png>
Package pdftex.def Info: mosl_header.png  used on input line 373.
(pdftex.def)             Requested size: 170.71657pt x 24.3684pt.
[7]
<C:/Users/LukeAustin/OneDrive - Market Operator Services Limited/Luke_Backup/Lu
ke/DataAnalysis/PerformanceMonitoringProject/PfmReports/2020-02/THAMES-W_pfm-re
port_2020-02_files/figure-latex/unnamed-chunk-22-1.pdf, id=124, 867.24pt x 361.
35pt>
File: C:/Users/LukeAustin/OneDrive - Market Operator Services Limited/Luke_Back
up/Luke/DataAnalysis/PerformanceMonitoringProject/PfmReports/2020-02/THAMES-W_p
fm-report_2020-02_files/figure-latex/unnamed-chunk-22-1.pdf Graphic file (type 
pdf)
<use C:/Users/LukeAustin/OneDrive - Market Operator Services Limited/Luke_Backu
p/Luke/DataAnalysis/PerformanceMonitoringProject/PfmReports/2020-02/THAMES-W_pf
m-report_2020-02_files/figure-latex/unnamed-chunk-22-1.pdf>
Package pdftex.def Info: C:/Users/LukeAustin/OneDrive - Market Operator Service
s Limited/Luke_Backup/Luke/DataAnalysis/PerformanceMonitoringProject/PfmReports
/2020-02/THAMES-W_pfm-report_2020-02_files/figure-latex/unnamed-chunk-22-1.pdf 
 used on input line 407.
(pdftex.def)             Requested size: 469.75827pt x 195.7326pt.
File: mosl_header.png Graphic file (type png)
<use mosl_header.png>
Package pdftex.def Info: mosl_header.png  used on input line 409.
(pdftex.def)             Requested size: 170.71657pt x 24.3684pt.
[8 <c:/Users/LukeAustin/OneDrive - Market Operator Services Limited/Luke_Backup
/Luke/DataAnalysis/PerformanceMonitoringProject/PfmReports/2020-02/THAMES-W_pfm
-report_2020-02_files/figure-latex/unnamed-chunk-17-1.pdf>]
<C:/Users/LukeAustin/OneDrive - Market Operator Services Limited/Luke_Backup/Lu
ke/DataAnalysis/PerformanceMonitoringProject/PfmReports/2020-02/THAMES-W_pfm-re
port_2020-02_files/figure-latex/unnamed-chunk-27-1.pdf, id=136, 867.24pt x 361.
35pt>
File: C:/Users/LukeAustin/OneDrive - Market Operator Services Limited/Luke_Back
up/Luke/DataAnalysis/PerformanceMonitoringProject/PfmReports/2020-02/THAMES-W_p
fm-report_2020-02_files/figure-latex/unnamed-chunk-27-1.pdf Graphic file (type 
pdf)
<use C:/Users/LukeAustin/OneDrive - Market Operator Services Limited/Luke_Backu
p/Luke/DataAnalysis/PerformanceMonitoringProject/PfmReports/2020-02/THAMES-W_pf
m-report_2020-02_files/figure-latex/unnamed-chunk-27-1.pdf>
Package pdftex.def Info: C:/Users/LukeAustin/OneDrive - Market Operator Service
s Limited/Luke_Backup/Luke/DataAnalysis/PerformanceMonitoringProject/PfmReports
/2020-02/THAMES-W_pfm-report_2020-02_files/figure-latex/unnamed-chunk-27-1.pdf 
 used on input line 444.
(pdftex.def)             Requested size: 469.75827pt x 195.7326pt.
File: mosl_header.png Graphic file (type png)
<use mosl_header.png>
Package pdftex.def Info: mosl_header.png  used on input line 446.
(pdftex.def)             Requested size: 170.71657pt x 24.3684pt.
[9 <c:/Users/LukeAustin/OneDrive - Market Operator Services Limited/Luke_Backup
/Luke/DataAnalysis/PerformanceMonitoringProject/PfmReports/2020-02/THAMES-W_pfm
-report_2020-02_files/figure-latex/unnamed-chunk-22-1.pdf>]
File: mosl_header.png Graphic file (type png)
<use mosl_header.png>
Package pdftex.def Info: mosl_header.png  used on input line 495.
(pdftex.def)             Requested size: 170.71657pt x 24.3684pt.
[10 <c:/Users/LukeAustin/OneDrive - Market Operator Services Limited/Luke_Backu
p/Luke/DataAnalysis/PerformanceMonitoringProject/PfmReports/2020-02/THAMES-W_pf
m-report_2020-02_files/figure-latex/unnamed-chunk-27-1.pdf>]
<C:/Users/LukeAustin/OneDrive - Market Operator Services Limited/Luke_Backup/Lu
ke/DataAnalysis/PerformanceMonitoringProject/PfmReports/2020-02/THAMES-W_pfm-re
port_2020-02_files/figure-latex/unnamed-chunk-32-1.pdf, id=164, 867.24pt x 361.
35pt>
File: C:/Users/LukeAustin/OneDrive - Market Operator Services Limited/Luke_Back
up/Luke/DataAnalysis/PerformanceMonitoringProject/PfmReports/2020-02/THAMES-W_p
fm-report_2020-02_files/figure-latex/unnamed-chunk-32-1.pdf Graphic file (type 
pdf)
<use C:/Users/LukeAustin/OneDrive - Market Operator Services Limited/Luke_Backu
p/Luke/DataAnalysis/PerformanceMonitoringProject/PfmReports/2020-02/THAMES-W_pf
m-report_2020-02_files/figure-latex/unnamed-chunk-32-1.pdf>
Package pdftex.def Info: C:/Users/LukeAustin/OneDrive - Market Operator Service
s Limited/Luke_Backup/Luke/DataAnalysis/PerformanceMonitoringProject/PfmReports
/2020-02/THAMES-W_pfm-report_2020-02_files/figure-latex/unnamed-chunk-32-1.pdf 
 used on input line 508.
(pdftex.def)             Requested size: 469.75827pt x 195.7326pt.
File: mosl_header.png Graphic file (type png)
<use mosl_header.png>
Package pdftex.def Info: mosl_header.png  used on input line 543.
(pdftex.def)             Requested size: 170.71657pt x 24.3684pt.
[11 <c:/Users/LukeAustin/OneDrive - Market Operator Services Limited/Luke_Backu
p/Luke/DataAnalysis/PerformanceMonitoringProject/PfmReports/2020-02/THAMES-W_pf
m-report_2020-02_files/figure-latex/unnamed-chunk-32-1.pdf>]
<C:/Users/LukeAustin/OneDrive - Market Operator Services Limited/Luke_Backup/Lu
ke/DataAnalysis/PerformanceMonitoringProject/PfmReports/2020-02/THAMES-W_pfm-re
port_2020-02_files/figure-latex/unnamed-chunk-37-1.pdf, id=177, 867.24pt x 361.
35pt>
File: C:/Users/LukeAustin/OneDrive - Market Operator Services Limited/Luke_Back
up/Luke/DataAnalysis/PerformanceMonitoringProject/PfmReports/2020-02/THAMES-W_p
fm-report_2020-02_files/figure-latex/unnamed-chunk-37-1.pdf Graphic file (type 
pdf)
<use C:/Users/LukeAustin/OneDrive - Market Operator Services Limited/Luke_Backu
p/Luke/DataAnalysis/PerformanceMonitoringProject/PfmReports/2020-02/THAMES-W_pf
m-report_2020-02_files/figure-latex/unnamed-chunk-37-1.pdf>
Package pdftex.def Info: C:/Users/LukeAustin/OneDrive - Market Operator Service
s Limited/Luke_Backup/Luke/DataAnalysis/PerformanceMonitoringProject/PfmReports
/2020-02/THAMES-W_pfm-report_2020-02_files/figure-latex/unnamed-chunk-37-1.pdf 
 used on input line 544.
(pdftex.def)             Requested size: 469.75827pt x 195.7326pt.
<C:/Users/LukeAustin/OneDrive - Market Operator Services Limited/Luke_Backup/Lu
ke/DataAnalysis/PerformanceMonitoringProject/PfmReports/2020-02/THAMES-W_pfm-re
port_2020-02_files/figure-latex/unnamed-chunk-42-1.pdf, id=178, 867.24pt x 361.
35pt>
File: C:/Users/LukeAustin/OneDrive - Market Operator Services Limited/Luke_Back
up/Luke/DataAnalysis/PerformanceMonitoringProject/PfmReports/2020-02/THAMES-W_p
fm-report_2020-02_files/figure-latex/unnamed-chunk-42-1.pdf Graphic file (type 
pdf)
<use C:/Users/LukeAustin/OneDrive - Market Operator Services Limited/Luke_Backu
p/Luke/DataAnalysis/PerformanceMonitoringProject/PfmReports/2020-02/THAMES-W_pf
m-report_2020-02_files/figure-latex/unnamed-chunk-42-1.pdf>
Package pdftex.def Info: C:/Users/LukeAustin/OneDrive - Market Operator Service
s Limited/Luke_Backup/Luke/DataAnalysis/PerformanceMonitoringProject/PfmReports
/2020-02/THAMES-W_pfm-report_2020-02_files/figure-latex/unnamed-chunk-42-1.pdf 
 used on input line 579.
(pdftex.def)             Requested size: 469.75827pt x 195.7326pt.
File: mosl_header.png Graphic file (type png)
<use mosl_header.png>
Package pdftex.def Info: mosl_header.png  used on input line 581.
(pdftex.def)             Requested size: 170.71657pt x 24.3684pt.
[12 <c:/Users/LukeAustin/OneDrive - Market Operator Services Limited/Luke_Backu
p/Luke/DataAnalysis/PerformanceMonitoringProject/PfmReports/2020-02/THAMES-W_pf
m-report_2020-02_files/figure-latex/unnamed-chunk-37-1.pdf>]
<C:/Users/LukeAustin/OneDrive - Market Operator Services Limited/Luke_Backup/Lu
ke/DataAnalysis/PerformanceMonitoringProject/PfmReports/2020-02/THAMES-W_pfm-re
port_2020-02_files/figure-latex/unnamed-chunk-47-1.pdf, id=190, 867.24pt x 361.
35pt>
File: C:/Users/LukeAustin/OneDrive - Market Operator Services Limited/Luke_Back
up/Luke/DataAnalysis/PerformanceMonitoringProject/PfmReports/2020-02/THAMES-W_p
fm-report_2020-02_files/figure-latex/unnamed-chunk-47-1.pdf Graphic file (type 
pdf)
<use C:/Users/LukeAustin/OneDrive - Market Operator Services Limited/Luke_Backu
p/Luke/DataAnalysis/PerformanceMonitoringProject/PfmReports/2020-02/THAMES-W_pf
m-report_2020-02_files/figure-latex/unnamed-chunk-47-1.pdf>
Package pdftex.def Info: C:/Users/LukeAustin/OneDrive - Market Operator Service
s Limited/Luke_Backup/Luke/DataAnalysis/PerformanceMonitoringProject/PfmReports
/2020-02/THAMES-W_pfm-report_2020-02_files/figure-latex/unnamed-chunk-47-1.pdf 
 used on input line 615.
(pdftex.def)             Requested size: 469.75827pt x 195.7326pt.
File: mosl_header.png Graphic file (type png)
<use mosl_header.png>
Package pdftex.def Info: mosl_header.png  used on input line 617.
(pdftex.def)             Requested size: 170.71657pt x 24.3684pt.
[13 <c:/Users/LukeAustin/OneDrive - Market Operator Services Limited/Luke_Backu
p/Luke/DataAnalysis/PerformanceMonitoringProject/PfmReports/2020-02/THAMES-W_pf
m-report_2020-02_files/figure-latex/unnamed-chunk-42-1.pdf>]
<C:/Users/LukeAustin/OneDrive - Market Operator Services Limited/Luke_Backup/Lu
ke/DataAnalysis/PerformanceMonitoringProject/PfmReports/2020-02/THAMES-W_pfm-re
port_2020-02_files/figure-latex/unnamed-chunk-52-1.pdf, id=203, 867.24pt x 361.
35pt>
File: C:/Users/LukeAustin/OneDrive - Market Operator Services Limited/Luke_Back
up/Luke/DataAnalysis/PerformanceMonitoringProject/PfmReports/2020-02/THAMES-W_p
fm-report_2020-02_files/figure-latex/unnamed-chunk-52-1.pdf Graphic file (type 
pdf)
<use C:/Users/LukeAustin/OneDrive - Market Operator Services Limited/Luke_Backu
p/Luke/DataAnalysis/PerformanceMonitoringProject/PfmReports/2020-02/THAMES-W_pf
m-report_2020-02_files/figure-latex/unnamed-chunk-52-1.pdf>
Package pdftex.def Info: C:/Users/LukeAustin/OneDrive - Market Operator Service
s Limited/Luke_Backup/Luke/DataAnalysis/PerformanceMonitoringProject/PfmReports
/2020-02/THAMES-W_pfm-report_2020-02_files/figure-latex/unnamed-chunk-52-1.pdf 
 used on input line 650.
(pdftex.def)             Requested size: 469.75827pt x 195.7326pt.
File: mosl_header.png Graphic file (type png)
<use mosl_header.png>
Package pdftex.def Info: mosl_header.png  used on input line 652.
(pdftex.def)             Requested size: 170.71657pt x 24.3684pt.
[14 <c:/Users/LukeAustin/OneDrive - Market Operator Services Limited/Luke_Backu
p/Luke/DataAnalysis/PerformanceMonitoringProject/PfmReports/2020-02/THAMES-W_pf
m-report_2020-02_files/figure-latex/unnamed-chunk-47-1.pdf>]
File: mosl_header.png Graphic file (type png)
<use mosl_header.png>
Package pdftex.def Info: mosl_header.png  used on input line 728.
(pdftex.def)             Requested size: 170.71657pt x 24.3684pt.
[15pdfTeX warning (ext4): destination with the same identifier (name{table.8}) 
has been already used, duplicate ignored

\AtBegShi@Output ...ipout \box \AtBeginShipoutBox 
                                                  \fi \fi 
l.728 
       <c:/Users/LukeAustin/OneDrive - Market Operator Services Limited/Luke_Ba
ckup/Luke/DataAnalysis/PerformanceMonitoringProject/PfmReports/2020-02/THAMES-W
_pfm-report_2020-02_files/figure-latex/unnamed-chunk-52-1.pdf>]
File: mosl_header.png Graphic file (type png)
<use mosl_header.png>
Package pdftex.def Info: mosl_header.png  used on input line 760.
(pdftex.def)             Requested size: 170.71657pt x 24.3684pt.
[16pdfTeX warning (ext4): destination with the same identifier (name{table.9}) 
has been already used, duplicate ignored

\AtBegShi@Output ...ipout \box \AtBeginShipoutBox 
                                                  \fi \fi 
l.760 \newpage
              pdfTeX warning (ext4): destination with the same identifier (name
{table.10}) has been already used, duplicate ignored

\AtBegShi@Output ...ipout \box \AtBeginShipoutBox 
                                                  \fi \fi 
l.760 \newpage
              ]
<C:/Users/LukeAustin/OneDrive - Market Operator Services Limited/Luke_Backup/Lu
ke/DataAnalysis/PerformanceMonitoringProject/PfmReports/2020-02/THAMES-W_pfm-re
port_2020-02_files/figure-latex/unnamed-chunk-57-1.pdf, id=232, 867.24pt x 361.
35pt>
File: C:/Users/LukeAustin/OneDrive - Market Operator Services Limited/Luke_Back
up/Luke/DataAnalysis/PerformanceMonitoringProject/PfmReports/2020-02/THAMES-W_p
fm-report_2020-02_files/figure-latex/unnamed-chunk-57-1.pdf Graphic file (type 
pdf)
<use C:/Users/LukeAustin/OneDrive - Market Operator Services Limited/Luke_Backu
p/Luke/DataAnalysis/PerformanceMonitoringProject/PfmReports/2020-02/THAMES-W_pf
m-report_2020-02_files/figure-latex/unnamed-chunk-57-1.pdf>
Package pdftex.def Info: C:/Users/LukeAustin/OneDrive - Market Operator Service
s Limited/Luke_Backup/Luke/DataAnalysis/PerformanceMonitoringProject/PfmReports
/2020-02/THAMES-W_pfm-report_2020-02_files/figure-latex/unnamed-chunk-57-1.pdf 
 used on input line 769.
(pdftex.def)             Requested size: 469.75827pt x 195.7326pt.
<C:/Users/LukeAustin/OneDrive - Market Operator Services Limited/Luke_Backup/Lu
ke/DataAnalysis/PerformanceMonitoringProject/PfmReports/2020-02/THAMES-W_pfm-re
port_2020-02_files/figure-latex/unnamed-chunk-59-1.pdf, id=233, 867.24pt x 361.
35pt>
File: C:/Users/LukeAustin/OneDrive - Market Operator Services Limited/Luke_Back
up/Luke/DataAnalysis/PerformanceMonitoringProject/PfmReports/2020-02/THAMES-W_p
fm-report_2020-02_files/figure-latex/unnamed-chunk-59-1.pdf Graphic file (type 
pdf)
<use C:/Users/LukeAustin/OneDrive - Market Operator Services Limited/Luke_Backu
p/Luke/DataAnalysis/PerformanceMonitoringProject/PfmReports/2020-02/THAMES-W_pf
m-report_2020-02_files/figure-latex/unnamed-chunk-59-1.pdf>
Package pdftex.def Info: C:/Users/LukeAustin/OneDrive - Market Operator Service
s Limited/Luke_Backup/Luke/DataAnalysis/PerformanceMonitoringProject/PfmReports
/2020-02/THAMES-W_pfm-report_2020-02_files/figure-latex/unnamed-chunk-59-1.pdf 
 used on input line 811.
(pdftex.def)             Requested size: 469.75827pt x 195.7326pt.
File: mosl_header.png Graphic file (type png)
<use mosl_header.png>
Package pdftex.def Info: mosl_header.png  used on input line 841.
(pdftex.def)             Requested size: 170.71657pt x 24.3684pt.
[17pdfTeX warning (ext4): destination with the same identifier (name{table.11})
 has been already used, duplicate ignored

\AtBegShi@Output ...ipout \box \AtBeginShipoutBox 
                                                  \fi \fi 
l.841 \end{table}
                  <c:/Users/LukeAustin/OneDrive - Market Operator Services Limi
ted/Luke_Backup/Luke/DataAnalysis/PerformanceMonitoringProject/PfmReports/2020-
02/THAMES-W_pfm-report_2020-02_files/figure-latex/unnamed-chunk-57-1.pdf>]

LaTeX Warning: `!h' float specifier changed to `!ht'.

<C:/Users/LukeAustin/OneDrive - Market Operator Services Limited/Luke_Backup/Lu
ke/DataAnalysis/PerformanceMonitoringProject/PfmReports/2020-02/THAMES-W_pfm-re
port_2020-02_files/figure-latex/unnamed-chunk-62-1.pdf, id=247, 867.24pt x 433.
62pt>
File: C:/Users/LukeAustin/OneDrive - Market Operator Services Limited/Luke_Back
up/Luke/DataAnalysis/PerformanceMonitoringProject/PfmReports/2020-02/THAMES-W_p
fm-report_2020-02_files/figure-latex/unnamed-chunk-62-1.pdf Graphic file (type 
pdf)
<use C:/Users/LukeAustin/OneDrive - Market Operator Services Limited/Luke_Backu
p/Luke/DataAnalysis/PerformanceMonitoringProject/PfmReports/2020-02/THAMES-W_pf
m-report_2020-02_files/figure-latex/unnamed-chunk-62-1.pdf>
Package pdftex.def Info: C:/Users/LukeAustin/OneDrive - Market Operator Service
s Limited/Luke_Backup/Luke/DataAnalysis/PerformanceMonitoringProject/PfmReports
/2020-02/THAMES-W_pfm-report_2020-02_files/figure-latex/unnamed-chunk-62-1.pdf 
 used on input line 888.
(pdftex.def)             Requested size: 469.75827pt x 234.87912pt.
File: mosl_header.png Graphic file (type png)
<use mosl_header.png>
Package pdftex.def Info: mosl_header.png  used on input line 890.
(pdftex.def)             Requested size: 170.71657pt x 24.3684pt.
[18pdfTeX warning (ext4): destination with the same identifier (name{table.12})
 has been already used, duplicate ignored

\AtBegShi@Output ...ipout \box \AtBeginShipoutBox 
                                                  \fi \fi 
l.890 T
       hames's 6-month average aggregate OPS performance for outstanding tasks 
<c:/Users/LukeAustin/OneDrive - Market Operator Services Limited/Luke_Backup/Lu
ke/DataAnalysis/PerformanceMonitoringProject/PfmReports/2020-02/THAMES-W_pfm-re
port_2020-02_files/figure-latex/unnamed-chunk-59-1.pdf>]
<C:/Users/LukeAustin/OneDrive - Market Operator Services Limited/Luke_Backup/Lu
ke/DataAnalysis/PerformanceMonitoringProject/PfmReports/2020-02/THAMES-W_pfm-re
port_2020-02_files/figure-latex/unnamed-chunk-63-1.pdf, id=258, 867.24pt x 433.
62pt>
File: C:/Users/LukeAustin/OneDrive - Market Operator Services Limited/Luke_Back
up/Luke/DataAnalysis/PerformanceMonitoringProject/PfmReports/2020-02/THAMES-W_p
fm-report_2020-02_files/figure-latex/unnamed-chunk-63-1.pdf Graphic file (type 
pdf)
<use C:/Users/LukeAustin/OneDrive - Market Operator Services Limited/Luke_Backu
p/Luke/DataAnalysis/PerformanceMonitoringProject/PfmReports/2020-02/THAMES-W_pf
m-report_2020-02_files/figure-latex/unnamed-chunk-63-1.pdf>
Package pdftex.def Info: C:/Users/LukeAustin/OneDrive - Market Operator Service
s Limited/Luke_Backup/Luke/DataAnalysis/PerformanceMonitoringProject/PfmReports
/2020-02/THAMES-W_pfm-report_2020-02_files/figure-latex/unnamed-chunk-63-1.pdf 
 used on input line 903.
(pdftex.def)             Requested size: 469.75827pt x 234.87912pt.
File: mosl_header.png Graphic file (type png)
<use mosl_header.png>
Package pdftex.def Info: mosl_header.png  used on input line 905.
(pdftex.def)             Requested size: 170.71657pt x 24.3684pt.
[19pdfTeX warning (ext4): destination with the same identifier (name{table.13})
 has been already used, duplicate ignored

\AtBegShi@Output ...ipout \box \AtBeginShipoutBox 
                                                  \fi \fi 
l.905 T
       he current status of Thames's performance against each standard and <c:/
Users/LukeAustin/OneDrive - Market Operator Services Limited/Luke_Backup/Luke/D
ataAnalysis/PerformanceMonitoringProject/PfmReports/2020-02/THAMES-W_pfm-report
_2020-02_files/figure-latex/unnamed-chunk-62-1.pdf>]
File: mosl_header.png Graphic file (type png)
<use mosl_header.png>
Package pdftex.def Info: mosl_header.png  used on input line 978.
(pdftex.def)             Requested size: 170.71657pt x 24.3684pt.
[20pdfTeX warning (ext4): destination with the same identifier (name{table.14})
 has been already used, duplicate ignored

\AtBegShi@Output ...ipout \box \AtBeginShipoutBox 
                                                  \fi \fi 
l.978 
       <c:/Users/LukeAustin/OneDrive - Market Operator Services Limited/Luke_Ba
ckup/Luke/DataAnalysis/PerformanceMonitoringProject/PfmReports/2020-02/THAMES-W
_pfm-report_2020-02_files/figure-latex/unnamed-chunk-63-1.pdf>]
<C:/Users/LukeAustin/OneDrive - Market Operator Services Limited/Luke_Backup/Lu
ke/DataAnalysis/PerformanceMonitoringProject/PfmReports/2020-02/THAMES-W_pfm-re
port_2020-02_files/figure-latex/unnamed-chunk-65-1.pdf, id=281, 867.24pt x 433.
62pt>
File: C:/Users/LukeAustin/OneDrive - Market Operator Services Limited/Luke_Back
up/Luke/DataAnalysis/PerformanceMonitoringProject/PfmReports/2020-02/THAMES-W_p
fm-report_2020-02_files/figure-latex/unnamed-chunk-65-1.pdf Graphic file (type 
pdf)
<use C:/Users/LukeAustin/OneDrive - Market Operator Services Limited/Luke_Backu
p/Luke/DataAnalysis/PerformanceMonitoringProject/PfmReports/2020-02/THAMES-W_pf
m-report_2020-02_files/figure-latex/unnamed-chunk-65-1.pdf>
Package pdftex.def Info: C:/Users/LukeAustin/OneDrive - Market Operator Service
s Limited/Luke_Backup/Luke/DataAnalysis/PerformanceMonitoringProject/PfmReports
/2020-02/THAMES-W_pfm-report_2020-02_files/figure-latex/unnamed-chunk-65-1.pdf 
 used on input line 979.
(pdftex.def)             Requested size: 469.75827pt x 234.87912pt.
File: mosl_header.png Graphic file (type png)
<use mosl_header.png>
Package pdftex.def Info: mosl_header.png  used on input line 990.
(pdftex.def)             Requested size: 170.71657pt x 24.3684pt.
[21pdfTeX warning (ext4): destination with the same identifier (name{table.15})
 has been already used, duplicate ignored

\AtBegShi@Output ...ipout \box \AtBeginShipoutBox 
                                                  \fi \fi 
l.990 \end{quote}
                  <c:/Users/LukeAustin/OneDrive - Market Operator Services Limi
ted/Luke_Backup/Luke/DataAnalysis/PerformanceMonitoringProject/PfmReports/2020-
02/THAMES-W_pfm-report_2020-02_files/figure-latex/unnamed-chunk-65-1.pdf>]
<C:/Users/LukeAustin/OneDrive - Market Operator Services Limited/Luke_Backup/Lu
ke/DataAnalysis/PerformanceMonitoringProject/PfmReports/2020-02/THAMES-W_pfm-re
port_2020-02_files/figure-latex/unnamed-chunk-68-1.pdf, id=297, 867.24pt x 361.
35pt>
File: C:/Users/LukeAustin/OneDrive - Market Operator Services Limited/Luke_Back
up/Luke/DataAnalysis/PerformanceMonitoringProject/PfmReports/2020-02/THAMES-W_p
fm-report_2020-02_files/figure-latex/unnamed-chunk-68-1.pdf Graphic file (type 
pdf)
<use C:/Users/LukeAustin/OneDrive - Market Operator Services Limited/Luke_Backu
p/Luke/DataAnalysis/PerformanceMonitoringProject/PfmReports/2020-02/THAMES-W_pf
m-report_2020-02_files/figure-latex/unnamed-chunk-68-1.pdf>
Package pdftex.def Info: C:/Users/LukeAustin/OneDrive - Market Operator Service
s Limited/Luke_Backup/Luke/DataAnalysis/PerformanceMonitoringProject/PfmReports
/2020-02/THAMES-W_pfm-report_2020-02_files/figure-latex/unnamed-chunk-68-1.pdf 
 used on input line 995.
(pdftex.def)             Requested size: 469.75827pt x 195.7326pt.
<C:/Users/LukeAustin/OneDrive - Market Operator Services Limited/Luke_Backup/Lu
ke/DataAnalysis/PerformanceMonitoringProject/PfmReports/2020-02/THAMES-W_pfm-re
port_2020-02_files/figure-latex/unnamed-chunk-73-1.pdf, id=298, 867.24pt x 361.
35pt>
File: C:/Users/LukeAustin/OneDrive - Market Operator Services Limited/Luke_Back
up/Luke/DataAnalysis/PerformanceMonitoringProject/PfmReports/2020-02/THAMES-W_p
fm-report_2020-02_files/figure-latex/unnamed-chunk-73-1.pdf Graphic file (type 
pdf)
<use C:/Users/LukeAustin/OneDrive - Market Operator Services Limited/Luke_Backu
p/Luke/DataAnalysis/PerformanceMonitoringProject/PfmReports/2020-02/THAMES-W_pf
m-report_2020-02_files/figure-latex/unnamed-chunk-73-1.pdf>
Package pdftex.def Info: C:/Users/LukeAustin/OneDrive - Market Operator Service
s Limited/Luke_Backup/Luke/DataAnalysis/PerformanceMonitoringProject/PfmReports
/2020-02/THAMES-W_pfm-report_2020-02_files/figure-latex/unnamed-chunk-73-1.pdf 
 used on input line 1030.
(pdftex.def)             Requested size: 469.75827pt x 195.7326pt.
File: mosl_header.png Graphic file (type png)
<use mosl_header.png>
Package pdftex.def Info: mosl_header.png  used on input line 1032.
(pdftex.def)             Requested size: 170.71657pt x 24.3684pt.
[22 <c:/Users/LukeAustin/OneDrive - Market Operator Services Limited/Luke_Backu
p/Luke/DataAnalysis/PerformanceMonitoringProject/PfmReports/2020-02/THAMES-W_pf
m-report_2020-02_files/figure-latex/unnamed-chunk-68-1.pdf>]
<C:/Users/LukeAustin/OneDrive - Market Operator Services Limited/Luke_Backup/Lu
ke/DataAnalysis/PerformanceMonitoringProject/PfmReports/2020-02/THAMES-W_pfm-re
port_2020-02_files/figure-latex/unnamed-chunk-78-1.pdf, id=312, 867.24pt x 361.
35pt>
File: C:/Users/LukeAustin/OneDrive - Market Operator Services Limited/Luke_Back
up/Luke/DataAnalysis/PerformanceMonitoringProject/PfmReports/2020-02/THAMES-W_p
fm-report_2020-02_files/figure-latex/unnamed-chunk-78-1.pdf Graphic file (type 
pdf)
<use C:/Users/LukeAustin/OneDrive - Market Operator Services Limited/Luke_Backu
p/Luke/DataAnalysis/PerformanceMonitoringProject/PfmReports/2020-02/THAMES-W_pf
m-report_2020-02_files/figure-latex/unnamed-chunk-78-1.pdf>
Package pdftex.def Info: C:/Users/LukeAustin/OneDrive - Market Operator Service
s Limited/Luke_Backup/Luke/DataAnalysis/PerformanceMonitoringProject/PfmReports
/2020-02/THAMES-W_pfm-report_2020-02_files/figure-latex/unnamed-chunk-78-1.pdf 
 used on input line 1065.
(pdftex.def)             Requested size: 469.75827pt x 195.7326pt.
File: mosl_header.png Graphic file (type png)
<use mosl_header.png>
Package pdftex.def Info: mosl_header.png  used on input line 1072.
(pdftex.def)             Requested size: 170.71657pt x 24.3684pt.
[23 <c:/Users/LukeAustin/OneDrive - Market Operator Services Limited/Luke_Backu
p/Luke/DataAnalysis/PerformanceMonitoringProject/PfmReports/2020-02/THAMES-W_pf
m-report_2020-02_files/figure-latex/unnamed-chunk-73-1.pdf> <c:/Users/LukeAusti
n/OneDrive - Market Operator Services Limited/Luke_Backup/Luke/DataAnalysis/Per
formanceMonitoringProject/PfmReports/2020-02/THAMES-W_pfm-report_2020-02_files/
figure-latex/unnamed-chunk-78-1.pdf>]
<C:/Users/LukeAustin/OneDrive - Market Operator Services Limited/Luke_Backup/Lu
ke/DataAnalysis/PerformanceMonitoringProject/PfmReports/2020-02/THAMES-W_pfm-re
port_2020-02_files/figure-latex/unnamed-chunk-83-1.pdf, id=329, 867.24pt x 361.
35pt>
File: C:/Users/LukeAustin/OneDrive - Market Operator Services Limited/Luke_Back
up/Luke/DataAnalysis/PerformanceMonitoringProject/PfmReports/2020-02/THAMES-W_p
fm-report_2020-02_files/figure-latex/unnamed-chunk-83-1.pdf Graphic file (type 
pdf)
<use C:/Users/LukeAustin/OneDrive - Market Operator Services Limited/Luke_Backu
p/Luke/DataAnalysis/PerformanceMonitoringProject/PfmReports/2020-02/THAMES-W_pf
m-report_2020-02_files/figure-latex/unnamed-chunk-83-1.pdf>
Package pdftex.def Info: C:/Users/LukeAustin/OneDrive - Market Operator Service
s Limited/Luke_Backup/Luke/DataAnalysis/PerformanceMonitoringProject/PfmReports
/2020-02/THAMES-W_pfm-report_2020-02_files/figure-latex/unnamed-chunk-83-1.pdf 
 used on input line 1100.
(pdftex.def)             Requested size: 469.75827pt x 195.7326pt.
File: mosl_header.png Graphic file (type png)
<use mosl_header.png>
Package pdftex.def Info: mosl_header.png  used on input line 1149.
(pdftex.def)             Requested size: 170.71657pt x 24.3684pt.
[24 <c:/Users/LukeAustin/OneDrive - Market Operator Services Limited/Luke_Backu
p/Luke/DataAnalysis/PerformanceMonitoringProject/PfmReports/2020-02/THAMES-W_pf
m-report_2020-02_files/figure-latex/unnamed-chunk-83-1.pdf>]
Overfull \hbox (51.04715pt too wide) in alignment at lines 1157--1162
 [] [] [] 
 []


Overfull \hbox (51.04715pt too wide) in alignment at lines 1162--1167
 [] [] [] 
 []


Overfull \hbox (51.04715pt too wide) in alignment at lines 1167--1169
 [] [] [] 
 []


Overfull \hbox (51.04715pt too wide) in alignment at lines 1169--1171
 [] [] [] 
 []


Overfull \hbox (51.04715pt too wide) in alignment at lines 1171--1173
 [] [] [] 
 []

<C:/Users/LukeAustin/OneDrive - Market Operator Services Limited/Luke_Backup/Lu
ke/DataAnalysis/PerformanceMonitoringProject/PfmReports/2020-02/THAMES-W_pfm-re
port_2020-02_files/figure-latex/unnamed-chunk-88-1.pdf, id=346, 867.24pt x 361.
35pt>
File: C:/Users/LukeAustin/OneDrive - Market Operator Services Limited/Luke_Back
up/Luke/DataAnalysis/PerformanceMonitoringProject/PfmReports/2020-02/THAMES-W_p
fm-report_2020-02_files/figure-latex/unnamed-chunk-88-1.pdf Graphic file (type 
pdf)
<use C:/Users/LukeAustin/OneDrive - Market Operator Services Limited/Luke_Backu
p/Luke/DataAnalysis/PerformanceMonitoringProject/PfmReports/2020-02/THAMES-W_pf
m-report_2020-02_files/figure-latex/unnamed-chunk-88-1.pdf>
Package pdftex.def Info: C:/Users/LukeAustin/OneDrive - Market Operator Service
s Limited/Luke_Backup/Luke/DataAnalysis/PerformanceMonitoringProject/PfmReports
/2020-02/THAMES-W_pfm-report_2020-02_files/figure-latex/unnamed-chunk-88-1.pdf 
 used on input line 1189.
(pdftex.def)             Requested size: 469.75827pt x 195.7326pt.
File: mosl_header.png Graphic file (type png)
<use mosl_header.png>
Package pdftex.def Info: mosl_header.png  used on input line 1208.
(pdftex.def)             Requested size: 170.71657pt x 24.3684pt.
[25 <c:/Users/LukeAustin/OneDrive - Market Operator Services Limited/Luke_Backu
p/Luke/DataAnalysis/PerformanceMonitoringProject/PfmReports/2020-02/THAMES-W_pf
m-report_2020-02_files/figure-latex/unnamed-chunk-88-1.pdf>]
Overfull \hbox (51.04715pt too wide) in alignment at lines 1250--1255
 [] [] [] 
 []


Overfull \hbox (51.04715pt too wide) in alignment at lines 1255--1260
 [] [] [] 
 []


Overfull \hbox (51.04715pt too wide) in alignment at lines 1260--1262
 [] [] [] 
 []


Overfull \hbox (51.04715pt too wide) in alignment at lines 1262--1264
 [] [] [] 
 []


Overfull \hbox (51.04715pt too wide) in alignment at lines 1264--1268
 [] [] [] 
 []

File: mosl_header.png Graphic file (type png)
<use mosl_header.png>
Package pdftex.def Info: mosl_header.png  used on input line 1309.
(pdftex.def)             Requested size: 170.71657pt x 24.3684pt.
[26]
<C:/Users/LukeAustin/OneDrive - Market Operator Services Limited/Luke_Backup/Lu
ke/DataAnalysis/PerformanceMonitoringProject/PfmReports/2020-02/THAMES-W_pfm-re
port_2020-02_files/figure-latex/unnamed-chunk-93-1.pdf, id=371, 867.24pt x 361.
35pt>
File: C:/Users/LukeAustin/OneDrive - Market Operator Services Limited/Luke_Back
up/Luke/DataAnalysis/PerformanceMonitoringProject/PfmReports/2020-02/THAMES-W_p
fm-report_2020-02_files/figure-latex/unnamed-chunk-93-1.pdf Graphic file (type 
pdf)
<use C:/Users/LukeAustin/OneDrive - Market Operator Services Limited/Luke_Backu
p/Luke/DataAnalysis/PerformanceMonitoringProject/PfmReports/2020-02/THAMES-W_pf
m-report_2020-02_files/figure-latex/unnamed-chunk-93-1.pdf>
Package pdftex.def Info: C:/Users/LukeAustin/OneDrive - Market Operator Service
s Limited/Luke_Backup/Luke/DataAnalysis/PerformanceMonitoringProject/PfmReports
/2020-02/THAMES-W_pfm-report_2020-02_files/figure-latex/unnamed-chunk-93-1.pdf 
 used on input line 1324.
(pdftex.def)             Requested size: 469.75827pt x 195.7326pt.
<C:/Users/LukeAustin/OneDrive - Market Operator Services Limited/Luke_Backup/Lu
ke/DataAnalysis/PerformanceMonitoringProject/PfmReports/2020-02/THAMES-W_pfm-re
port_2020-02_files/figure-latex/unnamed-chunk-98-1.pdf, id=372, 867.24pt x 361.
35pt>
File: C:/Users/LukeAustin/OneDrive - Market Operator Services Limited/Luke_Back
up/Luke/DataAnalysis/PerformanceMonitoringProject/PfmReports/2020-02/THAMES-W_p
fm-report_2020-02_files/figure-latex/unnamed-chunk-98-1.pdf Graphic file (type 
pdf)
<use C:/Users/LukeAustin/OneDrive - Market Operator Services Limited/Luke_Backu
p/Luke/DataAnalysis/PerformanceMonitoringProject/PfmReports/2020-02/THAMES-W_pf
m-report_2020-02_files/figure-latex/unnamed-chunk-98-1.pdf>
Package pdftex.def Info: C:/Users/LukeAustin/OneDrive - Market Operator Service
s Limited/Luke_Backup/Luke/DataAnalysis/PerformanceMonitoringProject/PfmReports
/2020-02/THAMES-W_pfm-report_2020-02_files/figure-latex/unnamed-chunk-98-1.pdf 
 used on input line 1359.
(pdftex.def)             Requested size: 469.75827pt x 195.7326pt.
File: mosl_header.png Graphic file (type png)
<use mosl_header.png>
Package pdftex.def Info: mosl_header.png  used on input line 1361.
(pdftex.def)             Requested size: 170.71657pt x 24.3684pt.
[27 <c:/Users/LukeAustin/OneDrive - Market Operator Services Limited/Luke_Backu
p/Luke/DataAnalysis/PerformanceMonitoringProject/PfmReports/2020-02/THAMES-W_pf
m-report_2020-02_files/figure-latex/unnamed-chunk-93-1.pdf>]
<C:/Users/LukeAustin/OneDrive - Market Operator Services Limited/Luke_Backup/Lu
ke/DataAnalysis/PerformanceMonitoringProject/PfmReports/2020-02/THAMES-W_pfm-re
port_2020-02_files/figure-latex/unnamed-chunk-103-1.pdf, id=386, 867.24pt x 361
.35pt>
File: C:/Users/LukeAustin/OneDrive - Market Operator Services Limited/Luke_Back
up/Luke/DataAnalysis/PerformanceMonitoringProject/PfmReports/2020-02/THAMES-W_p
fm-report_2020-02_files/figure-latex/unnamed-chunk-103-1.pdf Graphic file (type
 pdf)
<use C:/Users/LukeAustin/OneDrive - Market Operator Services Limited/Luke_Backu
p/Luke/DataAnalysis/PerformanceMonitoringProject/PfmReports/2020-02/THAMES-W_pf
m-report_2020-02_files/figure-latex/unnamed-chunk-103-1.pdf>
Package pdftex.def Info: C:/Users/LukeAustin/OneDrive - Market Operator Service
s Limited/Luke_Backup/Luke/DataAnalysis/PerformanceMonitoringProject/PfmReports
/2020-02/THAMES-W_pfm-report_2020-02_files/figure-latex/unnamed-chunk-103-1.pdf
  used on input line 1395.
(pdftex.def)             Requested size: 469.75827pt x 195.7326pt.
File: mosl_header.png Graphic file (type png)
<use mosl_header.png>
Package pdftex.def Info: mosl_header.png  used on input line 1402.
(pdftex.def)             Requested size: 170.71657pt x 24.3684pt.
[28 <c:/Users/LukeAustin/OneDrive - Market Operator Services Limited/Luke_Backu
p/Luke/DataAnalysis/PerformanceMonitoringProject/PfmReports/2020-02/THAMES-W_pf
m-report_2020-02_files/figure-latex/unnamed-chunk-98-1.pdf> <c:/Users/LukeAusti
n/OneDrive - Market Operator Services Limited/Luke_Backup/Luke/DataAnalysis/Per
formanceMonitoringProject/PfmReports/2020-02/THAMES-W_pfm-report_2020-02_files/
figure-latex/unnamed-chunk-103-1.pdf>]
<C:/Users/LukeAustin/OneDrive - Market Operator Services Limited/Luke_Backup/Lu
ke/DataAnalysis/PerformanceMonitoringProject/PfmReports/2020-02/THAMES-W_pfm-re
port_2020-02_files/figure-latex/unnamed-chunk-108-1.pdf, id=404, 867.24pt x 361
.35pt>
File: C:/Users/LukeAustin/OneDrive - Market Operator Services Limited/Luke_Back
up/Luke/DataAnalysis/PerformanceMonitoringProject/PfmReports/2020-02/THAMES-W_p
fm-report_2020-02_files/figure-latex/unnamed-chunk-108-1.pdf Graphic file (type
 pdf)
<use C:/Users/LukeAustin/OneDrive - Market Operator Services Limited/Luke_Backu
p/Luke/DataAnalysis/PerformanceMonitoringProject/PfmReports/2020-02/THAMES-W_pf
m-report_2020-02_files/figure-latex/unnamed-chunk-108-1.pdf>
Package pdftex.def Info: C:/Users/LukeAustin/OneDrive - Market Operator Service
s Limited/Luke_Backup/Luke/DataAnalysis/PerformanceMonitoringProject/PfmReports
/2020-02/THAMES-W_pfm-report_2020-02_files/figure-latex/unnamed-chunk-108-1.pdf
  used on input line 1432.
(pdftex.def)             Requested size: 469.75827pt x 195.7326pt.
File: mosl_header.png Graphic file (type png)
<use mosl_header.png>
Package pdftex.def Info: mosl_header.png  used on input line 1464.
(pdftex.def)             Requested size: 170.71657pt x 24.3684pt.
[29 <c:/Users/LukeAustin/OneDrive - Market Operator Services Limited/Luke_Backu
p/Luke/DataAnalysis/PerformanceMonitoringProject/PfmReports/2020-02/THAMES-W_pf
m-report_2020-02_files/figure-latex/unnamed-chunk-108-1.pdf>]
<C:/Users/LukeAustin/OneDrive - Market Operator Services Limited/Luke_Backup/Lu
ke/DataAnalysis/PerformanceMonitoringProject/PfmReports/2020-02/THAMES-W_pfm-re
port_2020-02_files/figure-latex/unnamed-chunk-113-1.pdf, id=417, 867.24pt x 361
.35pt>
File: C:/Users/LukeAustin/OneDrive - Market Operator Services Limited/Luke_Back
up/Luke/DataAnalysis/PerformanceMonitoringProject/PfmReports/2020-02/THAMES-W_p
fm-report_2020-02_files/figure-latex/unnamed-chunk-113-1.pdf Graphic file (type
 pdf)
<use C:/Users/LukeAustin/OneDrive - Market Operator Services Limited/Luke_Backu
p/Luke/DataAnalysis/PerformanceMonitoringProject/PfmReports/2020-02/THAMES-W_pf
m-report_2020-02_files/figure-latex/unnamed-chunk-113-1.pdf>
Package pdftex.def Info: C:/Users/LukeAustin/OneDrive - Market Operator Service
s Limited/Luke_Backup/Luke/DataAnalysis/PerformanceMonitoringProject/PfmReports
/2020-02/THAMES-W_pfm-report_2020-02_files/figure-latex/unnamed-chunk-113-1.pdf
  used on input line 1469.
(pdftex.def)             Requested size: 469.75827pt x 195.7326pt.
<C:/Users/LukeAustin/OneDrive - Market Operator Services Limited/Luke_Backup/Lu
ke/DataAnalysis/PerformanceMonitoringProject/PfmReports/2020-02/THAMES-W_pfm-re
port_2020-02_files/figure-latex/unnamed-chunk-118-1.pdf, id=418, 867.24pt x 361
.35pt>
File: C:/Users/LukeAustin/OneDrive - Market Operator Services Limited/Luke_Back
up/Luke/DataAnalysis/PerformanceMonitoringProject/PfmReports/2020-02/THAMES-W_p
fm-report_2020-02_files/figure-latex/unnamed-chunk-118-1.pdf Graphic file (type
 pdf)
<use C:/Users/LukeAustin/OneDrive - Market Operator Services Limited/Luke_Backu
p/Luke/DataAnalysis/PerformanceMonitoringProject/PfmReports/2020-02/THAMES-W_pf
m-report_2020-02_files/figure-latex/unnamed-chunk-118-1.pdf>
Package pdftex.def Info: C:/Users/LukeAustin/OneDrive - Market Operator Service
s Limited/Luke_Backup/Luke/DataAnalysis/PerformanceMonitoringProject/PfmReports
/2020-02/THAMES-W_pfm-report_2020-02_files/figure-latex/unnamed-chunk-118-1.pdf
  used on input line 1504.
(pdftex.def)             Requested size: 469.75827pt x 195.7326pt.
File: mosl_header.png Graphic file (type png)
<use mosl_header.png>
Package pdftex.def Info: mosl_header.png  used on input line 1506.
(pdftex.def)             Requested size: 170.71657pt x 24.3684pt.
[30 <c:/Users/LukeAustin/OneDrive - Market Operator Services Limited/Luke_Backu
p/Luke/DataAnalysis/PerformanceMonitoringProject/PfmReports/2020-02/THAMES-W_pf
m-report_2020-02_files/figure-latex/unnamed-chunk-113-1.pdf>]
<C:/Users/LukeAustin/OneDrive - Market Operator Services Limited/Luke_Backup/Lu
ke/DataAnalysis/PerformanceMonitoringProject/PfmReports/2020-02/THAMES-W_pfm-re
port_2020-02_files/figure-latex/unnamed-chunk-123-1.pdf, id=431, 867.24pt x 361
.35pt>
File: C:/Users/LukeAustin/OneDrive - Market Operator Services Limited/Luke_Back
up/Luke/DataAnalysis/PerformanceMonitoringProject/PfmReports/2020-02/THAMES-W_p
fm-report_2020-02_files/figure-latex/unnamed-chunk-123-1.pdf Graphic file (type
 pdf)
<use C:/Users/LukeAustin/OneDrive - Market Operator Services Limited/Luke_Backu
p/Luke/DataAnalysis/PerformanceMonitoringProject/PfmReports/2020-02/THAMES-W_pf
m-report_2020-02_files/figure-latex/unnamed-chunk-123-1.pdf>
Package pdftex.def Info: C:/Users/LukeAustin/OneDrive - Market Operator Service
s Limited/Luke_Backup/Luke/DataAnalysis/PerformanceMonitoringProject/PfmReports
/2020-02/THAMES-W_pfm-report_2020-02_files/figure-latex/unnamed-chunk-123-1.pdf
  used on input line 1539.
(pdftex.def)             Requested size: 469.75827pt x 195.7326pt.
File: mosl_header.png Graphic file (type png)
<use mosl_header.png>
Package pdftex.def Info: mosl_header.png  used on input line 1546.
(pdftex.def)             Requested size: 170.71657pt x 24.3684pt.
[31 <c:/Users/LukeAustin/OneDrive - Market Operator Services Limited/Luke_Backu
p/Luke/DataAnalysis/PerformanceMonitoringProject/PfmReports/2020-02/THAMES-W_pf
m-report_2020-02_files/figure-latex/unnamed-chunk-118-1.pdf> <c:/Users/LukeAust
in/OneDrive - Market Operator Services Limited/Luke_Backup/Luke/DataAnalysis/Pe
rformanceMonitoringProject/PfmReports/2020-02/THAMES-W_pfm-report_2020-02_files
/figure-latex/unnamed-chunk-123-1.pdf>]
<C:/Users/LukeAustin/OneDrive - Market Operator Services Limited/Luke_Backup/Lu
ke/DataAnalysis/PerformanceMonitoringProject/PfmReports/2020-02/THAMES-W_pfm-re
port_2020-02_files/figure-latex/unnamed-chunk-128-1.pdf, id=449, 867.24pt x 361
.35pt>
File: C:/Users/LukeAustin/OneDrive - Market Operator Services Limited/Luke_Back
up/Luke/DataAnalysis/PerformanceMonitoringProject/PfmReports/2020-02/THAMES-W_p
fm-report_2020-02_files/figure-latex/unnamed-chunk-128-1.pdf Graphic file (type
 pdf)
<use C:/Users/LukeAustin/OneDrive - Market Operator Services Limited/Luke_Backu
p/Luke/DataAnalysis/PerformanceMonitoringProject/PfmReports/2020-02/THAMES-W_pf
m-report_2020-02_files/figure-latex/unnamed-chunk-128-1.pdf>
Package pdftex.def Info: C:/Users/LukeAustin/OneDrive - Market Operator Service
s Limited/Luke_Backup/Luke/DataAnalysis/PerformanceMonitoringProject/PfmReports
/2020-02/THAMES-W_pfm-report_2020-02_files/figure-latex/unnamed-chunk-128-1.pdf
  used on input line 1574.
(pdftex.def)             Requested size: 469.75827pt x 195.7326pt.
File: mosl_header.png Graphic file (type png)
<use mosl_header.png>
Package pdftex.def Info: mosl_header.png  used on input line 1602.
(pdftex.def)             Requested size: 170.71657pt x 24.3684pt.
[32 <c:/Users/LukeAustin/OneDrive - Market Operator Services Limited/Luke_Backu
p/Luke/DataAnalysis/PerformanceMonitoringProject/PfmReports/2020-02/THAMES-W_pf
m-report_2020-02_files/figure-latex/unnamed-chunk-128-1.pdf>]
<C:/Users/LukeAustin/OneDrive - Market Operator Services Limited/Luke_Backup/Lu
ke/DataAnalysis/PerformanceMonitoringProject/PfmReports/2020-02/THAMES-W_pfm-re
port_2020-02_files/figure-latex/unnamed-chunk-133-1.pdf, id=462, 867.24pt x 361
.35pt>
File: C:/Users/LukeAustin/OneDrive - Market Operator Services Limited/Luke_Back
up/Luke/DataAnalysis/PerformanceMonitoringProject/PfmReports/2020-02/THAMES-W_p
fm-report_2020-02_files/figure-latex/unnamed-chunk-133-1.pdf Graphic file (type
 pdf)
<use C:/Users/LukeAustin/OneDrive - Market Operator Services Limited/Luke_Backu
p/Luke/DataAnalysis/PerformanceMonitoringProject/PfmReports/2020-02/THAMES-W_pf
m-report_2020-02_files/figure-latex/unnamed-chunk-133-1.pdf>
Package pdftex.def Info: C:/Users/LukeAustin/OneDrive - Market Operator Service
s Limited/Luke_Backup/Luke/DataAnalysis/PerformanceMonitoringProject/PfmReports
/2020-02/THAMES-W_pfm-report_2020-02_files/figure-latex/unnamed-chunk-133-1.pdf
  used on input line 1607.
(pdftex.def)             Requested size: 469.75827pt x 195.7326pt.
<C:/Users/LukeAustin/OneDrive - Market Operator Services Limited/Luke_Backup/Lu
ke/DataAnalysis/PerformanceMonitoringProject/PfmReports/2020-02/THAMES-W_pfm-re
port_2020-02_files/figure-latex/unnamed-chunk-138-1.pdf, id=463, 867.24pt x 361
.35pt>
File: C:/Users/LukeAustin/OneDrive - Market Operator Services Limited/Luke_Back
up/Luke/DataAnalysis/PerformanceMonitoringProject/PfmReports/2020-02/THAMES-W_p
fm-report_2020-02_files/figure-latex/unnamed-chunk-138-1.pdf Graphic file (type
 pdf)
<use C:/Users/LukeAustin/OneDrive - Market Operator Services Limited/Luke_Backu
p/Luke/DataAnalysis/PerformanceMonitoringProject/PfmReports/2020-02/THAMES-W_pf
m-report_2020-02_files/figure-latex/unnamed-chunk-138-1.pdf>
Package pdftex.def Info: C:/Users/LukeAustin/OneDrive - Market Operator Service
s Limited/Luke_Backup/Luke/DataAnalysis/PerformanceMonitoringProject/PfmReports
/2020-02/THAMES-W_pfm-report_2020-02_files/figure-latex/unnamed-chunk-138-1.pdf
  used on input line 1642.
(pdftex.def)             Requested size: 469.75827pt x 195.7326pt.
File: mosl_header.png Graphic file (type png)
<use mosl_header.png>
Package pdftex.def Info: mosl_header.png  used on input line 1644.
(pdftex.def)             Requested size: 170.71657pt x 24.3684pt.
[33 <c:/Users/LukeAustin/OneDrive - Market Operator Services Limited/Luke_Backu
p/Luke/DataAnalysis/PerformanceMonitoringProject/PfmReports/2020-02/THAMES-W_pf
m-report_2020-02_files/figure-latex/unnamed-chunk-133-1.pdf>]
<C:/Users/LukeAustin/OneDrive - Market Operator Services Limited/Luke_Backup/Lu
ke/DataAnalysis/PerformanceMonitoringProject/PfmReports/2020-02/THAMES-W_pfm-re
port_2020-02_files/figure-latex/unnamed-chunk-143-1.pdf, id=476, 867.24pt x 361
.35pt>
File: C:/Users/LukeAustin/OneDrive - Market Operator Services Limited/Luke_Back
up/Luke/DataAnalysis/PerformanceMonitoringProject/PfmReports/2020-02/THAMES-W_p
fm-report_2020-02_files/figure-latex/unnamed-chunk-143-1.pdf Graphic file (type
 pdf)
<use C:/Users/LukeAustin/OneDrive - Market Operator Services Limited/Luke_Backu
p/Luke/DataAnalysis/PerformanceMonitoringProject/PfmReports/2020-02/THAMES-W_pf
m-report_2020-02_files/figure-latex/unnamed-chunk-143-1.pdf>
Package pdftex.def Info: C:/Users/LukeAustin/OneDrive - Market Operator Service
s Limited/Luke_Backup/Luke/DataAnalysis/PerformanceMonitoringProject/PfmReports
/2020-02/THAMES-W_pfm-report_2020-02_files/figure-latex/unnamed-chunk-143-1.pdf
  used on input line 1678.
(pdftex.def)             Requested size: 469.75827pt x 195.7326pt.
File: mosl_header.png Graphic file (type png)
<use mosl_header.png>
Package pdftex.def Info: mosl_header.png  used on input line 1680.
(pdftex.def)             Requested size: 170.71657pt x 24.3684pt.
[34 <c:/Users/LukeAustin/OneDrive - Market Operator Services Limited/Luke_Backu
p/Luke/DataAnalysis/PerformanceMonitoringProject/PfmReports/2020-02/THAMES-W_pf
m-report_2020-02_files/figure-latex/unnamed-chunk-138-1.pdf>]
<C:/Users/LukeAustin/OneDrive - Market Operator Services Limited/Luke_Backup/Lu
ke/DataAnalysis/PerformanceMonitoringProject/PfmReports/2020-02/THAMES-W_pfm-re
port_2020-02_files/figure-latex/unnamed-chunk-148-1.pdf, id=488, 867.24pt x 361
.35pt>
File: C:/Users/LukeAustin/OneDrive - Market Operator Services Limited/Luke_Back
up/Luke/DataAnalysis/PerformanceMonitoringProject/PfmReports/2020-02/THAMES-W_p
fm-report_2020-02_files/figure-latex/unnamed-chunk-148-1.pdf Graphic file (type
 pdf)
<use C:/Users/LukeAustin/OneDrive - Market Operator Services Limited/Luke_Backu
p/Luke/DataAnalysis/PerformanceMonitoringProject/PfmReports/2020-02/THAMES-W_pf
m-report_2020-02_files/figure-latex/unnamed-chunk-148-1.pdf>
Package pdftex.def Info: C:/Users/LukeAustin/OneDrive - Market Operator Service
s Limited/Luke_Backup/Luke/DataAnalysis/PerformanceMonitoringProject/PfmReports
/2020-02/THAMES-W_pfm-report_2020-02_files/figure-latex/unnamed-chunk-148-1.pdf
  used on input line 1714.
(pdftex.def)             Requested size: 469.75827pt x 195.7326pt.
File: mosl_header.png Graphic file (type png)
<use mosl_header.png>
Package pdftex.def Info: mosl_header.png  used on input line 1716.
(pdftex.def)             Requested size: 170.71657pt x 24.3684pt.
[35 <c:/Users/LukeAustin/OneDrive - Market Operator Services Limited/Luke_Backu
p/Luke/DataAnalysis/PerformanceMonitoringProject/PfmReports/2020-02/THAMES-W_pf
m-report_2020-02_files/figure-latex/unnamed-chunk-143-1.pdf>]
<C:/Users/LukeAustin/OneDrive - Market Operator Services Limited/Luke_Backup/Lu
ke/DataAnalysis/PerformanceMonitoringProject/PfmReports/2020-02/THAMES-W_pfm-re
port_2020-02_files/figure-latex/unnamed-chunk-153-1.pdf, id=500, 867.24pt x 361
.35pt>
File: C:/Users/LukeAustin/OneDrive - Market Operator Services Limited/Luke_Back
up/Luke/DataAnalysis/PerformanceMonitoringProject/PfmReports/2020-02/THAMES-W_p
fm-report_2020-02_files/figure-latex/unnamed-chunk-153-1.pdf Graphic file (type
 pdf)
<use C:/Users/LukeAustin/OneDrive - Market Operator Services Limited/Luke_Backu
p/Luke/DataAnalysis/PerformanceMonitoringProject/PfmReports/2020-02/THAMES-W_pf
m-report_2020-02_files/figure-latex/unnamed-chunk-153-1.pdf>
Package pdftex.def Info: C:/Users/LukeAustin/OneDrive - Market Operator Service
s Limited/Luke_Backup/Luke/DataAnalysis/PerformanceMonitoringProject/PfmReports
/2020-02/THAMES-W_pfm-report_2020-02_files/figure-latex/unnamed-chunk-153-1.pdf
  used on input line 1750.
(pdftex.def)             Requested size: 469.75827pt x 195.7326pt.
File: mosl_header.png Graphic file (type png)
<use mosl_header.png>
Package pdftex.def Info: mosl_header.png  used on input line 1752.
(pdftex.def)             Requested size: 170.71657pt x 24.3684pt.
[36 <c:/Users/LukeAustin/OneDrive - Market Operator Services Limited/Luke_Backu
p/Luke/DataAnalysis/PerformanceMonitoringProject/PfmReports/2020-02/THAMES-W_pf
m-report_2020-02_files/figure-latex/unnamed-chunk-148-1.pdf>]
File: mosl_header.png Graphic file (type png)
<use mosl_header.png>
Package pdftex.def Info: mosl_header.png  used on input line 1811.
(pdftex.def)             Requested size: 170.71657pt x 24.3684pt.
[37 <c:/Users/LukeAustin/OneDrive - Market Operator Services Limited/Luke_Backu
p/Luke/DataAnalysis/PerformanceMonitoringProject/PfmReports/2020-02/THAMES-W_pf
m-report_2020-02_files/figure-latex/unnamed-chunk-153-1.pdf>]
File: mosl_header.png Graphic file (type png)
<use mosl_header.png>
Package pdftex.def Info: mosl_header.png  used on input line 1846.
(pdftex.def)             Requested size: 170.71657pt x 24.3684pt.
[38pdfTeX warning (ext4): destination with the same identifier (name{table.21})
 has been already used, duplicate ignored

\AtBegShi@Output ...ipout \box \AtBeginShipoutBox 
                                                  \fi \fi 
l.1846 
       ]
File: mosl_header.png Graphic file (type png)
<use mosl_header.png>
Package pdftex.def Info: mosl_header.png  used on input line 1916.
(pdftex.def)             Requested size: 170.71657pt x 24.3684pt.
[39pdfTeX warning (ext4): destination with the same identifier (name{table.22})
 has been already used, duplicate ignored

\AtBegShi@Output ...ipout \box \AtBeginShipoutBox 
                                                  \fi \fi 
l.1916 
       pdfTeX warning (ext4): destination with the same identifier (name{table.
23}) has been already used, duplicate ignored

\AtBegShi@Output ...ipout \box \AtBeginShipoutBox 
                                                  \fi \fi 
l.1916 
       ]
File: mosl_header.png Graphic file (type png)
<use mosl_header.png>
Package pdftex.def Info: mosl_header.png  used on input line 1986.
(pdftex.def)             Requested size: 170.71657pt x 24.3684pt.
[40pdfTeX warning (ext4): destination with the same identifier (name{table.24})
 has been already used, duplicate ignored

\AtBegShi@Output ...ipout \box \AtBeginShipoutBox 
                                                  \fi \fi 
l.1986 
       pdfTeX warning (ext4): destination with the same identifier (name{table.
25}) has been already used, duplicate ignored

\AtBegShi@Output ...ipout \box \AtBeginShipoutBox 
                                                  \fi \fi 
l.1986 
       ]
File: mosl_header.png Graphic file (type png)
<use mosl_header.png>
Package pdftex.def Info: mosl_header.png  used on input line 1987.
(pdftex.def)             Requested size: 170.71657pt x 24.3684pt.
[41pdfTeX warning (ext4): destination with the same identifier (name{table.26})
 has been already used, duplicate ignored

\AtBegShi@Output ...ipout \box \AtBeginShipoutBox 
                                                  \fi \fi 
l.1987 \newpage
               ]
File: mosl_header.png Graphic file (type png)
<use mosl_header.png>
Package pdftex.def Info: mosl_header.png  used on input line 2057.
(pdftex.def)             Requested size: 170.71657pt x 24.3684pt.
[42]
Package atveryend Info: Empty hook `BeforeClearDocument' on input line 2070.
File: mosl_header.png Graphic file (type png)
<use mosl_header.png>
Package pdftex.def Info: mosl_header.png  used on input line 2070.
(pdftex.def)             Requested size: 170.71657pt x 24.3684pt.
[43]
Package atveryend Info: Empty hook `AfterLastShipout' on input line 2070.
(./THAMES-W_pfm-report_2020-02.aux)
Package atveryend Info: Executing hook `AtVeryEndDocument' on input line 2070.
Package atveryend Info: Empty hook `AtEndAfterFileList' on input line 2070.

LaTeX Warning: There were multiply-defined labels.

Package atveryend Info: Empty hook `AtVeryVeryEnd' on input line 2070.
 ) 
Here is how much of TeX's memory you used:
 11954 strings out of 494553
 203405 string characters out of 6175636
 311812 words of memory out of 5000000
 15280 multiletter control sequences out of 15000+600000
 64655 words of font info for 63 fonts, out of 8000000 for 9000
 14 hyphenation exceptions out of 8191
 34i,16n,43p,805b,465s stack positions out of 5000i,500n,10000p,200000b,80000s
{c:/Users/LukeAustin/AppData/Roaming/TinyTeX/texmf-dist/fonts/enc/dvips/lm/lm
-ts1.enc}{c:/Users/LukeAustin/AppData/Roaming/TinyTeX/texmf-dist/fonts/enc/dvip
s/lm/lm-ec.enc}<c:/Users/LukeAustin/AppData/Roaming/TinyTeX/texmf-dist/fonts/ty
pe1/public/lm/lmbx10.pfb><c:/Users/LukeAustin/AppData/Roaming/TinyTeX/texmf-dis
t/fonts/type1/public/lm/lmbx12.pfb><c:/Users/LukeAustin/AppData/Roaming/TinyTeX
/texmf-dist/fonts/type1/public/lm/lmr10.pfb><c:/Users/LukeAustin/AppData/Roamin
g/TinyTeX/texmf-dist/fonts/type1/public/lm/lmr12.pfb><c:/Users/LukeAustin/AppDa
ta/Roaming/TinyTeX/texmf-dist/fonts/type1/public/lm/lmr17.pfb>
Output written on THAMES-W_pfm-report_2020-02.pdf (43 pages, 513600 bytes).
PDF statistics:
 659 PDF objects out of 1000 (max. 8388607)
 528 compressed objects within 6 object streams
 155 named destinations out of 1000 (max. 500000)
 295 words of extra memory for PDF output out of 10000 (max. 10000000)

